Loading plugins phase: Elapsed time ==> 6s.306ms
<CYPRESSTAG name="CyDsfit arguments...">
cydsfit arguments: -.fdsnotice -.fdswarpdepfile=warp_dependencies.txt -.fdselabdepfile=elab_dependencies.txt -.fdsbldfile=generated_files.txt -.fdsreffile=referenced_files.txt -p C:\Users\AntonioFrancisco\Desktop\TFG Bluetooth Low Energy\TFG PSoC\TFG_BluetoothLowEnergy\BluetoothLowEnergy\TFG_BluetoothLowEnergy.cydsn\TFG_BluetoothLowEnergy.cyprj -d CY8C4248LQI-BL583 -s C:\Users\AntonioFrancisco\Desktop\TFG Bluetooth Low Energy\TFG PSoC\TFG_BluetoothLowEnergy\BluetoothLowEnergy\TFG_BluetoothLowEnergy.cydsn\Generated_Source\PSoC4 -- -yv2 -q10 -ygs -o2 -v3 -.fftcfgtype=LE
</CYPRESSTAG>
<CYPRESSTAG name="Design elaboration results...">
</CYPRESSTAG>
Elaboration phase: Elapsed time ==> 34s.343ms
<CYPRESSTAG name="HDL generation results...">
</CYPRESSTAG>
HDL generation phase: Elapsed time ==> 0s.234ms
<CYPRESSTAG name="Synthesis results...">

     | | | | | | |
   _________________
  -|               |-
  -|               |-
  -|               |-
  -|    CYPRESS    |-
  -|               |-
  -|               |-   Warp Verilog Synthesis Compiler: Version 6.3 IR 41
  -|               |-   Copyright (C) 1991-2001 Cypress Semiconductor
   |_______________|
     | | | | | | |

======================================================================
Compiling:  TFG_BluetoothLowEnergy.v
Program  :   C:\Program Files (x86)\Cypress\PSoC Creator\4.2\PSoC Creator\warp\bin\warp.exe
Options  :    -yv2 -q10 -ygs -o2 -v3 -.fftcfgtype=LE -ya -.fftprj=C:\Users\AntonioFrancisco\Desktop\TFG Bluetooth Low Energy\TFG PSoC\TFG_BluetoothLowEnergy\BluetoothLowEnergy\TFG_BluetoothLowEnergy.cydsn\TFG_BluetoothLowEnergy.cyprj -dcpsoc3 TFG_BluetoothLowEnergy.v -verilog
======================================================================

======================================================================
Compiling:  TFG_BluetoothLowEnergy.v
Program  :   C:\Program Files (x86)\Cypress\PSoC Creator\4.2\PSoC Creator\warp\bin\warp.exe
Options  :    -yv2 -q10 -ygs -o2 -v3 -.fftcfgtype=LE -ya -.fftprj=C:\Users\AntonioFrancisco\Desktop\TFG Bluetooth Low Energy\TFG PSoC\TFG_BluetoothLowEnergy\BluetoothLowEnergy\TFG_BluetoothLowEnergy.cydsn\TFG_BluetoothLowEnergy.cyprj -dcpsoc3 TFG_BluetoothLowEnergy.v -verilog
======================================================================

======================================================================
Compiling:  TFG_BluetoothLowEnergy.v
Program  :   vlogfe
Options  :    -yv2 -q10 -ygs -o2 -v3 -.fftcfgtype=LE -ya -.fftprj=C:\Users\AntonioFrancisco\Desktop\TFG Bluetooth Low Energy\TFG PSoC\TFG_BluetoothLowEnergy\BluetoothLowEnergy\TFG_BluetoothLowEnergy.cydsn\TFG_BluetoothLowEnergy.cyprj -dcpsoc3 -verilog TFG_BluetoothLowEnergy.v
======================================================================

vlogfe V6.3 IR 41:  Verilog parser
Sat Mar 07 13:29:50 2020


======================================================================
Compiling:  TFG_BluetoothLowEnergy.v
Program  :   vpp
Options  :    -yv2 -q10 TFG_BluetoothLowEnergy.v
======================================================================

vpp V6.3 IR 41:  Verilog Pre-Processor
Sat Mar 07 13:29:50 2020

Flattening file 'C:\Program Files (x86)\Cypress\PSoC Creator\4.2\PSoC Creator\psoc\content\CyPrimitives\cyprimitives.cylib\OneTerminal\OneTerminal.v'
Flattening file 'C:\Program Files (x86)\Cypress\PSoC Creator\4.2\PSoC Creator\psoc\content\CyPrimitives\cyprimitives.cylib\ZeroTerminal\ZeroTerminal.v'
Flattening file 'C:\Program Files (x86)\Cypress\PSoC Creator\4.2\PSoC Creator\psoc\content\CyPrimitives\cyprimitives.cylib\or_v1_0\or_v1_0.v'
Flattening file 'C:\Program Files (x86)\Cypress\PSoC Creator\4.2\PSoC Creator\psoc\content\CyPrimitives\cyprimitives.cylib\cy_virtualmux_v1_0\cy_virtualmux_v1_0.v'
Flattening file 'C:\Program Files (x86)\Cypress\PSoC Creator\4.2\PSoC Creator\psoc\content\CyPrimitives\cyprimitives.cylib\cy_constant_v1_0\cy_constant_v1_0.v'

vpp:  No errors.

Library 'work' => directory 'lcpsoc3'
General_symbol_table
General_symbol_table
Linking 'C:\Program Files (x86)\Cypress\PSoC Creator\4.2\PSoC Creator\warp\lib\common\std.vhd'.
Linking 'C:\Program Files (x86)\Cypress\PSoC Creator\4.2\PSoC Creator\warp\lib\common\cypress.vhd'.
Linking 'C:\Program Files (x86)\Cypress\PSoC Creator\4.2\PSoC Creator\warp\lib\common\work\cypress.vif'.
Linking 'C:\Program Files (x86)\Cypress\PSoC Creator\4.2\PSoC Creator\warp\lib\ieee\work\stdlogic.vif'.
Linking 'C:\Program Files (x86)\Cypress\PSoC Creator\4.2\PSoC Creator\warp\lib\common\stdlogic\lpmpkg.vif'.
Linking 'C:\Program Files (x86)\Cypress\PSoC Creator\4.2\PSoC Creator\warp\lib\common\stdlogic\rtlpkg.vif'.
Linking 'C:\Program Files (x86)\Cypress\PSoC Creator\4.2\PSoC Creator\warp\lib\common\stdlogic\mod_cnst.vif'.
Linking 'C:\Program Files (x86)\Cypress\PSoC Creator\4.2\PSoC Creator\warp\lib\common\stdlogic\mod_mthv.vif'.
Linking 'C:\Program Files (x86)\Cypress\PSoC Creator\4.2\PSoC Creator\warp\lib\common\stdlogic\mod_genv.vif'.
Using control file 'TFG_BluetoothLowEnergy.ctl'.

vlogfe:  No errors.


======================================================================
Compiling:  TFG_BluetoothLowEnergy.v
Program  :   tovif
Options  :    -yv2 -q10 -ygs -o2 -v3 -.fftcfgtype=LE -ya -.fftprj=C:\Users\AntonioFrancisco\Desktop\TFG Bluetooth Low Energy\TFG PSoC\TFG_BluetoothLowEnergy\BluetoothLowEnergy\TFG_BluetoothLowEnergy.cydsn\TFG_BluetoothLowEnergy.cyprj -dcpsoc3 -verilog TFG_BluetoothLowEnergy.v
======================================================================

tovif V6.3 IR 41:  High-level synthesis
Sat Mar 07 13:29:50 2020

Linking 'C:\Program Files (x86)\Cypress\PSoC Creator\4.2\PSoC Creator\warp\lib\common\std.vhd'.
Linking 'C:\Program Files (x86)\Cypress\PSoC Creator\4.2\PSoC Creator\warp\lib\common\cypress.vhd'.
Linking 'C:\Program Files (x86)\Cypress\PSoC Creator\4.2\PSoC Creator\warp\lib\common\work\cypress.vif'.
Linking 'C:\Program Files (x86)\Cypress\PSoC Creator\4.2\PSoC Creator\warp\lib\ieee\work\stdlogic.vif'.
Linking 'C:\Program Files (x86)\Cypress\PSoC Creator\4.2\PSoC Creator\warp\lib\common\stdlogic\lpmpkg.vif'.
Linking 'C:\Program Files (x86)\Cypress\PSoC Creator\4.2\PSoC Creator\warp\lib\common\stdlogic\rtlpkg.vif'.
Linking 'C:\Program Files (x86)\Cypress\PSoC Creator\4.2\PSoC Creator\warp\lib\common\stdlogic\mod_cnst.vif'.
Linking 'C:\Program Files (x86)\Cypress\PSoC Creator\4.2\PSoC Creator\warp\lib\common\stdlogic\mod_mthv.vif'.
Linking 'C:\Program Files (x86)\Cypress\PSoC Creator\4.2\PSoC Creator\warp\lib\common\stdlogic\mod_genv.vif'.
Linking 'C:\Users\AntonioFrancisco\Desktop\TFG Bluetooth Low Energy\TFG PSoC\TFG_BluetoothLowEnergy\BluetoothLowEnergy\TFG_BluetoothLowEnergy.cydsn\codegentemp\TFG_BluetoothLowEnergy.ctl'.
Linking 'C:\Program Files (x86)\Cypress\PSoC Creator\4.2\PSoC Creator\psoc\content\CyPrimitives\cyprimitives.cylib\OneTerminal\OneTerminal.v'.
Linking 'C:\Users\AntonioFrancisco\Desktop\TFG Bluetooth Low Energy\TFG PSoC\TFG_BluetoothLowEnergy\BluetoothLowEnergy\TFG_BluetoothLowEnergy.cydsn\codegentemp\TFG_BluetoothLowEnergy.v'.
Linking 'C:\Program Files (x86)\Cypress\PSoC Creator\4.2\PSoC Creator\psoc\content\CyPrimitives\cyprimitives.cylib\ZeroTerminal\ZeroTerminal.v'.
Linking 'C:\Program Files (x86)\Cypress\PSoC Creator\4.2\PSoC Creator\psoc\content\CyPrimitives\cyprimitives.cylib\or_v1_0\or_v1_0.v'.
Linking 'C:\Program Files (x86)\Cypress\PSoC Creator\4.2\PSoC Creator\psoc\content\CyPrimitives\cyprimitives.cylib\cy_virtualmux_v1_0\cy_virtualmux_v1_0.v'.
Linking 'C:\Program Files (x86)\Cypress\PSoC Creator\4.2\PSoC Creator\psoc\content\CyPrimitives\cyprimitives.cylib\cy_constant_v1_0\cy_constant_v1_0.v'.

tovif:  No errors.


======================================================================
Compiling:  TFG_BluetoothLowEnergy.v
Program  :   topld
Options  :    -yv2 -q10 -ygs -o2 -v3 -.fftcfgtype=LE -ya -.fftprj=C:\Users\AntonioFrancisco\Desktop\TFG Bluetooth Low Energy\TFG PSoC\TFG_BluetoothLowEnergy\BluetoothLowEnergy\TFG_BluetoothLowEnergy.cydsn\TFG_BluetoothLowEnergy.cyprj -dcpsoc3 -verilog TFG_BluetoothLowEnergy.v
======================================================================

topld V6.3 IR 41:  Synthesis and optimization
Sat Mar 07 13:29:50 2020

Linking 'C:\Program Files (x86)\Cypress\PSoC Creator\4.2\PSoC Creator\warp\lib\common\std.vhd'.
Linking 'C:\Program Files (x86)\Cypress\PSoC Creator\4.2\PSoC Creator\warp\lib\common\cypress.vhd'.
Linking 'C:\Program Files (x86)\Cypress\PSoC Creator\4.2\PSoC Creator\warp\lib\common\work\cypress.vif'.
Linking 'C:\Program Files (x86)\Cypress\PSoC Creator\4.2\PSoC Creator\warp\lib\ieee\work\stdlogic.vif'.
Linking 'C:\Program Files (x86)\Cypress\PSoC Creator\4.2\PSoC Creator\warp\lib\common\stdlogic\lpmpkg.vif'.
Linking 'C:\Program Files (x86)\Cypress\PSoC Creator\4.2\PSoC Creator\warp\lib\common\stdlogic\rtlpkg.vif'.
Linking 'C:\Program Files (x86)\Cypress\PSoC Creator\4.2\PSoC Creator\warp\lib\common\stdlogic\mod_cnst.vif'.
Linking 'C:\Program Files (x86)\Cypress\PSoC Creator\4.2\PSoC Creator\warp\lib\common\stdlogic\mod_mthv.vif'.
Linking 'C:\Program Files (x86)\Cypress\PSoC Creator\4.2\PSoC Creator\warp\lib\common\stdlogic\mod_genv.vif'.
Linking 'C:\Users\AntonioFrancisco\Desktop\TFG Bluetooth Low Energy\TFG PSoC\TFG_BluetoothLowEnergy\BluetoothLowEnergy\TFG_BluetoothLowEnergy.cydsn\codegentemp\TFG_BluetoothLowEnergy.ctl'.
Linking 'C:\Program Files (x86)\Cypress\PSoC Creator\4.2\PSoC Creator\psoc\content\CyPrimitives\cyprimitives.cylib\OneTerminal\OneTerminal.v'.
Linking 'C:\Users\AntonioFrancisco\Desktop\TFG Bluetooth Low Energy\TFG PSoC\TFG_BluetoothLowEnergy\BluetoothLowEnergy\TFG_BluetoothLowEnergy.cydsn\codegentemp\TFG_BluetoothLowEnergy.v'.
Linking 'C:\Program Files (x86)\Cypress\PSoC Creator\4.2\PSoC Creator\psoc\content\CyPrimitives\cyprimitives.cylib\ZeroTerminal\ZeroTerminal.v'.
Linking 'C:\Program Files (x86)\Cypress\PSoC Creator\4.2\PSoC Creator\psoc\content\CyPrimitives\cyprimitives.cylib\or_v1_0\or_v1_0.v'.
Linking 'C:\Program Files (x86)\Cypress\PSoC Creator\4.2\PSoC Creator\psoc\content\CyPrimitives\cyprimitives.cylib\cy_virtualmux_v1_0\cy_virtualmux_v1_0.v'.
Linking 'C:\Program Files (x86)\Cypress\PSoC Creator\4.2\PSoC Creator\psoc\content\CyPrimitives\cyprimitives.cylib\cy_constant_v1_0\cy_constant_v1_0.v'.
Linking 'C:\Program Files (x86)\Cypress\PSoC Creator\4.2\PSoC Creator\warp\lib\lcpsoc3\stdlogic\cpsoc3.vif'.

----------------------------------------------------------
Detecting unused logic.
----------------------------------------------------------
    User names
	\CapSense:Net_545\
	\CapSense:Net_544\
	\I2C:Net_1257\
	\I2C:uncfg_rx_irq\
	\I2C:Net_1099\
	\I2C:Net_1258\
	Net_27
	Net_36
	Net_37
	Net_38
	Net_39
	Net_40
	Net_41
	Net_42
	Net_44
	Net_47
	Net_49
	\BLE:Net_55\


Deleted 18 User equations/components.
Deleted 0 Synthesized equations/components.

------------------------------------------------------
Alias Detection
------------------------------------------------------
Aliasing \CapSense:Net_312\ to \CapSense:Net_104\
Aliasing zero to \CapSense:Net_104\
Aliasing one to \CapSense:tmpOE__Cmod_net_0\
Aliasing \CapSense:tmpOE__Sns_net_0\ to \CapSense:tmpOE__Cmod_net_0\
Aliasing \CapSense:IDAC1:Net_3\ to \CapSense:tmpOE__Cmod_net_0\
Aliasing \I2C:select_s_wire\ to \CapSense:Net_104\
Aliasing \I2C:rx_wire\ to \CapSense:Net_104\
Aliasing \I2C:sclk_s_wire\ to \CapSense:Net_104\
Aliasing \I2C:mosi_s_wire\ to \CapSense:Net_104\
Aliasing \I2C:miso_m_wire\ to \CapSense:Net_104\
Aliasing \I2C:tmpOE__sda_net_0\ to \CapSense:tmpOE__Cmod_net_0\
Aliasing \I2C:tmpOE__scl_net_0\ to \CapSense:tmpOE__Cmod_net_0\
Aliasing \I2C:cts_wire\ to \CapSense:Net_104\
Aliasing tmpOE__DHT_net_0 to \CapSense:tmpOE__Cmod_net_0\
Removing Lhs of wire \CapSense:Net_312\[12] = \CapSense:Net_104\[8]
Removing Rhs of wire zero[16] = \CapSense:Net_104\[8]
Removing Rhs of wire one[20] = \CapSense:tmpOE__Cmod_net_0\[15]
Removing Lhs of wire \CapSense:tmpOE__Sns_net_0\[24] = one[20]
Removing Lhs of wire \CapSense:IDAC1:Net_3\[30] = one[20]
Removing Lhs of wire \I2C:select_s_wire\[36] = zero[16]
Removing Lhs of wire \I2C:rx_wire\[37] = zero[16]
Removing Lhs of wire \I2C:Net_1170\[40] = \I2C:Net_847\[35]
Removing Lhs of wire \I2C:sclk_s_wire\[41] = zero[16]
Removing Lhs of wire \I2C:mosi_s_wire\[42] = zero[16]
Removing Lhs of wire \I2C:miso_m_wire\[43] = zero[16]
Removing Lhs of wire \I2C:tmpOE__sda_net_0\[45] = one[20]
Removing Lhs of wire \I2C:tmpOE__scl_net_0\[51] = one[20]
Removing Lhs of wire \I2C:cts_wire\[60] = zero[16]
Removing Lhs of wire tmpOE__DHT_net_0[93] = one[20]

------------------------------------------------------
Aliased 0 equations, 15 wires.
------------------------------------------------------

----------------------------------------------------------
Circuit simplification
----------------------------------------------------------

Substituting virtuals - pass 1:


----------------------------------------------------------
Circuit simplification results:

	Expanded 0 signals.
	Turned 0 signals into soft nodes.
	Maximum default expansion cost was set at 3.
----------------------------------------------------------

topld:  No errors.

CYPRESS_DIR    : C:\Program Files (x86)\Cypress\PSoC Creator\4.2\PSoC Creator\warp
Warp Program   : C:\Program Files (x86)\Cypress\PSoC Creator\4.2\PSoC Creator\warp\bin\warp.exe
Warp Arguments : -yv2 -q10 -ygs -o2 -v3 -.fftcfgtype=LE -ya "-.fftprj=C:\Users\AntonioFrancisco\Desktop\TFG Bluetooth Low Energy\TFG PSoC\TFG_BluetoothLowEnergy\BluetoothLowEnergy\TFG_BluetoothLowEnergy.cydsn\TFG_BluetoothLowEnergy.cyprj" -dcpsoc3 TFG_BluetoothLowEnergy.v -verilog
</CYPRESSTAG>
Warp synthesis phase: Elapsed time ==> 0s.438ms
<CYPRESSTAG name="Fitter results...">
<CYPRESSTAG name="Fitter startup details...">
cyp3fit: V4.2.0.641, Family: PSoC3, Started at: Saturday, 07 March 2020 13:29:51
Options: -yv2 -q10 -ygs -o2 -v3 -.fftcfgtype=LE -ya -.fftprj=C:\Users\AntonioFrancisco\Desktop\TFG Bluetooth Low Energy\TFG PSoC\TFG_BluetoothLowEnergy\BluetoothLowEnergy\TFG_BluetoothLowEnergy.cydsn\TFG_BluetoothLowEnergy.cyprj -d CY8C4248LQI-BL583 TFG_BluetoothLowEnergy.v -verilog
</CYPRESSTAG>
<CYPRESSTAG name="Design parsing">
Design parsing phase: Elapsed time ==> 0s.072ms
</CYPRESSTAG>
<CYPRESSTAG name="Tech Mapping">
<CYPRESSTAG name="Initial Mapping" icon="FILE_RPT_TECHM">
Assigning clock BLE_LFCLK to clock LFClk because it is a pass-through
<CYPRESSTAG name="Global Clock Selection" icon="FILE_RPT_TECHM">
    Fixed Function Clock 5: Automatic-assigning  clock 'CapSense_SampleClk'. Signal=\CapSense:Net_420_ff5\
    Fixed Function Clock 4: Automatic-assigning  clock 'CapSense_SenseClk'. Signal=\CapSense:Net_429_ff4\
    Fixed Function Clock 1: Automatic-assigning  clock 'I2C_SCBCLK'. Signal=\I2C:Net_847_ff1\
<CYPRESSTAG name="UDB Clock/Enable Remapping Results">
</CYPRESSTAG>
</CYPRESSTAG>
ADD: pft.M0040: information: The following 1 pin(s) will be assigned a location by the fitter: \CapSense:Cmod(0)\


Removing unused cells resulting from optimization
Done removing unused cells.
<CYPRESSTAG name="Duplicate Macrocell detection">
</CYPRESSTAG>
</CYPRESSTAG>
<CYPRESSTAG name="Duplicate Macrocell detection">
</CYPRESSTAG>
<CYPRESSTAG name="Design Equations" icon="FILE_RPT_EQUATION">

------------------------------------------------------------
Design Equations
------------------------------------------------------------
    <CYPRESSTAG name="Pin listing">

    ------------------------------------------------------------
    Pin listing
    ------------------------------------------------------------

    Pin : Name = \CapSense:Cmod(0)\
        Attributes:
            Alias: Cmod
            In Group/Port: True
            In Sync Option: AUTO
            Out Sync Option: AUTO
            Interrupt generated: False
            Interrupt mode: NONE
            Drive mode: HI_Z_ANALOG
            VTrip: EITHER
            Slew: FAST
            Input Sync needed: False
            Output Sync needed: False
            SC shield enabled: False
            POR State: ANY
            LCD Mode: COMMON
            Register Mode: RegComb
            CaSense Mode: NEITHER
            Treat as pin: True
            Is OE Registered: False
            Uses Analog: True
            Can contain Digital: False
            Is SIO: False
            SIO Output Buf: NONREGULATED
            SIO Input Buf: SINGLE_ENDED
            SIO HiFreq: LOW
            SIO Hyst: DISABLED
            SIO Vtrip: MULTIPLIER_0_5
            SIO Multiplier Index: 0
            SIO RefSel: VCC_IO
            Required Capabilities: NONE
            Initial Value: 1
            IO Voltage: 0
        PORT MAP (
            pa_out => \CapSense:Cmod(0)\__PA ,
            analog_term => \CapSense:Net_398\ ,
            pad => \CapSense:Cmod(0)_PAD\ );

    Pin : Name = \CapSense:Sns(0)\
        Attributes:
            Alias: ProximitySensor0_0__PROX
            In Group/Port: True
            In Sync Option: AUTO
            Out Sync Option: AUTO
            Interrupt generated: False
            Interrupt mode: NONE
            Drive mode: HI_Z_ANALOG
            VTrip: EITHER
            Slew: FAST
            Input Sync needed: False
            Output Sync needed: False
            SC shield enabled: False
            POR State: ANY
            LCD Mode: COMMON
            Register Mode: RegComb
            CaSense Mode: NEITHER
            Treat as pin: True
            Is OE Registered: False
            Uses Analog: True
            Can contain Digital: False
            Is SIO: False
            SIO Output Buf: NONREGULATED
            SIO Input Buf: SINGLE_ENDED
            SIO HiFreq: LOW
            SIO Hyst: DISABLED
            SIO Vtrip: MULTIPLIER_0_5
            SIO Multiplier Index: 0
            SIO RefSel: VCC_IO
            Required Capabilities: ANALOG
            Initial Value: 1
            IO Voltage: 0
        PORT MAP (
            pa_out => \CapSense:Sns(0)\__PA ,
            analog_term => \CapSense:Net_245\ ,
            pad => \CapSense:Sns(0)_PAD\ );
        Properties:
        {
        }

    Pin : Name = \I2C:sda(0)\
        Attributes:
            In Group/Port: True
            In Sync Option: NOSYNC
            Out Sync Option: NOSYNC
            Interrupt generated: False
            Interrupt mode: NONE
            Drive mode: OPEN_DRAIN_LO
            VTrip: CMOS
            Slew: FAST
            Input Sync needed: False
            Output Sync needed: False
            SC shield enabled: False
            POR State: ANY
            LCD Mode: COMMON
            Register Mode: RegComb
            CaSense Mode: NEITHER
            Treat as pin: True
            Is OE Registered: False
            Uses Analog: False
            Can contain Digital: True
            Is SIO: False
            SIO Output Buf: NONREGULATED
            SIO Input Buf: SINGLE_ENDED
            SIO HiFreq: LOW
            SIO Hyst: DISABLED
            SIO Vtrip: MULTIPLIER_0_5
            SIO Multiplier Index: 0
            SIO RefSel: VCC_IO
            Required Capabilities: DIGITAL
            Initial Value: 1
            IO Voltage: 0
        PORT MAP (
            pa_out => \I2C:sda(0)\__PA ,
            fb => Net_46 ,
            pad => \I2C:sda(0)_PAD\ );
        Properties:
        {
        }

    Pin : Name = \I2C:scl(0)\
        Attributes:
            In Group/Port: True
            In Sync Option: NOSYNC
            Out Sync Option: NOSYNC
            Interrupt generated: False
            Interrupt mode: NONE
            Drive mode: OPEN_DRAIN_LO
            VTrip: CMOS
            Slew: FAST
            Input Sync needed: False
            Output Sync needed: False
            SC shield enabled: False
            POR State: ANY
            LCD Mode: COMMON
            Register Mode: RegComb
            CaSense Mode: NEITHER
            Treat as pin: True
            Is OE Registered: False
            Uses Analog: False
            Can contain Digital: True
            Is SIO: False
            SIO Output Buf: NONREGULATED
            SIO Input Buf: SINGLE_ENDED
            SIO HiFreq: LOW
            SIO Hyst: DISABLED
            SIO Vtrip: MULTIPLIER_0_5
            SIO Multiplier Index: 0
            SIO RefSel: VCC_IO
            Required Capabilities: DIGITAL
            Initial Value: 1
            IO Voltage: 0
        PORT MAP (
            pa_out => \I2C:scl(0)\__PA ,
            fb => Net_45 ,
            pad => \I2C:scl(0)_PAD\ );
        Properties:
        {
        }

    Pin : Name = DHT(0)
        Attributes:
            In Group/Port: True
            In Sync Option: NOSYNC
            Out Sync Option: NOSYNC
            Interrupt generated: False
            Interrupt mode: NONE
            Drive mode: RES_PULL_UP
            VTrip: CMOS
            Slew: FAST
            Input Sync needed: False
            Output Sync needed: False
            SC shield enabled: False
            POR State: ANY
            LCD Mode: COMMON
            Register Mode: RegComb
            CaSense Mode: NEITHER
            Treat as pin: True
            Is OE Registered: False
            Uses Analog: False
            Can contain Digital: True
            Is SIO: False
            SIO Output Buf: NONREGULATED
            SIO Input Buf: SINGLE_ENDED
            SIO HiFreq: LOW
            SIO Hyst: DISABLED
            SIO Vtrip: MULTIPLIER_0_5
            SIO Multiplier Index: 0
            SIO RefSel: VCC_IO
            Required Capabilities: DIGITAL
            Initial Value: 1
            IO Voltage: 0
        PORT MAP (
            pa_out => DHT(0)__PA ,
            pad => DHT(0)_PAD );
        Properties:
        {
        }
    </CYPRESSTAG>
    <CYPRESSTAG name="Macrocell listing" icon="FILE_RPT_EQUATION">

    ------------------------------------------------------------
    Macrocell listing
    ------------------------------------------------------------

    MacroCell: Name=__ONE__, Mode=(Combinatorial)
        Total # of inputs        : 0
        Total # of product terms : 0
            Clock Enable: True
        Main Equation            : 0 pterms
        !(
            0
        );
        Output = __ONE__ (fanout=1)
    </CYPRESSTAG>
    <CYPRESSTAG name="Datapath listing">
    </CYPRESSTAG>
    <CYPRESSTAG name="Status register listing">
    </CYPRESSTAG>
    <CYPRESSTAG name="StatusI register listing">
    </CYPRESSTAG>
    <CYPRESSTAG name="Sync listing">
    </CYPRESSTAG>
    <CYPRESSTAG name="Control register listing">
    </CYPRESSTAG>
    <CYPRESSTAG name="Count7 listing">
    </CYPRESSTAG>
    <CYPRESSTAG name="DRQ listing">
    </CYPRESSTAG>
    <CYPRESSTAG name="Interrupt listing">

    ------------------------------------------------------------
    Interrupt listing
    ------------------------------------------------------------

    interrupt: Name =\CapSense:ISR\
        PORT MAP (
            interrupt => \CapSense:Net_248\ );
        Properties:
        {
            int_type = "10"
            is_nmi = 0
        }

    interrupt: Name =\I2C:SCB_IRQ\
        PORT MAP (
            interrupt => Net_28 );
        Properties:
        {
            int_type = "10"
            is_nmi = 0
        }

    interrupt: Name =\BLE:bless_isr\
        PORT MAP (
            interrupt => \BLE:Net_15\ );
        Properties:
        {
            int_type = "10"
            is_nmi = 0
        }
    </CYPRESSTAG>
</CYPRESSTAG>
<CYPRESSTAG name="Technology mapping summary" expanded>

------------------------------------------------------------
Technology mapping summary
------------------------------------------------------------

Resource Type                 : Used : Free :  Max :  % Used
============================================================
Digital Clocks                :    0 :    4 :    4 :  0.00 %
Interrupts                    :    3 :   29 :   32 :  9.38 %
IO                            :    9 :   29 :   38 : 23.68 %
Segment LCD                   :    0 :    1 :    1 :  0.00 %
CapSense                      :    1 :    0 :    1 : 100.00 %
Die Temp                      :    0 :    1 :    1 :  0.00 %
Serial Communication (SCB)    :    1 :    1 :    2 : 50.00 %
BLE                           :    1 :    0 :    1 : 100.00 %
DMA Channels                  :    0 :    8 :    8 :  0.00 %
Timer/Counter/PWM             :    0 :    4 :    4 :  0.00 %
UDB                           :      :      :      :        
  Macrocells                  :    1 :   31 :   32 :  3.13 %
  Unique P-terms              :    0 :   64 :   64 :  0.00 %
  Total P-terms               :    0 :      :      :        
  Datapath Cells              :    0 :    4 :    4 :  0.00 %
  Status Cells                :    0 :    4 :    4 :  0.00 %
  Control Cells               :    0 :    4 :    4 :  0.00 %
Comparator/Opamp              :    0 :    4 :    4 :  0.00 %
LP Comparator                 :    0 :    2 :    2 :  0.00 %
SAR ADC                       :    0 :    1 :    1 :  0.00 %
DAC                           :      :      :      :        
  7-bit IDAC                  :    0 :    1 :    1 :  0.00 %
  8-bit IDAC                  :    1 :    0 :    1 : 100.00 %
</CYPRESSTAG>
Technology Mapping: Elapsed time ==> 0s.109ms
Tech Mapping phase: Elapsed time ==> 0s.645ms
</CYPRESSTAG>
<CYPRESSTAG name="Analog Placement">
<CYPRESSTAG name="FFB & IO Pre Placement">
<CYPRESSTAG name="Placement" icon="FILE_RPT_PLACEMENT">

Cell                                : Block                              
=========================================================================
\CapSense:Sns(0)\                   : [IOP=(2)][IoId=(0)]                
\I2C:sda(0)\                        : [IOP=(3)][IoId=(4)]                
\I2C:scl(0)\                        : [IOP=(3)][IoId=(5)]                
DHT(0)                              : [IOP=(3)][IoId=(0)]                
ClockGenBlock                       : CLK_GEN_[FFB(CLK_GEN,0)]           
\CapSense:Cmod(0)\                  : [IOP=(4)][IoId=(0)]                
\CapSense:CSD_FFB\                  : CSD_[FFB(CSD,0)]                   
\CapSense:IDAC1:cy_psoc4_idac\      : CSIDAC8_[FFB(CSIDAC8,0)]           
\I2C:SCB\                           : SCB_[FFB(SCB,1)]                   
\BLE:cy_m0s8_ble\                   : BLE_[FFB(BLE,0)]                   

</CYPRESSTAG>
</CYPRESSTAG>
<CYPRESSTAG name="Real Analog Placement">
Elapsed time ==> 1.6860753s
</CYPRESSTAG>
Analog Placement phase: Elapsed time ==> 3s.394ms
</CYPRESSTAG>
<CYPRESSTAG name="Analog Routing">
<CYPRESSTAG name="Analog Routing">
Route success=True, Iterations=1 Elapsed=0.1485069 secs
</CYPRESSTAG>
Analog Routing phase: Elapsed time ==> 0s.150ms
</CYPRESSTAG>
<CYPRESSTAG name="Analog Code Generation">
============ Analog Final Answer Routes ============
Dump of CyAnalogRoutingResultsDB
Map of net to items {
  Net: \CapSense:Net_245\ {
    source0
    swh_13
    amuxbusa_sar
    P2_P40
    p2_0
    idac0_out
    swhv_1
  }
  Net: \CapSense:Net_398\ {
    cmod
    swhv_6
    p4_0
    P4_P40
  }
}
Map of item to net {
  source0                                          -> \CapSense:Net_245\
  swh_13                                           -> \CapSense:Net_245\
  amuxbusa_sar                                     -> \CapSense:Net_245\
  P2_P40                                           -> \CapSense:Net_245\
  p2_0                                             -> \CapSense:Net_245\
  idac0_out                                        -> \CapSense:Net_245\
  swhv_1                                           -> \CapSense:Net_245\
  cmod                                             -> \CapSense:Net_398\
  swhv_6                                           -> \CapSense:Net_398\
  p4_0                                             -> \CapSense:Net_398\
  P4_P40                                           -> \CapSense:Net_398\
}
Mux Info {
}
Analog Code Generation phase: Elapsed time ==> 0s.722ms
</CYPRESSTAG>
<CYPRESSTAG name="Digital Placement">
<CYPRESSTAG name="Detailed placement messages">
I2659: No Constrained paths were found. The placer will run in non-timing driven mode.
I2076: Total run-time: 6.0 sec.

</CYPRESSTAG>
<CYPRESSTAG name="PLD Packing">
<CYPRESSTAG name="PLD Packing Summary" expanded>

------------------------------------------------------------
PLD Packing Summary
------------------------------------------------------------
            Resource Type : Used : Free :  Max :  % Used
    ====================================================
                     PLDs :    1 :    7 :    8 :  12.50%

<CYPRESSTAG name="PLD Statistics">

        PLD Resource Type :     Average/LAB
    =======================================
                   Inputs :            0.00
                   Pterms :            0.00
               Macrocells :            1.00
</CYPRESSTAG>
<CYPRESSTAG name="Packed PLD Contents">
Packed PLD Contents not displayed at this verbose level.</CYPRESSTAG>
</CYPRESSTAG>
PLD Packing: Elapsed time ==> 0s.300ms
</CYPRESSTAG>
<CYPRESSTAG name="Partitioning">
<CYPRESSTAG name="Initial Partitioning Summary">
Initial Partitioning Summary not displayed at this verbose level.</CYPRESSTAG>
<CYPRESSTAG name="Final Partitioning Summary">
Final Partitioning Summary not displayed at this verbose level.</CYPRESSTAG>
Partitioning: Elapsed time ==> 0s.586ms
</CYPRESSTAG>
<CYPRESSTAG name="Final Placement Summary">

------------------------------------------------------------
Final Placement Summary
------------------------------------------------------------

       Resource Type :      Count : Avg Inputs : Avg Outputs
    ========================================================
                 UDB :          1 :       0.00 :       1.00
<CYPRESSTAG name="Final Placement Details">
<CYPRESSTAG name="Component Details">

------------------------------------------------------------
Component Placement Details
------------------------------------------------------------
UDB [UDB=(0,0)] is empty.
UDB [UDB=(0,1)] contents:
LAB@[UDB=(0,1)][LB=0] #macrocells=1, #inputs=0, #pterms=0
{
    [McSlotId=0]:     MacroCell: Name=__ONE__, Mode=(Combinatorial) @ [UDB=(0,1)][LB=0][MC=0]
        Total # of inputs        : 0
        Total # of product terms : 0
            Clock Enable: True
        Main Equation            : 0 pterms
        !(
            0
        );
        Output = __ONE__ (fanout=1)
        Properties               : 
        {
        }

    [McSlotId=1]: (empty)
    [McSlotId=2]: (empty)
    [McSlotId=3]: (empty)
}

UDB [UDB=(1,0)] is empty.
UDB [UDB=(1,1)] is empty.
Intr container @ [IntrContainer=(0)]: 
  Intr@ [IntrContainer=(0)][IntrId=(10)] 
    interrupt: Name =\I2C:SCB_IRQ\
        PORT MAP (
            interrupt => Net_28 );
        Properties:
        {
            int_type = "10"
            is_nmi = 0
        }
  Intr@ [IntrContainer=(0)][IntrId=(12)] 
    interrupt: Name =\BLE:bless_isr\
        PORT MAP (
            interrupt => \BLE:Net_15\ );
        Properties:
        {
            int_type = "10"
            is_nmi = 0
        }
  Intr@ [IntrContainer=(0)][IntrId=(16)] 
    interrupt: Name =\CapSense:ISR\
        PORT MAP (
            interrupt => \CapSense:Net_248\ );
        Properties:
        {
            int_type = "10"
            is_nmi = 0
        }
Drq container @ [DrqContainer=(0)]: empty
Port 0 contains the following IO cells:
Port 1 contains the following IO cells:
Port 2 contains the following IO cells:
[IoId=0]: 
Pin : Name = \CapSense:Sns(0)\
    Attributes:
        Alias: ProximitySensor0_0__PROX
        In Group/Port: True
        In Sync Option: AUTO
        Out Sync Option: AUTO
        Interrupt generated: False
        Interrupt mode: NONE
        Drive mode: HI_Z_ANALOG
        VTrip: EITHER
        Slew: FAST
        Input Sync needed: False
        Output Sync needed: False
        SC shield enabled: False
        POR State: ANY
        LCD Mode: COMMON
        Register Mode: RegComb
        CaSense Mode: NEITHER
        Treat as pin: True
        Is OE Registered: False
        Uses Analog: True
        Can contain Digital: False
        Is SIO: False
        SIO Output Buf: NONREGULATED
        SIO Input Buf: SINGLE_ENDED
        SIO HiFreq: LOW
        SIO Hyst: DISABLED
        SIO Vtrip: MULTIPLIER_0_5
        SIO Multiplier Index: 0
        SIO RefSel: VCC_IO
        Required Capabilities: ANALOG
        Initial Value: 1
        IO Voltage: 0
    PORT MAP (
        pa_out => \CapSense:Sns(0)\__PA ,
        analog_term => \CapSense:Net_245\ ,
        pad => \CapSense:Sns(0)_PAD\ );
    Properties:
    {
    }

Port 3 contains the following IO cells:
[IoId=0]: 
Pin : Name = DHT(0)
    Attributes:
        In Group/Port: True
        In Sync Option: NOSYNC
        Out Sync Option: NOSYNC
        Interrupt generated: False
        Interrupt mode: NONE
        Drive mode: RES_PULL_UP
        VTrip: CMOS
        Slew: FAST
        Input Sync needed: False
        Output Sync needed: False
        SC shield enabled: False
        POR State: ANY
        LCD Mode: COMMON
        Register Mode: RegComb
        CaSense Mode: NEITHER
        Treat as pin: True
        Is OE Registered: False
        Uses Analog: False
        Can contain Digital: True
        Is SIO: False
        SIO Output Buf: NONREGULATED
        SIO Input Buf: SINGLE_ENDED
        SIO HiFreq: LOW
        SIO Hyst: DISABLED
        SIO Vtrip: MULTIPLIER_0_5
        SIO Multiplier Index: 0
        SIO RefSel: VCC_IO
        Required Capabilities: DIGITAL
        Initial Value: 1
        IO Voltage: 0
    PORT MAP (
        pa_out => DHT(0)__PA ,
        pad => DHT(0)_PAD );
    Properties:
    {
    }

[IoId=4]: 
Pin : Name = \I2C:sda(0)\
    Attributes:
        In Group/Port: True
        In Sync Option: NOSYNC
        Out Sync Option: NOSYNC
        Interrupt generated: False
        Interrupt mode: NONE
        Drive mode: OPEN_DRAIN_LO
        VTrip: CMOS
        Slew: FAST
        Input Sync needed: False
        Output Sync needed: False
        SC shield enabled: False
        POR State: ANY
        LCD Mode: COMMON
        Register Mode: RegComb
        CaSense Mode: NEITHER
        Treat as pin: True
        Is OE Registered: False
        Uses Analog: False
        Can contain Digital: True
        Is SIO: False
        SIO Output Buf: NONREGULATED
        SIO Input Buf: SINGLE_ENDED
        SIO HiFreq: LOW
        SIO Hyst: DISABLED
        SIO Vtrip: MULTIPLIER_0_5
        SIO Multiplier Index: 0
        SIO RefSel: VCC_IO
        Required Capabilities: DIGITAL
        Initial Value: 1
        IO Voltage: 0
    PORT MAP (
        pa_out => \I2C:sda(0)\__PA ,
        fb => Net_46 ,
        pad => \I2C:sda(0)_PAD\ );
    Properties:
    {
    }

[IoId=5]: 
Pin : Name = \I2C:scl(0)\
    Attributes:
        In Group/Port: True
        In Sync Option: NOSYNC
        Out Sync Option: NOSYNC
        Interrupt generated: False
        Interrupt mode: NONE
        Drive mode: OPEN_DRAIN_LO
        VTrip: CMOS
        Slew: FAST
        Input Sync needed: False
        Output Sync needed: False
        SC shield enabled: False
        POR State: ANY
        LCD Mode: COMMON
        Register Mode: RegComb
        CaSense Mode: NEITHER
        Treat as pin: True
        Is OE Registered: False
        Uses Analog: False
        Can contain Digital: True
        Is SIO: False
        SIO Output Buf: NONREGULATED
        SIO Input Buf: SINGLE_ENDED
        SIO HiFreq: LOW
        SIO Hyst: DISABLED
        SIO Vtrip: MULTIPLIER_0_5
        SIO Multiplier Index: 0
        SIO RefSel: VCC_IO
        Required Capabilities: DIGITAL
        Initial Value: 1
        IO Voltage: 0
    PORT MAP (
        pa_out => \I2C:scl(0)\__PA ,
        fb => Net_45 ,
        pad => \I2C:scl(0)_PAD\ );
    Properties:
    {
    }

Port 4 contains the following IO cells:
[IoId=0]: 
Pin : Name = \CapSense:Cmod(0)\
    Attributes:
        Alias: Cmod
        In Group/Port: True
        In Sync Option: AUTO
        Out Sync Option: AUTO
        Interrupt generated: False
        Interrupt mode: NONE
        Drive mode: HI_Z_ANALOG
        VTrip: EITHER
        Slew: FAST
        Input Sync needed: False
        Output Sync needed: False
        SC shield enabled: False
        POR State: ANY
        LCD Mode: COMMON
        Register Mode: RegComb
        CaSense Mode: NEITHER
        Treat as pin: True
        Is OE Registered: False
        Uses Analog: True
        Can contain Digital: False
        Is SIO: False
        SIO Output Buf: NONREGULATED
        SIO Input Buf: SINGLE_ENDED
        SIO HiFreq: LOW
        SIO Hyst: DISABLED
        SIO Vtrip: MULTIPLIER_0_5
        SIO Multiplier Index: 0
        SIO RefSel: VCC_IO
        Required Capabilities: NONE
        Initial Value: 1
        IO Voltage: 0
    PORT MAP (
        pa_out => \CapSense:Cmod(0)\__PA ,
        analog_term => \CapSense:Net_398\ ,
        pad => \CapSense:Cmod(0)_PAD\ );
    Properties:
    {
    }

Port 5 contains the following IO cells:
Port 6 contains the following IO cells:
ARM group 0: empty
Clock group 0: 
    Clock Block @ F(Clock,0): 
    m0s8clockblockcell: Name =ClockBlock
        PORT MAP (
            hfclk => ClockBlock_HFClk ,
            imo => ClockBlock_IMO ,
            ext => ClockBlock_ExtClk ,
            sysclk => ClockBlock_SysClk ,
            eco => ClockBlock_ECO ,
            ilo => ClockBlock_ILO ,
            lfclk => ClockBlock_LFClk ,
            wco => ClockBlock_WCO ,
            dsi_in_0 => ClockBlock_Routed1 ,
            ff_div_5 => \CapSense:Net_420_ff5\ ,
            ff_div_4 => \CapSense:Net_429_ff4\ ,
            ff_div_1 => \I2C:Net_847_ff1\ );
        Properties:
        {
        }
LCD group 0: empty
PICU group 0: empty
LPCOMP group 0: empty
SCB group 0: 
    SCB Block @ F(SCB,1): 
    m0s8scbcell: Name =\I2C:SCB\
        PORT MAP (
            clock => \I2C:Net_847_ff1\ ,
            interrupt => Net_28 ,
            uart_tx => \I2C:tx_wire\ ,
            uart_rts => \I2C:rts_wire\ ,
            mosi_m => \I2C:mosi_m_wire\ ,
            select_m_3 => \I2C:select_m_wire_3\ ,
            select_m_2 => \I2C:select_m_wire_2\ ,
            select_m_1 => \I2C:select_m_wire_1\ ,
            select_m_0 => \I2C:select_m_wire_0\ ,
            sclk_m => \I2C:sclk_m_wire\ ,
            miso_s => \I2C:miso_s_wire\ ,
            i2c_scl => Net_45 ,
            i2c_sda => Net_46 ,
            tr_tx_req => Net_31 ,
            tr_rx_req => Net_30 );
        Properties:
        {
            cy_registers = ""
            scb_mode = 0
        }
CSD group 0: 
    CapSense @ F(CSD,0): 
    p4csdcell: Name =\CapSense:CSD_FFB\
        PORT MAP (
            source => \CapSense:Net_245\ ,
            shield => \CapSense:Net_241\ ,
            csh => \CapSense:Net_246\ ,
            cmod => \CapSense:Net_398\ ,
            sense_out => \CapSense:Net_329\ ,
            sample_out => \CapSense:Net_328\ ,
            clk1 => \CapSense:Net_429_ff4\ ,
            clk2 => \CapSense:Net_420_ff5\ ,
            irq => \CapSense:Net_248\ );
        Properties:
        {
            cy_registers = ""
            is_capsense = 1
            is_cmod_charge = 0
            is_csh_charge = 0
            is_mutual = 0
            sensors_count = 1
            shield_count = 1
        }
CSIDAC8 group 0: 
    8-bit IDAC @ F(CSIDAC8,0): 
    p4csidac8cell: Name =\CapSense:IDAC1:cy_psoc4_idac\
        PORT MAP (
            iout => \CapSense:Net_245\ ,
            en => __ONE__ );
        Properties:
        {
            cy_registers = ""
            resolution = 8
        }
CSIDAC7 group 0: empty
TCPWM group 0: empty
OA group 0: empty
TEMP group 0: empty
SARADC group 0: empty
CLK_GEN group 0: 
    M0S8 Clock Gen Block @ F(CLK_GEN,0): 
    m0s8clockgenblockcell: Name =ClockGenBlock
        PORT MAP (
             );
        Properties:
        {
        }
LPCOMPBLOCK group 0: empty
PASSBLOCK group 0: empty
BLE group 0: 
    BLE Block @ F(BLE,0): 
    p4blecell: Name =\BLE:cy_m0s8_ble\
        PORT MAP (
            interrupt => \BLE:Net_15\ ,
            rfctrl_extpa_en => Net_50 );
        Properties:
        {
            cy_registers = ""
        }
WCO group 0: empty
SRSS group 0: empty
CPUSS group 0: empty
IOSS group 0: empty
EXCO group 0: empty
</CYPRESSTAG>
<CYPRESSTAG name="Port Configuration Details">

------------------------------------------------------------
Port Configuration report
------------------------------------------------------------
     |     |       | Interrupt |                  |                    | 
Port | Pin | Fixed |      Type |       Drive Mode |               Name | Connections
-----+-----+-------+-----------+------------------+--------------------+---------------------------
   2 |   0 |     * |      NONE |      HI_Z_ANALOG |  \CapSense:Sns(0)\ | Analog(\CapSense:Net_245\)
-----+-----+-------+-----------+------------------+--------------------+---------------------------
   3 |   0 |     * |      NONE |      RES_PULL_UP |             DHT(0) | 
     |   4 |     * |      NONE |    OPEN_DRAIN_LO |       \I2C:sda(0)\ | FB(Net_46)
     |   5 |     * |      NONE |    OPEN_DRAIN_LO |       \I2C:scl(0)\ | FB(Net_45)
-----+-----+-------+-----------+------------------+--------------------+---------------------------
   4 |   0 |       |      NONE |      HI_Z_ANALOG | \CapSense:Cmod(0)\ | Analog(\CapSense:Net_398\)
---------------------------------------------------------------------------------------------------
</CYPRESSTAG>
</CYPRESSTAG>
</CYPRESSTAG>
Digital component placer commit/Report: Elapsed time ==> 0s.019ms
Digital Placement phase: Elapsed time ==> 29s.329ms
</CYPRESSTAG>
<CYPRESSTAG name="Digital Routing">
"C:\Program Files (x86)\Cypress\PSoC Creator\4.2\PSoC Creator\bin/sjrouter.exe" --xml-path "C:\Program Files (x86)\Cypress\PSoC Creator\4.2\PSoC Creator\dev\psoc4/3/256dma/route_arch-rrg.cydata" --vh2-path "TFG_BluetoothLowEnergy_r.vh2" --pcf-path "TFG_BluetoothLowEnergy.pco" --des-name "TFG_BluetoothLowEnergy" --dsf-path "TFG_BluetoothLowEnergy.dsf" --sdc-path "TFG_BluetoothLowEnergy.sdc" --lib-path "TFG_BluetoothLowEnergy_r.lib"
Routing successful.
Digital Routing phase: Elapsed time ==> 4s.949ms
</CYPRESSTAG>
<CYPRESSTAG name="Bitstream Generation">
Bitstream Generation phase: Elapsed time ==> 2s.811ms
</CYPRESSTAG>
<CYPRESSTAG name="Bitstream Verification">
Bitstream Verification phase: Elapsed time ==> 0s.815ms
</CYPRESSTAG>
<CYPRESSTAG name="Static timing analysis">
Timing report is in TFG_BluetoothLowEnergy_timing.html.
Static timing analysis phase: Elapsed time ==> 3s.850ms
</CYPRESSTAG>
<CYPRESSTAG name="Data reporting">
Data reporting phase: Elapsed time ==> 0s.000ms
</CYPRESSTAG>
<CYPRESSTAG name="Database update...">
Design database save phase: Elapsed time ==> 0s.172ms
</CYPRESSTAG>
cydsfit: Elapsed time ==> 47s.029ms
</CYPRESSTAG>
Fitter phase: Elapsed time ==> 47s.262ms
API generation phase: Elapsed time ==> 31s.477ms
Dependency generation phase: Elapsed time ==> 0s.086ms
Cleanup phase: Elapsed time ==> 0s.003ms
