ARM GAS  C:\Users\ANTONI~1\AppData\Local\Temp\ccnmZkpc.s 			page 1


   1              		.syntax unified
   2              		.cpu cortex-m0
   3              		.fpu softvfp
   4              		.eabi_attribute 20, 1
   5              		.eabi_attribute 21, 1
   6              		.eabi_attribute 23, 3
   7              		.eabi_attribute 24, 1
   8              		.eabi_attribute 25, 1
   9              		.eabi_attribute 26, 1
  10              		.eabi_attribute 30, 1
  11              		.eabi_attribute 34, 0
  12              		.eabi_attribute 18, 4
  13              		.thumb
  14              		.syntax unified
  15              		.file	"BLE_APP.c"
  16              		.text
  17              	.Ltext0:
  18              		.cfi_sections	.debug_frame
  19              		.section	.text.BLECallBack,"ax",%progbits
  20              		.align	2
  21              		.global	BLECallBack
  22              		.code	16
  23              		.thumb_func
  24              		.type	BLECallBack, %function
  25              	BLECallBack:
  26              	.LFB35:
  27              		.file 1 "BLE_APP.c"
   1:BLE_APP.c     **** /* ========================================
   2:BLE_APP.c     ****  *
   3:BLE_APP.c     ****  * Copyright YOUR COMPANY, THE YEAR
   4:BLE_APP.c     ****  * All Rights Reserved
   5:BLE_APP.c     ****  * UNPUBLISHED, LICENSED SOFTWARE.
   6:BLE_APP.c     ****  *
   7:BLE_APP.c     ****  * CONFIDENTIAL AND PROPRIETARY INFORMATION
   8:BLE_APP.c     ****  * WHICH IS THE PROPERTY OF your company.
   9:BLE_APP.c     ****  *
  10:BLE_APP.c     ****  * ========================================
  11:BLE_APP.c     **** */
  12:BLE_APP.c     **** 
  13:BLE_APP.c     **** #include "project.h"
  14:BLE_APP.c     **** #include "main.h"
  15:BLE_APP.c     **** #include "BLE_APP.h"
  16:BLE_APP.c     **** #include "LiquidCrystal_I2C.h"
  17:BLE_APP.c     **** 
  18:BLE_APP.c     **** // Variables referentes a las notificaciones de las características y de la conexión del disposit
  19:BLE_APP.c     **** uint8 startNotificationHumidity;
  20:BLE_APP.c     **** uint8 startNotificationTemperature;
  21:BLE_APP.c     **** uint8 startNotificationProximity;
  22:BLE_APP.c     **** uint8 deviceConnected = 0;
  23:BLE_APP.c     **** 
  24:BLE_APP.c     **** CYBLE_CONN_HANDLE_T connectionHandle;
  25:BLE_APP.c     **** 
  26:BLE_APP.c     **** void BLECallBack ( uint32 event, void *eventParam )       //Función de devolución de llamada BLE.
  27:BLE_APP.c     **** {
  28              		.loc 1 27 0
  29              		.cfi_startproc
  30              		@ args = 0, pretend = 0, frame = 0
ARM GAS  C:\Users\ANTONI~1\AppData\Local\Temp\ccnmZkpc.s 			page 2


  31              		@ frame_needed = 0, uses_anonymous_args = 0
  32              	.LVL0:
  33 0000 10B5     		push	{r4, lr}
  34              		.cfi_def_cfa_offset 8
  35              		.cfi_offset 4, -8
  36              		.cfi_offset 14, -4
  37 0002 0C00     		movs	r4, r1
  28:BLE_APP.c     ****     
  29:BLE_APP.c     ****     CYBLE_GATTS_WRITE_REQ_PARAM_T *wrReqParamHumidity;    //Mantener los comandos enviados por el c
  30:BLE_APP.c     ****     CYBLE_GATTS_WRITE_REQ_PARAM_T *wrReqParamTemperature; //Mantener los comandos enviados por el c
  31:BLE_APP.c     ****     CYBLE_GATTS_WRITE_REQ_PARAM_T *wrReqParamProximity;   //Mantener los comandos enviados por el c
  32:BLE_APP.c     ****     
  33:BLE_APP.c     ****     switch (event) 
  38              		.loc 1 33 0
  39 0004 2828     		cmp	r0, #40
  40 0006 08D0     		beq	.L3
  41 0008 02D8     		bhi	.L4
  42 000a 0128     		cmp	r0, #1
  43 000c 05D0     		beq	.L3
  44 000e 5DE0     		b	.L1
  45              	.L4:
  46 0010 4128     		cmp	r0, #65
  47 0012 19D0     		beq	.L5
  48 0014 4C28     		cmp	r0, #76
  49 0016 2BD0     		beq	.L6
  50 0018 58E0     		b	.L1
  51              	.L3:
  34:BLE_APP.c     ****     {
  35:BLE_APP.c     ****     //Manejar eventos de conexión.
  36:BLE_APP.c     ****         
  37:BLE_APP.c     ****         
  38:BLE_APP.c     ****         /**********************************************************
  39:BLE_APP.c     ****         *                     Eventos Generales
  40:BLE_APP.c     ****         ***********************************************************/
  41:BLE_APP.c     ****         
  42:BLE_APP.c     ****         case CYBLE_EVT_STACK_ON:
  43:BLE_APP.c     ****         
  44:BLE_APP.c     ****         
  45:BLE_APP.c     ****         /**********************************************************
  46:BLE_APP.c     ****         *                       Eventos GAP
  47:BLE_APP.c     ****         ***********************************************************/
  48:BLE_APP.c     ****         
  49:BLE_APP.c     ****         case CYBLE_EVT_GAP_DEVICE_DISCONNECTED:           // Estado de desconexión del dispositivo
  50:BLE_APP.c     ****             CyBle_GappStartAdvertisement(CYBLE_ADVERTISING_FAST);  // Reiniciar publicidad.
  52              		.loc 1 50 0
  53 001a 0020     		movs	r0, #0
  54              	.LVL1:
  55 001c FFF7FEFF 		bl	CyBle_GappStartAdvertisement
  56              	.LVL2:
  51:BLE_APP.c     ****             deviceConnected = 0;                          // Conexión del dispositivo, no activa.
  57              		.loc 1 51 0
  58 0020 0022     		movs	r2, #0
  59 0022 2B4B     		ldr	r3, .L10
  60 0024 1A70     		strb	r2, [r3]
  52:BLE_APP.c     ****             clear();                                      // Se limpia la LCD.
  61              		.loc 1 52 0
  62 0026 FFF7FEFF 		bl	clear
ARM GAS  C:\Users\ANTONI~1\AppData\Local\Temp\ccnmZkpc.s 			page 3


  63              	.LVL3:
  53:BLE_APP.c     ****             setCursor(0,0);                               // Primera linea LCD.
  64              		.loc 1 53 0
  65 002a 0021     		movs	r1, #0
  66 002c 0020     		movs	r0, #0
  67 002e FFF7FEFF 		bl	setCursor
  68              	.LVL4:
  54:BLE_APP.c     ****             LCD_print("    CONEXION");                    // Se imprime en la LCD.
  69              		.loc 1 54 0
  70 0032 2848     		ldr	r0, .L10+4
  71 0034 FFF7FEFF 		bl	LCD_print
  72              	.LVL5:
  55:BLE_APP.c     ****             setCursor(0,1);                               // Segunda linea LCD.
  73              		.loc 1 55 0
  74 0038 0121     		movs	r1, #1
  75 003a 0020     		movs	r0, #0
  76 003c FFF7FEFF 		bl	setCursor
  77              	.LVL6:
  56:BLE_APP.c     ****             LCD_print(" NO ESTABLECIDA");                 // Se imprime en la LCD.
  78              		.loc 1 56 0
  79 0040 2548     		ldr	r0, .L10+8
  80 0042 FFF7FEFF 		bl	LCD_print
  81              	.LVL7:
  57:BLE_APP.c     ****             break;
  82              		.loc 1 57 0
  83 0046 41E0     		b	.L1
  84              	.LVL8:
  85              	.L5:
  58:BLE_APP.c     ****             
  59:BLE_APP.c     ****         /**********************************************************
  60:BLE_APP.c     ****         *                       Eventos GATT
  61:BLE_APP.c     ****         ***********************************************************/
  62:BLE_APP.c     ****             
  63:BLE_APP.c     ****         case CYBLE_EVT_GATT_CONNECT_IND:                   // Estado de conexión establecida.
  64:BLE_APP.c     ****             connectionHandle = *(CYBLE_CONN_HANDLE_T *)eventParam;
  86              		.loc 1 64 0
  87 0048 0222     		movs	r2, #2
  88 004a 2448     		ldr	r0, .L10+12
  89              	.LVL9:
  90 004c FFF7FEFF 		bl	memcpy
  91              	.LVL10:
  65:BLE_APP.c     ****             deviceConnected = 1;                           // Conexión del dispositivo, activa.
  92              		.loc 1 65 0
  93 0050 0122     		movs	r2, #1
  94 0052 1F4B     		ldr	r3, .L10
  95 0054 1A70     		strb	r2, [r3]
  66:BLE_APP.c     ****             clear();                                       // Se limpia la LCD.
  96              		.loc 1 66 0
  97 0056 FFF7FEFF 		bl	clear
  98              	.LVL11:
  67:BLE_APP.c     ****             LCD_print("    CONEXION");                     // Se imprime en la LCD.
  99              		.loc 1 67 0
 100 005a 1E48     		ldr	r0, .L10+4
 101 005c FFF7FEFF 		bl	LCD_print
 102              	.LVL12:
  68:BLE_APP.c     ****             setCursor(0,1);                                // Segunda linea LCD.
 103              		.loc 1 68 0
ARM GAS  C:\Users\ANTONI~1\AppData\Local\Temp\ccnmZkpc.s 			page 4


 104 0060 0121     		movs	r1, #1
 105 0062 0020     		movs	r0, #0
 106 0064 FFF7FEFF 		bl	setCursor
 107              	.LVL13:
  69:BLE_APP.c     ****             LCD_print("  ESTABLECIDA");                    // Se imprime en la LCD.
 108              		.loc 1 69 0
 109 0068 1D48     		ldr	r0, .L10+16
 110 006a FFF7FEFF 		bl	LCD_print
 111              	.LVL14:
  70:BLE_APP.c     ****             break;
 112              		.loc 1 70 0
 113 006e 2DE0     		b	.L1
 114              	.LVL15:
 115              	.L6:
  71:BLE_APP.c     ****         
  72:BLE_APP.c     ****         case CYBLE_EVT_GATTS_WRITE_REQ:                    // Estado de escritura con respuesta.
  73:BLE_APP.c     ****             
  74:BLE_APP.c     ****             //Variables para activar la notificación de las características.
  75:BLE_APP.c     ****             wrReqParamHumidity = (CYBLE_GATTS_WRITE_REQ_PARAM_T *)eventParam;
  76:BLE_APP.c     ****             wrReqParamTemperature = (CYBLE_GATTS_WRITE_REQ_PARAM_T *)eventParam;
  77:BLE_APP.c     ****             wrReqParamProximity = (CYBLE_GATTS_WRITE_REQ_PARAM_T *)eventParam;
  78:BLE_APP.c     ****             
  79:BLE_APP.c     ****             //Proceso para activar la notificación de la característica de la humedad.
  80:BLE_APP.c     ****             if (wrReqParamHumidity-> handleValPair.attrHandle == CYBLE_DHT22_HUMIDITY_HUMIDITYCCCD_
 116              		.loc 1 80 0
 117 0070 8B89     		ldrh	r3, [r1, #12]
 118 0072 132B     		cmp	r3, #19
 119 0074 0AD1     		bne	.L7
  81:BLE_APP.c     ****             {
  82:BLE_APP.c     ****                 CyBle_GattsWriteAttributeValue(&wrReqParamHumidity -> handleValPair, 0, &connection
 120              		.loc 1 82 0
 121 0076 081D     		adds	r0, r1, #4
 122              	.LVL16:
 123 0078 0023     		movs	r3, #0
 124 007a 184A     		ldr	r2, .L10+12
 125 007c 0021     		movs	r1, #0
 126              	.LVL17:
 127 007e FFF7FEFF 		bl	CyBle_GattsWriteAttributeValue
 128              	.LVL18:
  83:BLE_APP.c     ****                 startNotificationHumidity = wrReqParamHumidity-> handleValPair.value.val[0];
 129              		.loc 1 83 0
 130 0082 6368     		ldr	r3, [r4, #4]
 131 0084 1A78     		ldrb	r2, [r3]
 132 0086 174B     		ldr	r3, .L10+20
 133 0088 1A70     		strb	r2, [r3]
 134 008a 18E0     		b	.L8
 135              	.LVL19:
 136              	.L7:
  84:BLE_APP.c     ****             }
  85:BLE_APP.c     ****             
  86:BLE_APP.c     ****             
  87:BLE_APP.c     ****             //Proceso para activar la notificación de la característica de la temperatura. 
  88:BLE_APP.c     ****             else if (wrReqParamTemperature-> handleValPair.attrHandle == CYBLE_DHT22_TEMPERATURE_TE
 137              		.loc 1 88 0
 138 008c 172B     		cmp	r3, #23
 139 008e 0AD1     		bne	.L9
  89:BLE_APP.c     ****             {
ARM GAS  C:\Users\ANTONI~1\AppData\Local\Temp\ccnmZkpc.s 			page 5


  90:BLE_APP.c     ****                 CyBle_GattsWriteAttributeValue(&wrReqParamTemperature -> handleValPair, 0, &connect
 140              		.loc 1 90 0
 141 0090 081D     		adds	r0, r1, #4
 142              	.LVL20:
 143 0092 0023     		movs	r3, #0
 144 0094 114A     		ldr	r2, .L10+12
 145 0096 0021     		movs	r1, #0
 146              	.LVL21:
 147 0098 FFF7FEFF 		bl	CyBle_GattsWriteAttributeValue
 148              	.LVL22:
  91:BLE_APP.c     ****                 startNotificationTemperature = wrReqParamTemperature-> handleValPair.value.val[0];
 149              		.loc 1 91 0
 150 009c 6368     		ldr	r3, [r4, #4]
 151 009e 1A78     		ldrb	r2, [r3]
 152 00a0 114B     		ldr	r3, .L10+24
 153 00a2 1A70     		strb	r2, [r3]
 154 00a4 0BE0     		b	.L8
 155              	.LVL23:
 156              	.L9:
  92:BLE_APP.c     ****             }
  93:BLE_APP.c     ****             
  94:BLE_APP.c     ****             
  95:BLE_APP.c     ****             //Proceso para activar la notificación de la característica de la proximidad. 
  96:BLE_APP.c     ****             else if (wrReqParamProximity-> handleValPair.attrHandle == CYBLE_PROX_SENSOR_PROXIMITY_
 157              		.loc 1 96 0
 158 00a6 1C2B     		cmp	r3, #28
 159 00a8 09D1     		bne	.L8
  97:BLE_APP.c     ****             {
  98:BLE_APP.c     ****                 CyBle_GattsWriteAttributeValue(&wrReqParamProximity -> handleValPair, 0, &connectio
 160              		.loc 1 98 0
 161 00aa 081D     		adds	r0, r1, #4
 162              	.LVL24:
 163 00ac 0023     		movs	r3, #0
 164 00ae 0B4A     		ldr	r2, .L10+12
 165 00b0 0021     		movs	r1, #0
 166              	.LVL25:
 167 00b2 FFF7FEFF 		bl	CyBle_GattsWriteAttributeValue
 168              	.LVL26:
  99:BLE_APP.c     ****                 startNotificationProximity = wrReqParamProximity-> handleValPair.value.val[0];
 169              		.loc 1 99 0
 170 00b6 6368     		ldr	r3, [r4, #4]
 171 00b8 1A78     		ldrb	r2, [r3]
 172 00ba 0C4B     		ldr	r3, .L10+28
 173 00bc 1A70     		strb	r2, [r3]
 174              	.L8:
 100:BLE_APP.c     ****             }
 101:BLE_APP.c     ****             
 102:BLE_APP.c     ****             
 103:BLE_APP.c     ****             CyBle_GattsWriteRsp(connectionHandle);
 175              		.loc 1 103 0
 176 00be 074A     		ldr	r2, .L10+12
 177 00c0 1378     		ldrb	r3, [r2]
 178 00c2 5078     		ldrb	r0, [r2, #1]
 179 00c4 0002     		lsls	r0, r0, #8
 180 00c6 1843     		orrs	r0, r3
 181 00c8 FFF7FEFF 		bl	CyBle_GattsWriteRsp
 182              	.LVL27:
ARM GAS  C:\Users\ANTONI~1\AppData\Local\Temp\ccnmZkpc.s 			page 6


 183              	.L1:
 104:BLE_APP.c     ****             break;
 105:BLE_APP.c     ****             
 106:BLE_APP.c     ****             default:
 107:BLE_APP.c     ****             break;            
 108:BLE_APP.c     ****     }       
 109:BLE_APP.c     **** }
 184              		.loc 1 109 0
 185              		@ sp needed
 186              	.LVL28:
 187 00cc 10BD     		pop	{r4, pc}
 188              	.L11:
 189 00ce C046     		.align	2
 190              	.L10:
 191 00d0 00000000 		.word	.LANCHOR0
 192 00d4 00000000 		.word	.LC1
 193 00d8 10000000 		.word	.LC3
 194 00dc 00000000 		.word	connectionHandle
 195 00e0 20000000 		.word	.LC6
 196 00e4 00000000 		.word	startNotificationHumidity
 197 00e8 00000000 		.word	startNotificationTemperature
 198 00ec 00000000 		.word	startNotificationProximity
 199              		.cfi_endproc
 200              	.LFE35:
 201              		.size	BLECallBack, .-BLECallBack
 202              		.comm	connectionHandle,2,4
 203              		.global	deviceConnected
 204              		.comm	startNotificationProximity,1,1
 205              		.comm	startNotificationTemperature,1,1
 206              		.comm	startNotificationHumidity,1,1
 207              		.section	.rodata.str1.4,"aMS",%progbits,1
 208              		.align	2
 209              	.LC1:
 210 0000 20202020 		.ascii	"    CONEXION\000"
 210      434F4E45 
 210      58494F4E 
 210      00
 211 000d 000000   		.space	3
 212              	.LC3:
 213 0010 204E4F20 		.ascii	" NO ESTABLECIDA\000"
 213      45535441 
 213      424C4543 
 213      49444100 
 214              	.LC6:
 215 0020 20204553 		.ascii	"  ESTABLECIDA\000"
 215      5441424C 
 215      45434944 
 215      4100
 216              		.bss
 217              		.set	.LANCHOR0,. + 0
 218              		.type	deviceConnected, %object
 219              		.size	deviceConnected, 1
 220              	deviceConnected:
 221 0000 00       		.space	1
 222              		.text
 223              	.Letext0:
 224              		.file 2 "Generated_Source\\PSoC4/cytypes.h"
ARM GAS  C:\Users\ANTONI~1\AppData\Local\Temp\ccnmZkpc.s 			page 7


 225              		.file 3 "Generated_Source\\PSoC4/BLE_StackGatt.h"
 226              		.file 4 "Generated_Source\\PSoC4/BLE_StackGattServer.h"
 227              		.file 5 "Generated_Source\\PSoC4/BLE.h"
 228              		.file 6 "LiquidCrystal_I2C.h"
 229              		.file 7 "Generated_Source\\PSoC4/BLE_StackGattDb.h"
 230              		.file 8 "Generated_Source\\PSoC4/BLE_Stack.h"
 231              		.section	.debug_info,"",%progbits
 232              	.Ldebug_info0:
 233 0000 B7050000 		.4byte	0x5b7
 234 0004 0400     		.2byte	0x4
 235 0006 00000000 		.4byte	.Ldebug_abbrev0
 236 000a 04       		.byte	0x4
 237 000b 01       		.uleb128 0x1
 238 000c 04020000 		.4byte	.LASF117
 239 0010 0C       		.byte	0xc
 240 0011 A10A0000 		.4byte	.LASF118
 241 0015 2A040000 		.4byte	.LASF119
 242 0019 00000000 		.4byte	.Ldebug_ranges0+0
 243 001d 00000000 		.4byte	0
 244 0021 00000000 		.4byte	.Ldebug_line0
 245 0025 02       		.uleb128 0x2
 246 0026 01       		.byte	0x1
 247 0027 06       		.byte	0x6
 248 0028 AA060000 		.4byte	.LASF0
 249 002c 02       		.uleb128 0x2
 250 002d 01       		.byte	0x1
 251 002e 08       		.byte	0x8
 252 002f 1C060000 		.4byte	.LASF1
 253 0033 02       		.uleb128 0x2
 254 0034 02       		.byte	0x2
 255 0035 05       		.byte	0x5
 256 0036 E0000000 		.4byte	.LASF2
 257 003a 02       		.uleb128 0x2
 258 003b 02       		.byte	0x2
 259 003c 07       		.byte	0x7
 260 003d CC080000 		.4byte	.LASF3
 261 0041 02       		.uleb128 0x2
 262 0042 04       		.byte	0x4
 263 0043 05       		.byte	0x5
 264 0044 00040000 		.4byte	.LASF4
 265 0048 02       		.uleb128 0x2
 266 0049 04       		.byte	0x4
 267 004a 07       		.byte	0x7
 268 004b 45070000 		.4byte	.LASF5
 269 004f 02       		.uleb128 0x2
 270 0050 08       		.byte	0x8
 271 0051 05       		.byte	0x5
 272 0052 4A010000 		.4byte	.LASF6
 273 0056 02       		.uleb128 0x2
 274 0057 08       		.byte	0x8
 275 0058 07       		.byte	0x7
 276 0059 C8030000 		.4byte	.LASF7
 277 005d 03       		.uleb128 0x3
 278 005e 04       		.byte	0x4
 279 005f 05       		.byte	0x5
 280 0060 696E7400 		.ascii	"int\000"
 281 0064 02       		.uleb128 0x2
ARM GAS  C:\Users\ANTONI~1\AppData\Local\Temp\ccnmZkpc.s 			page 8


 282 0065 04       		.byte	0x4
 283 0066 07       		.byte	0x7
 284 0067 13070000 		.4byte	.LASF8
 285 006b 04       		.uleb128 0x4
 286 006c DF080000 		.4byte	.LASF9
 287 0070 02       		.byte	0x2
 288 0071 E401     		.2byte	0x1e4
 289 0073 2C000000 		.4byte	0x2c
 290 0077 04       		.uleb128 0x4
 291 0078 F3080000 		.4byte	.LASF10
 292 007c 02       		.byte	0x2
 293 007d E501     		.2byte	0x1e5
 294 007f 3A000000 		.4byte	0x3a
 295 0083 04       		.uleb128 0x4
 296 0084 37090000 		.4byte	.LASF11
 297 0088 02       		.byte	0x2
 298 0089 E601     		.2byte	0x1e6
 299 008b 48000000 		.4byte	0x48
 300 008f 02       		.uleb128 0x2
 301 0090 04       		.byte	0x4
 302 0091 04       		.byte	0x4
 303 0092 5F030000 		.4byte	.LASF12
 304 0096 02       		.uleb128 0x2
 305 0097 08       		.byte	0x8
 306 0098 04       		.byte	0x4
 307 0099 8A090000 		.4byte	.LASF13
 308 009d 02       		.uleb128 0x2
 309 009e 01       		.byte	0x1
 310 009f 08       		.byte	0x8
 311 00a0 98080000 		.4byte	.LASF14
 312 00a4 02       		.uleb128 0x2
 313 00a5 04       		.byte	0x4
 314 00a6 07       		.byte	0x7
 315 00a7 22010000 		.4byte	.LASF15
 316 00ab 02       		.uleb128 0x2
 317 00ac 08       		.byte	0x8
 318 00ad 04       		.byte	0x4
 319 00ae 00000000 		.4byte	.LASF16
 320 00b2 05       		.uleb128 0x5
 321 00b3 04       		.byte	0x4
 322 00b4 06       		.uleb128 0x6
 323 00b5 04       		.byte	0x4
 324 00b6 6B000000 		.4byte	0x6b
 325 00ba 07       		.uleb128 0x7
 326 00bb 01       		.byte	0x1
 327 00bc 2C000000 		.4byte	0x2c
 328 00c0 08       		.byte	0x8
 329 00c1 3501     		.2byte	0x135
 330 00c3 78020000 		.4byte	0x278
 331 00c7 08       		.uleb128 0x8
 332 00c8 00030000 		.4byte	.LASF17
 333 00cc 00       		.byte	0
 334 00cd 08       		.uleb128 0x8
 335 00ce 9E010000 		.4byte	.LASF18
 336 00d2 01       		.byte	0x1
 337 00d3 08       		.uleb128 0x8
 338 00d4 2E0B0000 		.4byte	.LASF19
ARM GAS  C:\Users\ANTONI~1\AppData\Local\Temp\ccnmZkpc.s 			page 9


 339 00d8 02       		.byte	0x2
 340 00d9 08       		.uleb128 0x8
 341 00da 1F0A0000 		.4byte	.LASF20
 342 00de 03       		.byte	0x3
 343 00df 08       		.uleb128 0x8
 344 00e0 68010000 		.4byte	.LASF21
 345 00e4 04       		.byte	0x4
 346 00e5 08       		.uleb128 0x8
 347 00e6 37050000 		.4byte	.LASF22
 348 00ea 05       		.byte	0x5
 349 00eb 08       		.uleb128 0x8
 350 00ec 4A000000 		.4byte	.LASF23
 351 00f0 06       		.byte	0x6
 352 00f1 08       		.uleb128 0x8
 353 00f2 7D0A0000 		.4byte	.LASF24
 354 00f6 20       		.byte	0x20
 355 00f7 08       		.uleb128 0x8
 356 00f8 57070000 		.4byte	.LASF25
 357 00fc 21       		.byte	0x21
 358 00fd 08       		.uleb128 0x8
 359 00fe 0C000000 		.4byte	.LASF26
 360 0102 22       		.byte	0x22
 361 0103 08       		.uleb128 0x8
 362 0104 71050000 		.4byte	.LASF27
 363 0108 23       		.byte	0x23
 364 0109 08       		.uleb128 0x8
 365 010a F7060000 		.4byte	.LASF28
 366 010e 24       		.byte	0x24
 367 010f 08       		.uleb128 0x8
 368 0110 EA000000 		.4byte	.LASF29
 369 0114 25       		.byte	0x25
 370 0115 08       		.uleb128 0x8
 371 0116 EE040000 		.4byte	.LASF30
 372 011a 26       		.byte	0x26
 373 011b 08       		.uleb128 0x8
 374 011c B5040000 		.4byte	.LASF31
 375 0120 27       		.byte	0x27
 376 0121 08       		.uleb128 0x8
 377 0122 7D000000 		.4byte	.LASF32
 378 0126 28       		.byte	0x28
 379 0127 08       		.uleb128 0x8
 380 0128 95070000 		.4byte	.LASF33
 381 012c 29       		.byte	0x29
 382 012d 08       		.uleb128 0x8
 383 012e 48080000 		.4byte	.LASF34
 384 0132 2A       		.byte	0x2a
 385 0133 08       		.uleb128 0x8
 386 0134 640B0000 		.4byte	.LASF35
 387 0138 2B       		.byte	0x2b
 388 0139 08       		.uleb128 0x8
 389 013a F8070000 		.4byte	.LASF36
 390 013e 2C       		.byte	0x2c
 391 013f 08       		.uleb128 0x8
 392 0140 7E030000 		.4byte	.LASF37
 393 0144 2D       		.byte	0x2d
 394 0145 08       		.uleb128 0x8
 395 0146 BC000000 		.4byte	.LASF38
ARM GAS  C:\Users\ANTONI~1\AppData\Local\Temp\ccnmZkpc.s 			page 10


 396 014a 2E       		.byte	0x2e
 397 014b 08       		.uleb128 0x8
 398 014c 8E0C0000 		.4byte	.LASF39
 399 0150 2F       		.byte	0x2f
 400 0151 08       		.uleb128 0x8
 401 0152 9F020000 		.4byte	.LASF40
 402 0156 30       		.byte	0x30
 403 0157 08       		.uleb128 0x8
 404 0158 B5050000 		.4byte	.LASF41
 405 015c 31       		.byte	0x31
 406 015d 08       		.uleb128 0x8
 407 015e A7030000 		.4byte	.LASF42
 408 0162 32       		.byte	0x32
 409 0163 08       		.uleb128 0x8
 410 0164 71080000 		.4byte	.LASF43
 411 0168 33       		.byte	0x33
 412 0169 08       		.uleb128 0x8
 413 016a BD070000 		.4byte	.LASF44
 414 016e 34       		.byte	0x34
 415 016f 08       		.uleb128 0x8
 416 0170 E7090000 		.4byte	.LASF45
 417 0174 35       		.byte	0x35
 418 0175 08       		.uleb128 0x8
 419 0176 DF030000 		.4byte	.LASF46
 420 017a 36       		.byte	0x36
 421 017b 08       		.uleb128 0x8
 422 017c B1010000 		.4byte	.LASF47
 423 0180 37       		.byte	0x37
 424 0181 08       		.uleb128 0x8
 425 0182 63000000 		.4byte	.LASF48
 426 0186 40       		.byte	0x40
 427 0187 08       		.uleb128 0x8
 428 0188 2A070000 		.4byte	.LASF49
 429 018c 41       		.byte	0x41
 430 018d 08       		.uleb128 0x8
 431 018e 04010000 		.4byte	.LASF50
 432 0192 42       		.byte	0x42
 433 0193 08       		.uleb128 0x8
 434 0194 E6010000 		.4byte	.LASF51
 435 0198 43       		.byte	0x43
 436 0199 08       		.uleb128 0x8
 437 019a FA0A0000 		.4byte	.LASF52
 438 019e 44       		.byte	0x44
 439 019f 08       		.uleb128 0x8
 440 01a0 B50A0000 		.4byte	.LASF53
 441 01a4 45       		.byte	0x45
 442 01a5 08       		.uleb128 0x8
 443 01a6 7D010000 		.4byte	.LASF54
 444 01aa 46       		.byte	0x46
 445 01ab 08       		.uleb128 0x8
 446 01ac 8C060000 		.4byte	.LASF55
 447 01b0 47       		.byte	0x47
 448 01b1 08       		.uleb128 0x8
 449 01b2 D0060000 		.4byte	.LASF56
 450 01b6 48       		.byte	0x48
 451 01b7 08       		.uleb128 0x8
 452 01b8 65030000 		.4byte	.LASF57
ARM GAS  C:\Users\ANTONI~1\AppData\Local\Temp\ccnmZkpc.s 			page 11


 453 01bc 49       		.byte	0x49
 454 01bd 08       		.uleb128 0x8
 455 01be FA080000 		.4byte	.LASF58
 456 01c2 4A       		.byte	0x4a
 457 01c3 08       		.uleb128 0x8
 458 01c4 C0020000 		.4byte	.LASF59
 459 01c8 4B       		.byte	0x4b
 460 01c9 08       		.uleb128 0x8
 461 01ca B6060000 		.4byte	.LASF60
 462 01ce 4C       		.byte	0x4c
 463 01cf 08       		.uleb128 0x8
 464 01d0 30000000 		.4byte	.LASF61
 465 01d4 4D       		.byte	0x4d
 466 01d5 08       		.uleb128 0x8
 467 01d6 DC0A0000 		.4byte	.LASF62
 468 01da 4E       		.byte	0x4e
 469 01db 08       		.uleb128 0x8
 470 01dc 2A060000 		.4byte	.LASF63
 471 01e0 4F       		.byte	0x4f
 472 01e1 08       		.uleb128 0x8
 473 01e2 FF0B0000 		.4byte	.LASF64
 474 01e6 50       		.byte	0x50
 475 01e7 08       		.uleb128 0x8
 476 01e8 18090000 		.4byte	.LASF65
 477 01ec 51       		.byte	0x51
 478 01ed 08       		.uleb128 0x8
 479 01ee 16050000 		.4byte	.LASF66
 480 01f2 52       		.byte	0x52
 481 01f3 08       		.uleb128 0x8
 482 01f4 09040000 		.4byte	.LASF67
 483 01f8 53       		.byte	0x53
 484 01f9 08       		.uleb128 0x8
 485 01fa DF020000 		.4byte	.LASF68
 486 01fe 54       		.byte	0x54
 487 01ff 08       		.uleb128 0x8
 488 0200 580C0000 		.4byte	.LASF69
 489 0204 55       		.byte	0x55
 490 0205 08       		.uleb128 0x8
 491 0206 D70B0000 		.4byte	.LASF70
 492 020a 56       		.byte	0x56
 493 020b 08       		.uleb128 0x8
 494 020c AE0B0000 		.4byte	.LASF71
 495 0210 57       		.byte	0x57
 496 0211 08       		.uleb128 0x8
 497 0212 D5070000 		.4byte	.LASF72
 498 0216 58       		.byte	0x58
 499 0217 08       		.uleb128 0x8
 500 0218 F6050000 		.4byte	.LASF73
 501 021c 70       		.byte	0x70
 502 021d 08       		.uleb128 0x8
 503 021e 570A0000 		.4byte	.LASF74
 504 0222 71       		.byte	0x71
 505 0223 08       		.uleb128 0x8
 506 0224 B0080000 		.4byte	.LASF75
 507 0228 72       		.byte	0x72
 508 0229 08       		.uleb128 0x8
 509 022a 17030000 		.4byte	.LASF76
ARM GAS  C:\Users\ANTONI~1\AppData\Local\Temp\ccnmZkpc.s 			page 12


 510 022e 73       		.byte	0x73
 511 022f 08       		.uleb128 0x8
 512 0230 97050000 		.4byte	.LASF77
 513 0234 74       		.byte	0x74
 514 0235 08       		.uleb128 0x8
 515 0236 74070000 		.4byte	.LASF78
 516 023a 75       		.byte	0x75
 517 023b 08       		.uleb128 0x8
 518 023c 35030000 		.4byte	.LASF79
 519 0240 76       		.byte	0x76
 520 0241 08       		.uleb128 0x8
 521 0242 380A0000 		.4byte	.LASF80
 522 0246 77       		.byte	0x77
 523 0247 08       		.uleb128 0x8
 524 0248 5C090000 		.4byte	.LASF81
 525 024c 78       		.byte	0x78
 526 024d 08       		.uleb128 0x8
 527 024e C4090000 		.4byte	.LASF82
 528 0252 79       		.byte	0x79
 529 0253 08       		.uleb128 0x8
 530 0254 400B0000 		.4byte	.LASF83
 531 0258 7A       		.byte	0x7a
 532 0259 08       		.uleb128 0x8
 533 025a 3E090000 		.4byte	.LASF84
 534 025e FA       		.byte	0xfa
 535 025f 08       		.uleb128 0x8
 536 0260 5D060000 		.4byte	.LASF85
 537 0264 FB       		.byte	0xfb
 538 0265 08       		.uleb128 0x8
 539 0266 7C0C0000 		.4byte	.LASF86
 540 026a FC       		.byte	0xfc
 541 026b 08       		.uleb128 0x8
 542 026c 30080000 		.4byte	.LASF87
 543 0270 FD       		.byte	0xfd
 544 0271 08       		.uleb128 0x8
 545 0272 830B0000 		.4byte	.LASF88
 546 0276 FF       		.byte	0xff
 547 0277 00       		.byte	0
 548 0278 04       		.uleb128 0x4
 549 0279 1E0C0000 		.4byte	.LASF89
 550 027d 03       		.byte	0x3
 551 027e 8901     		.2byte	0x189
 552 0280 77000000 		.4byte	0x77
 553 0284 09       		.uleb128 0x9
 554 0285 02       		.byte	0x2
 555 0286 03       		.byte	0x3
 556 0287 9301     		.2byte	0x193
 557 0289 A8020000 		.4byte	0x2a8
 558 028d 0A       		.uleb128 0xa
 559 028e 56030000 		.4byte	.LASF90
 560 0292 03       		.byte	0x3
 561 0293 9A01     		.2byte	0x19a
 562 0295 6B000000 		.4byte	0x6b
 563 0299 00       		.byte	0
 564 029a 0A       		.uleb128 0xa
 565 029b 6E070000 		.4byte	.LASF91
 566 029f 03       		.byte	0x3
ARM GAS  C:\Users\ANTONI~1\AppData\Local\Temp\ccnmZkpc.s 			page 13


 567 02a0 A001     		.2byte	0x1a0
 568 02a2 6B000000 		.4byte	0x6b
 569 02a6 01       		.byte	0x1
 570 02a7 00       		.byte	0
 571 02a8 04       		.uleb128 0x4
 572 02a9 91090000 		.4byte	.LASF92
 573 02ad 03       		.byte	0x3
 574 02ae A201     		.2byte	0x1a2
 575 02b0 84020000 		.4byte	0x284
 576 02b4 09       		.uleb128 0x9
 577 02b5 08       		.byte	0x8
 578 02b6 03       		.byte	0x3
 579 02b7 BE01     		.2byte	0x1be
 580 02b9 E5020000 		.4byte	0x2e5
 581 02bd 0B       		.uleb128 0xb
 582 02be 76616C00 		.ascii	"val\000"
 583 02c2 03       		.byte	0x3
 584 02c3 C101     		.2byte	0x1c1
 585 02c5 B4000000 		.4byte	0xb4
 586 02c9 00       		.byte	0
 587 02ca 0B       		.uleb128 0xb
 588 02cb 6C656E00 		.ascii	"len\000"
 589 02cf 03       		.byte	0x3
 590 02d0 C401     		.2byte	0x1c4
 591 02d2 77000000 		.4byte	0x77
 592 02d6 04       		.byte	0x4
 593 02d7 0A       		.uleb128 0xa
 594 02d8 AB0A0000 		.4byte	.LASF93
 595 02dc 03       		.byte	0x3
 596 02dd CB01     		.2byte	0x1cb
 597 02df 77000000 		.4byte	0x77
 598 02e3 06       		.byte	0x6
 599 02e4 00       		.byte	0
 600 02e5 04       		.uleb128 0x4
 601 02e6 9D080000 		.4byte	.LASF94
 602 02ea 03       		.byte	0x3
 603 02eb CD01     		.2byte	0x1cd
 604 02ed B4020000 		.4byte	0x2b4
 605 02f1 09       		.uleb128 0x9
 606 02f2 0C       		.byte	0xc
 607 02f3 03       		.byte	0x3
 608 02f4 D001     		.2byte	0x1d0
 609 02f6 15030000 		.4byte	0x315
 610 02fa 0A       		.uleb128 0xa
 611 02fb F90B0000 		.4byte	.LASF95
 612 02ff 03       		.byte	0x3
 613 0300 D301     		.2byte	0x1d3
 614 0302 E5020000 		.4byte	0x2e5
 615 0306 00       		.byte	0
 616 0307 0A       		.uleb128 0xa
 617 0308 7F090000 		.4byte	.LASF96
 618 030c 03       		.byte	0x3
 619 030d D601     		.2byte	0x1d6
 620 030f 78020000 		.4byte	0x278
 621 0313 08       		.byte	0x8
 622 0314 00       		.byte	0
 623 0315 04       		.uleb128 0x4
ARM GAS  C:\Users\ANTONI~1\AppData\Local\Temp\ccnmZkpc.s 			page 14


 624 0316 A5090000 		.4byte	.LASF97
 625 031a 03       		.byte	0x3
 626 031b D801     		.2byte	0x1d8
 627 031d F1020000 		.4byte	0x2f1
 628 0321 0C       		.uleb128 0xc
 629 0322 10       		.byte	0x10
 630 0323 04       		.byte	0x4
 631 0324 8A       		.byte	0x8a
 632 0325 42030000 		.4byte	0x342
 633 0329 0D       		.uleb128 0xd
 634 032a B2070000 		.4byte	.LASF98
 635 032e 04       		.byte	0x4
 636 032f 8D       		.byte	0x8d
 637 0330 A8020000 		.4byte	0x2a8
 638 0334 00       		.byte	0
 639 0335 0D       		.uleb128 0xd
 640 0336 E5080000 		.4byte	.LASF99
 641 033a 04       		.byte	0x4
 642 033b 90       		.byte	0x90
 643 033c 15030000 		.4byte	0x315
 644 0340 04       		.byte	0x4
 645 0341 00       		.byte	0
 646 0342 0E       		.uleb128 0xe
 647 0343 53050000 		.4byte	.LASF100
 648 0347 04       		.byte	0x4
 649 0348 92       		.byte	0x92
 650 0349 21030000 		.4byte	0x321
 651 034d 0F       		.uleb128 0xf
 652 034e A20B0000 		.4byte	.LASF120
 653 0352 01       		.byte	0x1
 654 0353 1A       		.byte	0x1a
 655 0354 00000000 		.4byte	.LFB35
 656 0358 F0000000 		.4byte	.LFE35-.LFB35
 657 035c 01       		.uleb128 0x1
 658 035d 9C       		.byte	0x9c
 659 035e 11050000 		.4byte	0x511
 660 0362 10       		.uleb128 0x10
 661 0363 62010000 		.4byte	.LASF101
 662 0367 01       		.byte	0x1
 663 0368 1A       		.byte	0x1a
 664 0369 83000000 		.4byte	0x83
 665 036d 00000000 		.4byte	.LLST0
 666 0371 10       		.uleb128 0x10
 667 0372 3A0C0000 		.4byte	.LASF102
 668 0376 01       		.byte	0x1
 669 0377 1A       		.byte	0x1a
 670 0378 B2000000 		.4byte	0xb2
 671 037c 85000000 		.4byte	.LLST1
 672 0380 11       		.uleb128 0x11
 673 0381 450C0000 		.4byte	.LASF103
 674 0385 01       		.byte	0x1
 675 0386 1D       		.byte	0x1d
 676 0387 11050000 		.4byte	0x511
 677 038b 09010000 		.4byte	.LLST2
 678 038f 11       		.uleb128 0x11
 679 0390 180B0000 		.4byte	.LASF104
 680 0394 01       		.byte	0x1
ARM GAS  C:\Users\ANTONI~1\AppData\Local\Temp\ccnmZkpc.s 			page 15


 681 0395 1E       		.byte	0x1e
 682 0396 11050000 		.4byte	0x511
 683 039a 09010000 		.4byte	.LLST2
 684 039e 11       		.uleb128 0x11
 685 039f 1C080000 		.4byte	.LASF105
 686 03a3 01       		.byte	0x1
 687 03a4 1F       		.byte	0x1f
 688 03a5 11050000 		.4byte	0x511
 689 03a9 09010000 		.4byte	.LLST2
 690 03ad 12       		.uleb128 0x12
 691 03ae 20000000 		.4byte	.LVL2
 692 03b2 6C050000 		.4byte	0x56c
 693 03b6 C0030000 		.4byte	0x3c0
 694 03ba 13       		.uleb128 0x13
 695 03bb 01       		.uleb128 0x1
 696 03bc 50       		.byte	0x50
 697 03bd 01       		.uleb128 0x1
 698 03be 30       		.byte	0x30
 699 03bf 00       		.byte	0
 700 03c0 14       		.uleb128 0x14
 701 03c1 2A000000 		.4byte	.LVL3
 702 03c5 78050000 		.4byte	0x578
 703 03c9 12       		.uleb128 0x12
 704 03ca 32000000 		.4byte	.LVL4
 705 03ce 83050000 		.4byte	0x583
 706 03d2 E1030000 		.4byte	0x3e1
 707 03d6 13       		.uleb128 0x13
 708 03d7 01       		.uleb128 0x1
 709 03d8 50       		.byte	0x50
 710 03d9 01       		.uleb128 0x1
 711 03da 30       		.byte	0x30
 712 03db 13       		.uleb128 0x13
 713 03dc 01       		.uleb128 0x1
 714 03dd 51       		.byte	0x51
 715 03de 01       		.uleb128 0x1
 716 03df 30       		.byte	0x30
 717 03e0 00       		.byte	0
 718 03e1 12       		.uleb128 0x12
 719 03e2 38000000 		.4byte	.LVL5
 720 03e6 8E050000 		.4byte	0x58e
 721 03ea F8030000 		.4byte	0x3f8
 722 03ee 13       		.uleb128 0x13
 723 03ef 01       		.uleb128 0x1
 724 03f0 50       		.byte	0x50
 725 03f1 05       		.uleb128 0x5
 726 03f2 03       		.byte	0x3
 727 03f3 00000000 		.4byte	.LC1
 728 03f7 00       		.byte	0
 729 03f8 12       		.uleb128 0x12
 730 03f9 40000000 		.4byte	.LVL6
 731 03fd 83050000 		.4byte	0x583
 732 0401 10040000 		.4byte	0x410
 733 0405 13       		.uleb128 0x13
 734 0406 01       		.uleb128 0x1
 735 0407 50       		.byte	0x50
 736 0408 01       		.uleb128 0x1
 737 0409 30       		.byte	0x30
ARM GAS  C:\Users\ANTONI~1\AppData\Local\Temp\ccnmZkpc.s 			page 16


 738 040a 13       		.uleb128 0x13
 739 040b 01       		.uleb128 0x1
 740 040c 51       		.byte	0x51
 741 040d 01       		.uleb128 0x1
 742 040e 31       		.byte	0x31
 743 040f 00       		.byte	0
 744 0410 12       		.uleb128 0x12
 745 0411 46000000 		.4byte	.LVL7
 746 0415 8E050000 		.4byte	0x58e
 747 0419 27040000 		.4byte	0x427
 748 041d 13       		.uleb128 0x13
 749 041e 01       		.uleb128 0x1
 750 041f 50       		.byte	0x50
 751 0420 05       		.uleb128 0x5
 752 0421 03       		.byte	0x3
 753 0422 10000000 		.4byte	.LC3
 754 0426 00       		.byte	0
 755 0427 12       		.uleb128 0x12
 756 0428 50000000 		.4byte	.LVL10
 757 042c 99050000 		.4byte	0x599
 758 0430 43040000 		.4byte	0x443
 759 0434 13       		.uleb128 0x13
 760 0435 01       		.uleb128 0x1
 761 0436 50       		.byte	0x50
 762 0437 05       		.uleb128 0x5
 763 0438 03       		.byte	0x3
 764 0439 00000000 		.4byte	connectionHandle
 765 043d 13       		.uleb128 0x13
 766 043e 01       		.uleb128 0x1
 767 043f 52       		.byte	0x52
 768 0440 01       		.uleb128 0x1
 769 0441 32       		.byte	0x32
 770 0442 00       		.byte	0
 771 0443 14       		.uleb128 0x14
 772 0444 5A000000 		.4byte	.LVL11
 773 0448 78050000 		.4byte	0x578
 774 044c 12       		.uleb128 0x12
 775 044d 60000000 		.4byte	.LVL12
 776 0451 8E050000 		.4byte	0x58e
 777 0455 63040000 		.4byte	0x463
 778 0459 13       		.uleb128 0x13
 779 045a 01       		.uleb128 0x1
 780 045b 50       		.byte	0x50
 781 045c 05       		.uleb128 0x5
 782 045d 03       		.byte	0x3
 783 045e 00000000 		.4byte	.LC1
 784 0462 00       		.byte	0
 785 0463 12       		.uleb128 0x12
 786 0464 68000000 		.4byte	.LVL13
 787 0468 83050000 		.4byte	0x583
 788 046c 7B040000 		.4byte	0x47b
 789 0470 13       		.uleb128 0x13
 790 0471 01       		.uleb128 0x1
 791 0472 50       		.byte	0x50
 792 0473 01       		.uleb128 0x1
 793 0474 30       		.byte	0x30
 794 0475 13       		.uleb128 0x13
ARM GAS  C:\Users\ANTONI~1\AppData\Local\Temp\ccnmZkpc.s 			page 17


 795 0476 01       		.uleb128 0x1
 796 0477 51       		.byte	0x51
 797 0478 01       		.uleb128 0x1
 798 0479 31       		.byte	0x31
 799 047a 00       		.byte	0
 800 047b 12       		.uleb128 0x12
 801 047c 6E000000 		.4byte	.LVL14
 802 0480 8E050000 		.4byte	0x58e
 803 0484 92040000 		.4byte	0x492
 804 0488 13       		.uleb128 0x13
 805 0489 01       		.uleb128 0x1
 806 048a 50       		.byte	0x50
 807 048b 05       		.uleb128 0x5
 808 048c 03       		.byte	0x3
 809 048d 20000000 		.4byte	.LC6
 810 0491 00       		.byte	0
 811 0492 12       		.uleb128 0x12
 812 0493 82000000 		.4byte	.LVL18
 813 0497 A2050000 		.4byte	0x5a2
 814 049b B9040000 		.4byte	0x4b9
 815 049f 13       		.uleb128 0x13
 816 04a0 01       		.uleb128 0x1
 817 04a1 50       		.byte	0x50
 818 04a2 02       		.uleb128 0x2
 819 04a3 74       		.byte	0x74
 820 04a4 04       		.sleb128 4
 821 04a5 13       		.uleb128 0x13
 822 04a6 01       		.uleb128 0x1
 823 04a7 51       		.byte	0x51
 824 04a8 01       		.uleb128 0x1
 825 04a9 30       		.byte	0x30
 826 04aa 13       		.uleb128 0x13
 827 04ab 01       		.uleb128 0x1
 828 04ac 52       		.byte	0x52
 829 04ad 05       		.uleb128 0x5
 830 04ae 03       		.byte	0x3
 831 04af 00000000 		.4byte	connectionHandle
 832 04b3 13       		.uleb128 0x13
 833 04b4 01       		.uleb128 0x1
 834 04b5 53       		.byte	0x53
 835 04b6 01       		.uleb128 0x1
 836 04b7 30       		.byte	0x30
 837 04b8 00       		.byte	0
 838 04b9 12       		.uleb128 0x12
 839 04ba 9C000000 		.4byte	.LVL22
 840 04be A2050000 		.4byte	0x5a2
 841 04c2 E0040000 		.4byte	0x4e0
 842 04c6 13       		.uleb128 0x13
 843 04c7 01       		.uleb128 0x1
 844 04c8 50       		.byte	0x50
 845 04c9 02       		.uleb128 0x2
 846 04ca 74       		.byte	0x74
 847 04cb 04       		.sleb128 4
 848 04cc 13       		.uleb128 0x13
 849 04cd 01       		.uleb128 0x1
 850 04ce 51       		.byte	0x51
 851 04cf 01       		.uleb128 0x1
ARM GAS  C:\Users\ANTONI~1\AppData\Local\Temp\ccnmZkpc.s 			page 18


 852 04d0 30       		.byte	0x30
 853 04d1 13       		.uleb128 0x13
 854 04d2 01       		.uleb128 0x1
 855 04d3 52       		.byte	0x52
 856 04d4 05       		.uleb128 0x5
 857 04d5 03       		.byte	0x3
 858 04d6 00000000 		.4byte	connectionHandle
 859 04da 13       		.uleb128 0x13
 860 04db 01       		.uleb128 0x1
 861 04dc 53       		.byte	0x53
 862 04dd 01       		.uleb128 0x1
 863 04de 30       		.byte	0x30
 864 04df 00       		.byte	0
 865 04e0 12       		.uleb128 0x12
 866 04e1 B6000000 		.4byte	.LVL26
 867 04e5 A2050000 		.4byte	0x5a2
 868 04e9 07050000 		.4byte	0x507
 869 04ed 13       		.uleb128 0x13
 870 04ee 01       		.uleb128 0x1
 871 04ef 50       		.byte	0x50
 872 04f0 02       		.uleb128 0x2
 873 04f1 74       		.byte	0x74
 874 04f2 04       		.sleb128 4
 875 04f3 13       		.uleb128 0x13
 876 04f4 01       		.uleb128 0x1
 877 04f5 51       		.byte	0x51
 878 04f6 01       		.uleb128 0x1
 879 04f7 30       		.byte	0x30
 880 04f8 13       		.uleb128 0x13
 881 04f9 01       		.uleb128 0x1
 882 04fa 52       		.byte	0x52
 883 04fb 05       		.uleb128 0x5
 884 04fc 03       		.byte	0x3
 885 04fd 00000000 		.4byte	connectionHandle
 886 0501 13       		.uleb128 0x13
 887 0502 01       		.uleb128 0x1
 888 0503 53       		.byte	0x53
 889 0504 01       		.uleb128 0x1
 890 0505 30       		.byte	0x30
 891 0506 00       		.byte	0
 892 0507 14       		.uleb128 0x14
 893 0508 CC000000 		.4byte	.LVL27
 894 050c AE050000 		.4byte	0x5ae
 895 0510 00       		.byte	0
 896 0511 06       		.uleb128 0x6
 897 0512 04       		.byte	0x4
 898 0513 42030000 		.4byte	0x342
 899 0517 15       		.uleb128 0x15
 900 0518 D4040000 		.4byte	.LASF106
 901 051c 01       		.byte	0x1
 902 051d 13       		.byte	0x13
 903 051e 6B000000 		.4byte	0x6b
 904 0522 05       		.uleb128 0x5
 905 0523 03       		.byte	0x3
 906 0524 00000000 		.4byte	startNotificationHumidity
 907 0528 15       		.uleb128 0x15
 908 0529 9F000000 		.4byte	.LASF107
ARM GAS  C:\Users\ANTONI~1\AppData\Local\Temp\ccnmZkpc.s 			page 19


 909 052d 01       		.byte	0x1
 910 052e 14       		.byte	0x14
 911 052f 6B000000 		.4byte	0x6b
 912 0533 05       		.uleb128 0x5
 913 0534 03       		.byte	0x3
 914 0535 00000000 		.4byte	startNotificationTemperature
 915 0539 15       		.uleb128 0x15
 916 053a 040A0000 		.4byte	.LASF108
 917 053e 01       		.byte	0x1
 918 053f 15       		.byte	0x15
 919 0540 6B000000 		.4byte	0x6b
 920 0544 05       		.uleb128 0x5
 921 0545 03       		.byte	0x3
 922 0546 00000000 		.4byte	startNotificationProximity
 923 054a 15       		.uleb128 0x15
 924 054b 7C060000 		.4byte	.LASF109
 925 054f 01       		.byte	0x1
 926 0550 16       		.byte	0x16
 927 0551 6B000000 		.4byte	0x6b
 928 0555 05       		.uleb128 0x5
 929 0556 03       		.byte	0x3
 930 0557 00000000 		.4byte	deviceConnected
 931 055b 15       		.uleb128 0x15
 932 055c 910B0000 		.4byte	.LASF110
 933 0560 01       		.byte	0x1
 934 0561 18       		.byte	0x18
 935 0562 A8020000 		.4byte	0x2a8
 936 0566 05       		.uleb128 0x5
 937 0567 03       		.byte	0x3
 938 0568 00000000 		.4byte	connectionHandle
 939 056c 16       		.uleb128 0x16
 940 056d D9050000 		.4byte	.LASF111
 941 0571 D9050000 		.4byte	.LASF111
 942 0575 05       		.byte	0x5
 943 0576 8202     		.2byte	0x282
 944 0578 17       		.uleb128 0x17
 945 0579 99020000 		.4byte	.LASF112
 946 057d 99020000 		.4byte	.LASF112
 947 0581 06       		.byte	0x6
 948 0582 54       		.byte	0x54
 949 0583 17       		.uleb128 0x17
 950 0584 20070000 		.4byte	.LASF113
 951 0588 20070000 		.4byte	.LASF113
 952 058c 06       		.byte	0x6
 953 058d 88       		.byte	0x88
 954 058e 17       		.uleb128 0x17
 955 058f 58010000 		.4byte	.LASF114
 956 0593 58010000 		.4byte	.LASF114
 957 0597 06       		.byte	0x6
 958 0598 8B       		.byte	0x8b
 959 0599 18       		.uleb128 0x18
 960 059a 92020000 		.4byte	.LASF121
 961 059e 92020000 		.4byte	.LASF121
 962 05a2 16       		.uleb128 0x16
 963 05a3 2B010000 		.4byte	.LASF115
 964 05a7 2B010000 		.4byte	.LASF115
 965 05ab 07       		.byte	0x7
ARM GAS  C:\Users\ANTONI~1\AppData\Local\Temp\ccnmZkpc.s 			page 20


 966 05ac 8401     		.2byte	0x184
 967 05ae 16       		.uleb128 0x16
 968 05af 49060000 		.4byte	.LASF116
 969 05b3 49060000 		.4byte	.LASF116
 970 05b7 04       		.byte	0x4
 971 05b8 C201     		.2byte	0x1c2
 972 05ba 00       		.byte	0
 973              		.section	.debug_abbrev,"",%progbits
 974              	.Ldebug_abbrev0:
 975 0000 01       		.uleb128 0x1
 976 0001 11       		.uleb128 0x11
 977 0002 01       		.byte	0x1
 978 0003 25       		.uleb128 0x25
 979 0004 0E       		.uleb128 0xe
 980 0005 13       		.uleb128 0x13
 981 0006 0B       		.uleb128 0xb
 982 0007 03       		.uleb128 0x3
 983 0008 0E       		.uleb128 0xe
 984 0009 1B       		.uleb128 0x1b
 985 000a 0E       		.uleb128 0xe
 986 000b 55       		.uleb128 0x55
 987 000c 17       		.uleb128 0x17
 988 000d 11       		.uleb128 0x11
 989 000e 01       		.uleb128 0x1
 990 000f 10       		.uleb128 0x10
 991 0010 17       		.uleb128 0x17
 992 0011 00       		.byte	0
 993 0012 00       		.byte	0
 994 0013 02       		.uleb128 0x2
 995 0014 24       		.uleb128 0x24
 996 0015 00       		.byte	0
 997 0016 0B       		.uleb128 0xb
 998 0017 0B       		.uleb128 0xb
 999 0018 3E       		.uleb128 0x3e
 1000 0019 0B       		.uleb128 0xb
 1001 001a 03       		.uleb128 0x3
 1002 001b 0E       		.uleb128 0xe
 1003 001c 00       		.byte	0
 1004 001d 00       		.byte	0
 1005 001e 03       		.uleb128 0x3
 1006 001f 24       		.uleb128 0x24
 1007 0020 00       		.byte	0
 1008 0021 0B       		.uleb128 0xb
 1009 0022 0B       		.uleb128 0xb
 1010 0023 3E       		.uleb128 0x3e
 1011 0024 0B       		.uleb128 0xb
 1012 0025 03       		.uleb128 0x3
 1013 0026 08       		.uleb128 0x8
 1014 0027 00       		.byte	0
 1015 0028 00       		.byte	0
 1016 0029 04       		.uleb128 0x4
 1017 002a 16       		.uleb128 0x16
 1018 002b 00       		.byte	0
 1019 002c 03       		.uleb128 0x3
 1020 002d 0E       		.uleb128 0xe
 1021 002e 3A       		.uleb128 0x3a
 1022 002f 0B       		.uleb128 0xb
ARM GAS  C:\Users\ANTONI~1\AppData\Local\Temp\ccnmZkpc.s 			page 21


 1023 0030 3B       		.uleb128 0x3b
 1024 0031 05       		.uleb128 0x5
 1025 0032 49       		.uleb128 0x49
 1026 0033 13       		.uleb128 0x13
 1027 0034 00       		.byte	0
 1028 0035 00       		.byte	0
 1029 0036 05       		.uleb128 0x5
 1030 0037 0F       		.uleb128 0xf
 1031 0038 00       		.byte	0
 1032 0039 0B       		.uleb128 0xb
 1033 003a 0B       		.uleb128 0xb
 1034 003b 00       		.byte	0
 1035 003c 00       		.byte	0
 1036 003d 06       		.uleb128 0x6
 1037 003e 0F       		.uleb128 0xf
 1038 003f 00       		.byte	0
 1039 0040 0B       		.uleb128 0xb
 1040 0041 0B       		.uleb128 0xb
 1041 0042 49       		.uleb128 0x49
 1042 0043 13       		.uleb128 0x13
 1043 0044 00       		.byte	0
 1044 0045 00       		.byte	0
 1045 0046 07       		.uleb128 0x7
 1046 0047 04       		.uleb128 0x4
 1047 0048 01       		.byte	0x1
 1048 0049 0B       		.uleb128 0xb
 1049 004a 0B       		.uleb128 0xb
 1050 004b 49       		.uleb128 0x49
 1051 004c 13       		.uleb128 0x13
 1052 004d 3A       		.uleb128 0x3a
 1053 004e 0B       		.uleb128 0xb
 1054 004f 3B       		.uleb128 0x3b
 1055 0050 05       		.uleb128 0x5
 1056 0051 01       		.uleb128 0x1
 1057 0052 13       		.uleb128 0x13
 1058 0053 00       		.byte	0
 1059 0054 00       		.byte	0
 1060 0055 08       		.uleb128 0x8
 1061 0056 28       		.uleb128 0x28
 1062 0057 00       		.byte	0
 1063 0058 03       		.uleb128 0x3
 1064 0059 0E       		.uleb128 0xe
 1065 005a 1C       		.uleb128 0x1c
 1066 005b 0B       		.uleb128 0xb
 1067 005c 00       		.byte	0
 1068 005d 00       		.byte	0
 1069 005e 09       		.uleb128 0x9
 1070 005f 13       		.uleb128 0x13
 1071 0060 01       		.byte	0x1
 1072 0061 0B       		.uleb128 0xb
 1073 0062 0B       		.uleb128 0xb
 1074 0063 3A       		.uleb128 0x3a
 1075 0064 0B       		.uleb128 0xb
 1076 0065 3B       		.uleb128 0x3b
 1077 0066 05       		.uleb128 0x5
 1078 0067 01       		.uleb128 0x1
 1079 0068 13       		.uleb128 0x13
ARM GAS  C:\Users\ANTONI~1\AppData\Local\Temp\ccnmZkpc.s 			page 22


 1080 0069 00       		.byte	0
 1081 006a 00       		.byte	0
 1082 006b 0A       		.uleb128 0xa
 1083 006c 0D       		.uleb128 0xd
 1084 006d 00       		.byte	0
 1085 006e 03       		.uleb128 0x3
 1086 006f 0E       		.uleb128 0xe
 1087 0070 3A       		.uleb128 0x3a
 1088 0071 0B       		.uleb128 0xb
 1089 0072 3B       		.uleb128 0x3b
 1090 0073 05       		.uleb128 0x5
 1091 0074 49       		.uleb128 0x49
 1092 0075 13       		.uleb128 0x13
 1093 0076 38       		.uleb128 0x38
 1094 0077 0B       		.uleb128 0xb
 1095 0078 00       		.byte	0
 1096 0079 00       		.byte	0
 1097 007a 0B       		.uleb128 0xb
 1098 007b 0D       		.uleb128 0xd
 1099 007c 00       		.byte	0
 1100 007d 03       		.uleb128 0x3
 1101 007e 08       		.uleb128 0x8
 1102 007f 3A       		.uleb128 0x3a
 1103 0080 0B       		.uleb128 0xb
 1104 0081 3B       		.uleb128 0x3b
 1105 0082 05       		.uleb128 0x5
 1106 0083 49       		.uleb128 0x49
 1107 0084 13       		.uleb128 0x13
 1108 0085 38       		.uleb128 0x38
 1109 0086 0B       		.uleb128 0xb
 1110 0087 00       		.byte	0
 1111 0088 00       		.byte	0
 1112 0089 0C       		.uleb128 0xc
 1113 008a 13       		.uleb128 0x13
 1114 008b 01       		.byte	0x1
 1115 008c 0B       		.uleb128 0xb
 1116 008d 0B       		.uleb128 0xb
 1117 008e 3A       		.uleb128 0x3a
 1118 008f 0B       		.uleb128 0xb
 1119 0090 3B       		.uleb128 0x3b
 1120 0091 0B       		.uleb128 0xb
 1121 0092 01       		.uleb128 0x1
 1122 0093 13       		.uleb128 0x13
 1123 0094 00       		.byte	0
 1124 0095 00       		.byte	0
 1125 0096 0D       		.uleb128 0xd
 1126 0097 0D       		.uleb128 0xd
 1127 0098 00       		.byte	0
 1128 0099 03       		.uleb128 0x3
 1129 009a 0E       		.uleb128 0xe
 1130 009b 3A       		.uleb128 0x3a
 1131 009c 0B       		.uleb128 0xb
 1132 009d 3B       		.uleb128 0x3b
 1133 009e 0B       		.uleb128 0xb
 1134 009f 49       		.uleb128 0x49
 1135 00a0 13       		.uleb128 0x13
 1136 00a1 38       		.uleb128 0x38
ARM GAS  C:\Users\ANTONI~1\AppData\Local\Temp\ccnmZkpc.s 			page 23


 1137 00a2 0B       		.uleb128 0xb
 1138 00a3 00       		.byte	0
 1139 00a4 00       		.byte	0
 1140 00a5 0E       		.uleb128 0xe
 1141 00a6 16       		.uleb128 0x16
 1142 00a7 00       		.byte	0
 1143 00a8 03       		.uleb128 0x3
 1144 00a9 0E       		.uleb128 0xe
 1145 00aa 3A       		.uleb128 0x3a
 1146 00ab 0B       		.uleb128 0xb
 1147 00ac 3B       		.uleb128 0x3b
 1148 00ad 0B       		.uleb128 0xb
 1149 00ae 49       		.uleb128 0x49
 1150 00af 13       		.uleb128 0x13
 1151 00b0 00       		.byte	0
 1152 00b1 00       		.byte	0
 1153 00b2 0F       		.uleb128 0xf
 1154 00b3 2E       		.uleb128 0x2e
 1155 00b4 01       		.byte	0x1
 1156 00b5 3F       		.uleb128 0x3f
 1157 00b6 19       		.uleb128 0x19
 1158 00b7 03       		.uleb128 0x3
 1159 00b8 0E       		.uleb128 0xe
 1160 00b9 3A       		.uleb128 0x3a
 1161 00ba 0B       		.uleb128 0xb
 1162 00bb 3B       		.uleb128 0x3b
 1163 00bc 0B       		.uleb128 0xb
 1164 00bd 27       		.uleb128 0x27
 1165 00be 19       		.uleb128 0x19
 1166 00bf 11       		.uleb128 0x11
 1167 00c0 01       		.uleb128 0x1
 1168 00c1 12       		.uleb128 0x12
 1169 00c2 06       		.uleb128 0x6
 1170 00c3 40       		.uleb128 0x40
 1171 00c4 18       		.uleb128 0x18
 1172 00c5 9742     		.uleb128 0x2117
 1173 00c7 19       		.uleb128 0x19
 1174 00c8 01       		.uleb128 0x1
 1175 00c9 13       		.uleb128 0x13
 1176 00ca 00       		.byte	0
 1177 00cb 00       		.byte	0
 1178 00cc 10       		.uleb128 0x10
 1179 00cd 05       		.uleb128 0x5
 1180 00ce 00       		.byte	0
 1181 00cf 03       		.uleb128 0x3
 1182 00d0 0E       		.uleb128 0xe
 1183 00d1 3A       		.uleb128 0x3a
 1184 00d2 0B       		.uleb128 0xb
 1185 00d3 3B       		.uleb128 0x3b
 1186 00d4 0B       		.uleb128 0xb
 1187 00d5 49       		.uleb128 0x49
 1188 00d6 13       		.uleb128 0x13
 1189 00d7 02       		.uleb128 0x2
 1190 00d8 17       		.uleb128 0x17
 1191 00d9 00       		.byte	0
 1192 00da 00       		.byte	0
 1193 00db 11       		.uleb128 0x11
ARM GAS  C:\Users\ANTONI~1\AppData\Local\Temp\ccnmZkpc.s 			page 24


 1194 00dc 34       		.uleb128 0x34
 1195 00dd 00       		.byte	0
 1196 00de 03       		.uleb128 0x3
 1197 00df 0E       		.uleb128 0xe
 1198 00e0 3A       		.uleb128 0x3a
 1199 00e1 0B       		.uleb128 0xb
 1200 00e2 3B       		.uleb128 0x3b
 1201 00e3 0B       		.uleb128 0xb
 1202 00e4 49       		.uleb128 0x49
 1203 00e5 13       		.uleb128 0x13
 1204 00e6 02       		.uleb128 0x2
 1205 00e7 17       		.uleb128 0x17
 1206 00e8 00       		.byte	0
 1207 00e9 00       		.byte	0
 1208 00ea 12       		.uleb128 0x12
 1209 00eb 898201   		.uleb128 0x4109
 1210 00ee 01       		.byte	0x1
 1211 00ef 11       		.uleb128 0x11
 1212 00f0 01       		.uleb128 0x1
 1213 00f1 31       		.uleb128 0x31
 1214 00f2 13       		.uleb128 0x13
 1215 00f3 01       		.uleb128 0x1
 1216 00f4 13       		.uleb128 0x13
 1217 00f5 00       		.byte	0
 1218 00f6 00       		.byte	0
 1219 00f7 13       		.uleb128 0x13
 1220 00f8 8A8201   		.uleb128 0x410a
 1221 00fb 00       		.byte	0
 1222 00fc 02       		.uleb128 0x2
 1223 00fd 18       		.uleb128 0x18
 1224 00fe 9142     		.uleb128 0x2111
 1225 0100 18       		.uleb128 0x18
 1226 0101 00       		.byte	0
 1227 0102 00       		.byte	0
 1228 0103 14       		.uleb128 0x14
 1229 0104 898201   		.uleb128 0x4109
 1230 0107 00       		.byte	0
 1231 0108 11       		.uleb128 0x11
 1232 0109 01       		.uleb128 0x1
 1233 010a 31       		.uleb128 0x31
 1234 010b 13       		.uleb128 0x13
 1235 010c 00       		.byte	0
 1236 010d 00       		.byte	0
 1237 010e 15       		.uleb128 0x15
 1238 010f 34       		.uleb128 0x34
 1239 0110 00       		.byte	0
 1240 0111 03       		.uleb128 0x3
 1241 0112 0E       		.uleb128 0xe
 1242 0113 3A       		.uleb128 0x3a
 1243 0114 0B       		.uleb128 0xb
 1244 0115 3B       		.uleb128 0x3b
 1245 0116 0B       		.uleb128 0xb
 1246 0117 49       		.uleb128 0x49
 1247 0118 13       		.uleb128 0x13
 1248 0119 3F       		.uleb128 0x3f
 1249 011a 19       		.uleb128 0x19
 1250 011b 02       		.uleb128 0x2
ARM GAS  C:\Users\ANTONI~1\AppData\Local\Temp\ccnmZkpc.s 			page 25


 1251 011c 18       		.uleb128 0x18
 1252 011d 00       		.byte	0
 1253 011e 00       		.byte	0
 1254 011f 16       		.uleb128 0x16
 1255 0120 2E       		.uleb128 0x2e
 1256 0121 00       		.byte	0
 1257 0122 3F       		.uleb128 0x3f
 1258 0123 19       		.uleb128 0x19
 1259 0124 3C       		.uleb128 0x3c
 1260 0125 19       		.uleb128 0x19
 1261 0126 6E       		.uleb128 0x6e
 1262 0127 0E       		.uleb128 0xe
 1263 0128 03       		.uleb128 0x3
 1264 0129 0E       		.uleb128 0xe
 1265 012a 3A       		.uleb128 0x3a
 1266 012b 0B       		.uleb128 0xb
 1267 012c 3B       		.uleb128 0x3b
 1268 012d 05       		.uleb128 0x5
 1269 012e 00       		.byte	0
 1270 012f 00       		.byte	0
 1271 0130 17       		.uleb128 0x17
 1272 0131 2E       		.uleb128 0x2e
 1273 0132 00       		.byte	0
 1274 0133 3F       		.uleb128 0x3f
 1275 0134 19       		.uleb128 0x19
 1276 0135 3C       		.uleb128 0x3c
 1277 0136 19       		.uleb128 0x19
 1278 0137 6E       		.uleb128 0x6e
 1279 0138 0E       		.uleb128 0xe
 1280 0139 03       		.uleb128 0x3
 1281 013a 0E       		.uleb128 0xe
 1282 013b 3A       		.uleb128 0x3a
 1283 013c 0B       		.uleb128 0xb
 1284 013d 3B       		.uleb128 0x3b
 1285 013e 0B       		.uleb128 0xb
 1286 013f 00       		.byte	0
 1287 0140 00       		.byte	0
 1288 0141 18       		.uleb128 0x18
 1289 0142 2E       		.uleb128 0x2e
 1290 0143 00       		.byte	0
 1291 0144 3F       		.uleb128 0x3f
 1292 0145 19       		.uleb128 0x19
 1293 0146 3C       		.uleb128 0x3c
 1294 0147 19       		.uleb128 0x19
 1295 0148 6E       		.uleb128 0x6e
 1296 0149 0E       		.uleb128 0xe
 1297 014a 03       		.uleb128 0x3
 1298 014b 0E       		.uleb128 0xe
 1299 014c 00       		.byte	0
 1300 014d 00       		.byte	0
 1301 014e 00       		.byte	0
 1302              		.section	.debug_loc,"",%progbits
 1303              	.Ldebug_loc0:
 1304              	.LLST0:
 1305 0000 00000000 		.4byte	.LVL0
 1306 0004 1C000000 		.4byte	.LVL1
 1307 0008 0100     		.2byte	0x1
ARM GAS  C:\Users\ANTONI~1\AppData\Local\Temp\ccnmZkpc.s 			page 26


 1308 000a 50       		.byte	0x50
 1309 000b 1C000000 		.4byte	.LVL1
 1310 000f 48000000 		.4byte	.LVL8
 1311 0013 0400     		.2byte	0x4
 1312 0015 F3       		.byte	0xf3
 1313 0016 01       		.uleb128 0x1
 1314 0017 50       		.byte	0x50
 1315 0018 9F       		.byte	0x9f
 1316 0019 48000000 		.4byte	.LVL8
 1317 001d 4C000000 		.4byte	.LVL9
 1318 0021 0100     		.2byte	0x1
 1319 0023 50       		.byte	0x50
 1320 0024 4C000000 		.4byte	.LVL9
 1321 0028 70000000 		.4byte	.LVL15
 1322 002c 0400     		.2byte	0x4
 1323 002e F3       		.byte	0xf3
 1324 002f 01       		.uleb128 0x1
 1325 0030 50       		.byte	0x50
 1326 0031 9F       		.byte	0x9f
 1327 0032 70000000 		.4byte	.LVL15
 1328 0036 78000000 		.4byte	.LVL16
 1329 003a 0100     		.2byte	0x1
 1330 003c 50       		.byte	0x50
 1331 003d 78000000 		.4byte	.LVL16
 1332 0041 8C000000 		.4byte	.LVL19
 1333 0045 0400     		.2byte	0x4
 1334 0047 F3       		.byte	0xf3
 1335 0048 01       		.uleb128 0x1
 1336 0049 50       		.byte	0x50
 1337 004a 9F       		.byte	0x9f
 1338 004b 8C000000 		.4byte	.LVL19
 1339 004f 92000000 		.4byte	.LVL20
 1340 0053 0100     		.2byte	0x1
 1341 0055 50       		.byte	0x50
 1342 0056 92000000 		.4byte	.LVL20
 1343 005a A6000000 		.4byte	.LVL23
 1344 005e 0400     		.2byte	0x4
 1345 0060 F3       		.byte	0xf3
 1346 0061 01       		.uleb128 0x1
 1347 0062 50       		.byte	0x50
 1348 0063 9F       		.byte	0x9f
 1349 0064 A6000000 		.4byte	.LVL23
 1350 0068 AC000000 		.4byte	.LVL24
 1351 006c 0100     		.2byte	0x1
 1352 006e 50       		.byte	0x50
 1353 006f AC000000 		.4byte	.LVL24
 1354 0073 F0000000 		.4byte	.LFE35
 1355 0077 0400     		.2byte	0x4
 1356 0079 F3       		.byte	0xf3
 1357 007a 01       		.uleb128 0x1
 1358 007b 50       		.byte	0x50
 1359 007c 9F       		.byte	0x9f
 1360 007d 00000000 		.4byte	0
 1361 0081 00000000 		.4byte	0
 1362              	.LLST1:
 1363 0085 00000000 		.4byte	.LVL0
 1364 0089 1F000000 		.4byte	.LVL2-1
ARM GAS  C:\Users\ANTONI~1\AppData\Local\Temp\ccnmZkpc.s 			page 27


 1365 008d 0100     		.2byte	0x1
 1366 008f 51       		.byte	0x51
 1367 0090 1F000000 		.4byte	.LVL2-1
 1368 0094 48000000 		.4byte	.LVL8
 1369 0098 0100     		.2byte	0x1
 1370 009a 54       		.byte	0x54
 1371 009b 48000000 		.4byte	.LVL8
 1372 009f 4F000000 		.4byte	.LVL10-1
 1373 00a3 0100     		.2byte	0x1
 1374 00a5 51       		.byte	0x51
 1375 00a6 4F000000 		.4byte	.LVL10-1
 1376 00aa 70000000 		.4byte	.LVL15
 1377 00ae 0100     		.2byte	0x1
 1378 00b0 54       		.byte	0x54
 1379 00b1 70000000 		.4byte	.LVL15
 1380 00b5 7E000000 		.4byte	.LVL17
 1381 00b9 0100     		.2byte	0x1
 1382 00bb 51       		.byte	0x51
 1383 00bc 7E000000 		.4byte	.LVL17
 1384 00c0 8C000000 		.4byte	.LVL19
 1385 00c4 0100     		.2byte	0x1
 1386 00c6 54       		.byte	0x54
 1387 00c7 8C000000 		.4byte	.LVL19
 1388 00cb 98000000 		.4byte	.LVL21
 1389 00cf 0100     		.2byte	0x1
 1390 00d1 51       		.byte	0x51
 1391 00d2 98000000 		.4byte	.LVL21
 1392 00d6 A6000000 		.4byte	.LVL23
 1393 00da 0100     		.2byte	0x1
 1394 00dc 54       		.byte	0x54
 1395 00dd A6000000 		.4byte	.LVL23
 1396 00e1 B2000000 		.4byte	.LVL25
 1397 00e5 0100     		.2byte	0x1
 1398 00e7 51       		.byte	0x51
 1399 00e8 B2000000 		.4byte	.LVL25
 1400 00ec CC000000 		.4byte	.LVL28
 1401 00f0 0100     		.2byte	0x1
 1402 00f2 54       		.byte	0x54
 1403 00f3 CC000000 		.4byte	.LVL28
 1404 00f7 F0000000 		.4byte	.LFE35
 1405 00fb 0400     		.2byte	0x4
 1406 00fd F3       		.byte	0xf3
 1407 00fe 01       		.uleb128 0x1
 1408 00ff 51       		.byte	0x51
 1409 0100 9F       		.byte	0x9f
 1410 0101 00000000 		.4byte	0
 1411 0105 00000000 		.4byte	0
 1412              	.LLST2:
 1413 0109 70000000 		.4byte	.LVL15
 1414 010d 7E000000 		.4byte	.LVL17
 1415 0111 0100     		.2byte	0x1
 1416 0113 51       		.byte	0x51
 1417 0114 7E000000 		.4byte	.LVL17
 1418 0118 8C000000 		.4byte	.LVL19
 1419 011c 0100     		.2byte	0x1
 1420 011e 54       		.byte	0x54
 1421 011f 8C000000 		.4byte	.LVL19
ARM GAS  C:\Users\ANTONI~1\AppData\Local\Temp\ccnmZkpc.s 			page 28


 1422 0123 98000000 		.4byte	.LVL21
 1423 0127 0100     		.2byte	0x1
 1424 0129 51       		.byte	0x51
 1425 012a 98000000 		.4byte	.LVL21
 1426 012e A6000000 		.4byte	.LVL23
 1427 0132 0100     		.2byte	0x1
 1428 0134 54       		.byte	0x54
 1429 0135 A6000000 		.4byte	.LVL23
 1430 0139 B2000000 		.4byte	.LVL25
 1431 013d 0100     		.2byte	0x1
 1432 013f 51       		.byte	0x51
 1433 0140 B2000000 		.4byte	.LVL25
 1434 0144 CC000000 		.4byte	.LVL27
 1435 0148 0100     		.2byte	0x1
 1436 014a 54       		.byte	0x54
 1437 014b 00000000 		.4byte	0
 1438 014f 00000000 		.4byte	0
 1439              		.section	.debug_aranges,"",%progbits
 1440 0000 1C000000 		.4byte	0x1c
 1441 0004 0200     		.2byte	0x2
 1442 0006 00000000 		.4byte	.Ldebug_info0
 1443 000a 04       		.byte	0x4
 1444 000b 00       		.byte	0
 1445 000c 0000     		.2byte	0
 1446 000e 0000     		.2byte	0
 1447 0010 00000000 		.4byte	.LFB35
 1448 0014 F0000000 		.4byte	.LFE35-.LFB35
 1449 0018 00000000 		.4byte	0
 1450 001c 00000000 		.4byte	0
 1451              		.section	.debug_ranges,"",%progbits
 1452              	.Ldebug_ranges0:
 1453 0000 00000000 		.4byte	.LFB35
 1454 0004 F0000000 		.4byte	.LFE35
 1455 0008 00000000 		.4byte	0
 1456 000c 00000000 		.4byte	0
 1457              		.section	.debug_line,"",%progbits
 1458              	.Ldebug_line0:
 1459 0000 E8000000 		.section	.debug_str,"MS",%progbits,1
 1459      0200B400 
 1459      00000201 
 1459      FB0E0D00 
 1459      01010101 
 1460              	.LASF16:
 1461 0000 6C6F6E67 		.ascii	"long double\000"
 1461      20646F75 
 1461      626C6500 
 1462              	.LASF26:
 1463 000c 4359424C 		.ascii	"CYBLE_EVT_GAP_PASSKEY_ENTRY_REQUEST\000"
 1463      455F4556 
 1463      545F4741 
 1463      505F5041 
 1463      53534B45 
 1464              	.LASF61:
 1465 0030 4359424C 		.ascii	"CYBLE_EVT_GATTC_WRITE_RSP\000"
 1465      455F4556 
 1465      545F4741 
 1465      5454435F 
ARM GAS  C:\Users\ANTONI~1\AppData\Local\Temp\ccnmZkpc.s 			page 29


 1465      57524954 
 1466              	.LASF23:
 1467 004a 4359424C 		.ascii	"CYBLE_EVT_MEMORY_REQUEST\000"
 1467      455F4556 
 1467      545F4D45 
 1467      4D4F5259 
 1467      5F524551 
 1468              	.LASF48:
 1469 0063 4359424C 		.ascii	"CYBLE_EVT_GATTC_ERROR_RSP\000"
 1469      455F4556 
 1469      545F4741 
 1469      5454435F 
 1469      4552524F 
 1470              	.LASF32:
 1471 007d 4359424C 		.ascii	"CYBLE_EVT_GAP_DEVICE_DISCONNECTED\000"
 1471      455F4556 
 1471      545F4741 
 1471      505F4445 
 1471      56494345 
 1472              	.LASF107:
 1473 009f 73746172 		.ascii	"startNotificationTemperature\000"
 1473      744E6F74 
 1473      69666963 
 1473      6174696F 
 1473      6E54656D 
 1474              	.LASF38:
 1475 00bc 4359424C 		.ascii	"CYBLE_EVT_GAP_KEYPRESS_NOTIFICATION\000"
 1475      455F4556 
 1475      545F4741 
 1475      505F4B45 
 1475      59505245 
 1476              	.LASF2:
 1477 00e0 73686F72 		.ascii	"short int\000"
 1477      7420696E 
 1477      7400
 1478              	.LASF29:
 1479 00ea 4359424C 		.ascii	"CYBLE_EVT_GAP_AUTH_FAILED\000"
 1479      455F4556 
 1479      545F4741 
 1479      505F4155 
 1479      54485F46 
 1480              	.LASF50:
 1481 0104 4359424C 		.ascii	"CYBLE_EVT_GATT_DISCONNECT_IND\000"
 1481      455F4556 
 1481      545F4741 
 1481      54545F44 
 1481      4953434F 
 1482              	.LASF15:
 1483 0122 73697A65 		.ascii	"sizetype\000"
 1483      74797065 
 1483      00
 1484              	.LASF115:
 1485 012b 4379426C 		.ascii	"CyBle_GattsWriteAttributeValue\000"
 1485      655F4761 
 1485      74747357 
 1485      72697465 
 1485      41747472 
ARM GAS  C:\Users\ANTONI~1\AppData\Local\Temp\ccnmZkpc.s 			page 30


 1486              	.LASF6:
 1487 014a 6C6F6E67 		.ascii	"long long int\000"
 1487      206C6F6E 
 1487      6720696E 
 1487      7400
 1488              	.LASF114:
 1489 0158 4C43445F 		.ascii	"LCD_print\000"
 1489      7072696E 
 1489      7400
 1490              	.LASF101:
 1491 0162 6576656E 		.ascii	"event\000"
 1491      7400
 1492              	.LASF21:
 1493 0168 4359424C 		.ascii	"CYBLE_EVT_HCI_STATUS\000"
 1493      455F4556 
 1493      545F4843 
 1493      495F5354 
 1493      41545553 
 1494              	.LASF54:
 1495 017d 4359424C 		.ascii	"CYBLE_EVT_GATTC_READ_BY_TYPE_RSP\000"
 1495      455F4556 
 1495      545F4741 
 1495      5454435F 
 1495      52454144 
 1496              	.LASF18:
 1497 019e 4359424C 		.ascii	"CYBLE_EVT_STACK_ON\000"
 1497      455F4556 
 1497      545F5354 
 1497      41434B5F 
 1497      4F4E00
 1498              	.LASF47:
 1499 01b1 4359424C 		.ascii	"CYBLE_EVT_GAP_SMP_LOC_P256_KEYS_GEN_AND_SET_COMPLET"
 1499      455F4556 
 1499      545F4741 
 1499      505F534D 
 1499      505F4C4F 
 1500 01e4 4500     		.ascii	"E\000"
 1501              	.LASF51:
 1502 01e6 4359424C 		.ascii	"CYBLE_EVT_GATTS_XCNHG_MTU_REQ\000"
 1502      455F4556 
 1502      545F4741 
 1502      5454535F 
 1502      58434E48 
 1503              	.LASF117:
 1504 0204 474E5520 		.ascii	"GNU C11 5.4.1 20160609 (release) [ARM/embedded-5-br"
 1504      43313120 
 1504      352E342E 
 1504      31203230 
 1504      31363036 
 1505 0237 616E6368 		.ascii	"anch revision 237715] -mcpu=cortex-m0 -mthumb -g -O"
 1505      20726576 
 1505      6973696F 
 1505      6E203233 
 1505      37373135 
 1506 026a 67202D66 		.ascii	"g -ffunction-sections -ffat-lto-objects\000"
 1506      66756E63 
 1506      74696F6E 
ARM GAS  C:\Users\ANTONI~1\AppData\Local\Temp\ccnmZkpc.s 			page 31


 1506      2D736563 
 1506      74696F6E 
 1507              	.LASF121:
 1508 0292 6D656D63 		.ascii	"memcpy\000"
 1508      707900
 1509              	.LASF112:
 1510 0299 636C6561 		.ascii	"clear\000"
 1510      7200
 1511              	.LASF40:
 1512 029f 4359424C 		.ascii	"CYBLE_EVT_GAP_DATA_LENGTH_CHANGE\000"
 1512      455F4556 
 1512      545F4741 
 1512      505F4441 
 1512      54415F4C 
 1513              	.LASF59:
 1514 02c0 4359424C 		.ascii	"CYBLE_EVT_GATTC_READ_MULTI_RSP\000"
 1514      455F4556 
 1514      545F4741 
 1514      5454435F 
 1514      52454144 
 1515              	.LASF68:
 1516 02df 4359424C 		.ascii	"CYBLE_EVT_GATTS_HANDLE_VALUE_CNF\000"
 1516      455F4556 
 1516      545F4741 
 1516      5454535F 
 1516      48414E44 
 1517              	.LASF17:
 1518 0300 4359424C 		.ascii	"CYBLE_EVT_HOST_INVALID\000"
 1518      455F4556 
 1518      545F484F 
 1518      53545F49 
 1518      4E56414C 
 1519              	.LASF76:
 1520 0317 4359424C 		.ascii	"CYBLE_EVT_L2CAP_CBFC_CONN_IND\000"
 1520      455F4556 
 1520      545F4C32 
 1520      4341505F 
 1520      43424643 
 1521              	.LASF79:
 1522 0335 4359424C 		.ascii	"CYBLE_EVT_L2CAP_CBFC_DISCONN_CNF\000"
 1522      455F4556 
 1522      545F4C32 
 1522      4341505F 
 1522      43424643 
 1523              	.LASF90:
 1524 0356 62644861 		.ascii	"bdHandle\000"
 1524      6E646C65 
 1524      00
 1525              	.LASF12:
 1526 035f 666C6F61 		.ascii	"float\000"
 1526      7400
 1527              	.LASF57:
 1528 0365 4359424C 		.ascii	"CYBLE_EVT_GATTC_READ_RSP\000"
 1528      455F4556 
 1528      545F4741 
 1528      5454435F 
 1528      52454144 
ARM GAS  C:\Users\ANTONI~1\AppData\Local\Temp\ccnmZkpc.s 			page 32


 1529              	.LASF37:
 1530 037e 4359424C 		.ascii	"CYBLE_EVT_GAP_NUMERIC_COMPARISON_REQUEST\000"
 1530      455F4556 
 1530      545F4741 
 1530      505F4E55 
 1530      4D455249 
 1531              	.LASF42:
 1532 03a7 4359424C 		.ascii	"CYBLE_EVT_GAPC_DIRECT_ADV_REPORT\000"
 1532      455F4556 
 1532      545F4741 
 1532      50435F44 
 1532      49524543 
 1533              	.LASF7:
 1534 03c8 6C6F6E67 		.ascii	"long long unsigned int\000"
 1534      206C6F6E 
 1534      6720756E 
 1534      7369676E 
 1534      65642069 
 1535              	.LASF46:
 1536 03df 4359424C 		.ascii	"CYBLE_EVT_GAP_AUTH_REQ_REPLY_ERR\000"
 1536      455F4556 
 1536      545F4741 
 1536      505F4155 
 1536      54485F52 
 1537              	.LASF4:
 1538 0400 6C6F6E67 		.ascii	"long int\000"
 1538      20696E74 
 1538      00
 1539              	.LASF67:
 1540 0409 4359424C 		.ascii	"CYBLE_EVT_GATTC_HANDLE_VALUE_IND\000"
 1540      455F4556 
 1540      545F4741 
 1540      5454435F 
 1540      48414E44 
 1541              	.LASF119:
 1542 042a 433A5C55 		.ascii	"C:\\Users\\AntonioFrancisco\\Desktop\\TFG Bluetooth"
 1542      73657273 
 1542      5C416E74 
 1542      6F6E696F 
 1542      4672616E 
 1543 0459 204C6F77 		.ascii	" Low Energy\\TFG PSoC\\TFG_BluetoothLowEnergy\\Blue"
 1543      20456E65 
 1543      7267795C 
 1543      54464720 
 1543      50536F43 
 1544 0489 746F6F74 		.ascii	"toothLowEnergy\\TFG_BluetoothLowEnergy.cydsn\000"
 1544      684C6F77 
 1544      456E6572 
 1544      67795C54 
 1544      46475F42 
 1545              	.LASF31:
 1546 04b5 4359424C 		.ascii	"CYBLE_EVT_GAP_DEVICE_CONNECTED\000"
 1546      455F4556 
 1546      545F4741 
 1546      505F4445 
 1546      56494345 
 1547              	.LASF106:
ARM GAS  C:\Users\ANTONI~1\AppData\Local\Temp\ccnmZkpc.s 			page 33


 1548 04d4 73746172 		.ascii	"startNotificationHumidity\000"
 1548      744E6F74 
 1548      69666963 
 1548      6174696F 
 1548      6E48756D 
 1549              	.LASF30:
 1550 04ee 4359424C 		.ascii	"CYBLE_EVT_GAPP_ADVERTISEMENT_START_STOP\000"
 1550      455F4556 
 1550      545F4741 
 1550      50505F41 
 1550      44564552 
 1551              	.LASF66:
 1552 0516 4359424C 		.ascii	"CYBLE_EVT_GATTC_HANDLE_VALUE_NTF\000"
 1552      455F4556 
 1552      545F4741 
 1552      5454435F 
 1552      48414E44 
 1553              	.LASF22:
 1554 0537 4359424C 		.ascii	"CYBLE_EVT_STACK_BUSY_STATUS\000"
 1554      455F4556 
 1554      545F5354 
 1554      41434B5F 
 1554      42555359 
 1555              	.LASF100:
 1556 0553 4359424C 		.ascii	"CYBLE_GATTS_WRITE_REQ_PARAM_T\000"
 1556      455F4741 
 1556      5454535F 
 1556      57524954 
 1556      455F5245 
 1557              	.LASF27:
 1558 0571 4359424C 		.ascii	"CYBLE_EVT_GAP_PASSKEY_DISPLAY_REQUEST\000"
 1558      455F4556 
 1558      545F4741 
 1558      505F5041 
 1558      53534B45 
 1559              	.LASF77:
 1560 0597 4359424C 		.ascii	"CYBLE_EVT_L2CAP_CBFC_CONN_CNF\000"
 1560      455F4556 
 1560      545F4C32 
 1560      4341505F 
 1560      43424643 
 1561              	.LASF41:
 1562 05b5 4359424C 		.ascii	"CYBLE_EVT_GAP_ENHANCE_CONN_COMPLETE\000"
 1562      455F4556 
 1562      545F4741 
 1562      505F454E 
 1562      48414E43 
 1563              	.LASF111:
 1564 05d9 4379426C 		.ascii	"CyBle_GappStartAdvertisement\000"
 1564      655F4761 
 1564      70705374 
 1564      61727441 
 1564      64766572 
 1565              	.LASF73:
 1566 05f6 4359424C 		.ascii	"CYBLE_EVT_L2CAP_CONN_PARAM_UPDATE_REQ\000"
 1566      455F4556 
 1566      545F4C32 
ARM GAS  C:\Users\ANTONI~1\AppData\Local\Temp\ccnmZkpc.s 			page 34


 1566      4341505F 
 1566      434F4E4E 
 1567              	.LASF1:
 1568 061c 756E7369 		.ascii	"unsigned char\000"
 1568      676E6564 
 1568      20636861 
 1568      7200
 1569              	.LASF63:
 1570 062a 4359424C 		.ascii	"CYBLE_EVT_GATTS_PREP_WRITE_REQ\000"
 1570      455F4556 
 1570      545F4741 
 1570      5454535F 
 1570      50524550 
 1571              	.LASF116:
 1572 0649 4379426C 		.ascii	"CyBle_GattsWriteRsp\000"
 1572      655F4761 
 1572      74747357 
 1572      72697465 
 1572      52737000 
 1573              	.LASF85:
 1574 065d 4359424C 		.ascii	"CYBLE_EVT_LE_PING_AUTH_TIMEOUT\000"
 1574      455F4556 
 1574      545F4C45 
 1574      5F50494E 
 1574      475F4155 
 1575              	.LASF109:
 1576 067c 64657669 		.ascii	"deviceConnected\000"
 1576      6365436F 
 1576      6E6E6563 
 1576      74656400 
 1577              	.LASF55:
 1578 068c 4359424C 		.ascii	"CYBLE_EVT_GATTC_FIND_INFO_RSP\000"
 1578      455F4556 
 1578      545F4741 
 1578      5454435F 
 1578      46494E44 
 1579              	.LASF0:
 1580 06aa 7369676E 		.ascii	"signed char\000"
 1580      65642063 
 1580      68617200 
 1581              	.LASF60:
 1582 06b6 4359424C 		.ascii	"CYBLE_EVT_GATTS_WRITE_REQ\000"
 1582      455F4556 
 1582      545F4741 
 1582      5454535F 
 1582      57524954 
 1583              	.LASF56:
 1584 06d0 4359424C 		.ascii	"CYBLE_EVT_GATTC_FIND_BY_TYPE_VALUE_RSP\000"
 1584      455F4556 
 1584      545F4741 
 1584      5454435F 
 1584      46494E44 
 1585              	.LASF28:
 1586 06f7 4359424C 		.ascii	"CYBLE_EVT_GAP_AUTH_COMPLETE\000"
 1586      455F4556 
 1586      545F4741 
 1586      505F4155 
ARM GAS  C:\Users\ANTONI~1\AppData\Local\Temp\ccnmZkpc.s 			page 35


 1586      54485F43 
 1587              	.LASF8:
 1588 0713 756E7369 		.ascii	"unsigned int\000"
 1588      676E6564 
 1588      20696E74 
 1588      00
 1589              	.LASF113:
 1590 0720 73657443 		.ascii	"setCursor\000"
 1590      7572736F 
 1590      7200
 1591              	.LASF49:
 1592 072a 4359424C 		.ascii	"CYBLE_EVT_GATT_CONNECT_IND\000"
 1592      455F4556 
 1592      545F4741 
 1592      54545F43 
 1592      4F4E4E45 
 1593              	.LASF5:
 1594 0745 6C6F6E67 		.ascii	"long unsigned int\000"
 1594      20756E73 
 1594      69676E65 
 1594      6420696E 
 1594      7400
 1595              	.LASF25:
 1596 0757 4359424C 		.ascii	"CYBLE_EVT_GAP_AUTH_REQ\000"
 1596      455F4556 
 1596      545F4741 
 1596      505F4155 
 1596      54485F52 
 1597              	.LASF91:
 1598 076e 61747449 		.ascii	"attId\000"
 1598      6400
 1599              	.LASF78:
 1600 0774 4359424C 		.ascii	"CYBLE_EVT_L2CAP_CBFC_DISCONN_IND\000"
 1600      455F4556 
 1600      545F4C32 
 1600      4341505F 
 1600      43424643 
 1601              	.LASF33:
 1602 0795 4359424C 		.ascii	"CYBLE_EVT_GAP_ENCRYPT_CHANGE\000"
 1602      455F4556 
 1602      545F4741 
 1602      505F454E 
 1602      43525950 
 1603              	.LASF98:
 1604 07b2 636F6E6E 		.ascii	"connHandle\000"
 1604      48616E64 
 1604      6C6500
 1605              	.LASF44:
 1606 07bd 4359424C 		.ascii	"CYBLE_EVT_GAP_CONN_ESTB\000"
 1606      455F4556 
 1606      545F4741 
 1606      505F434F 
 1606      4E4E5F45 
 1607              	.LASF72:
 1608 07d5 4359424C 		.ascii	"CYBLE_EVT_GATTC_LONG_PROCEDURE_END\000"
 1608      455F4556 
 1608      545F4741 
ARM GAS  C:\Users\ANTONI~1\AppData\Local\Temp\ccnmZkpc.s 			page 36


 1608      5454435F 
 1608      4C4F4E47 
 1609              	.LASF36:
 1610 07f8 4359424C 		.ascii	"CYBLE_EVT_GAP_KEYINFO_EXCHNGE_CMPLT\000"
 1610      455F4556 
 1610      545F4741 
 1610      505F4B45 
 1610      59494E46 
 1611              	.LASF105:
 1612 081c 77725265 		.ascii	"wrReqParamProximity\000"
 1612      71506172 
 1612      616D5072 
 1612      6F78696D 
 1612      69747900 
 1613              	.LASF87:
 1614 0830 4359424C 		.ascii	"CYBLE_EVT_FLASH_CORRUPT\000"
 1614      455F4556 
 1614      545F464C 
 1614      4153485F 
 1614      434F5252 
 1615              	.LASF34:
 1616 0848 4359424C 		.ascii	"CYBLE_EVT_GAP_CONNECTION_UPDATE_COMPLETE\000"
 1616      455F4556 
 1616      545F4741 
 1616      505F434F 
 1616      4E4E4543 
 1617              	.LASF43:
 1618 0871 4359424C 		.ascii	"CYBLE_EVT_GAP_SMP_NEGOTIATED_AUTH_INFO\000"
 1618      455F4556 
 1618      545F4741 
 1618      505F534D 
 1618      505F4E45 
 1619              	.LASF14:
 1620 0898 63686172 		.ascii	"char\000"
 1620      00
 1621              	.LASF94:
 1622 089d 4359424C 		.ascii	"CYBLE_GATT_VALUE_T\000"
 1622      455F4741 
 1622      54545F56 
 1622      414C5545 
 1622      5F5400
 1623              	.LASF75:
 1624 08b0 4359424C 		.ascii	"CYBLE_EVT_L2CAP_COMMAND_REJ\000"
 1624      455F4556 
 1624      545F4C32 
 1624      4341505F 
 1624      434F4D4D 
 1625              	.LASF3:
 1626 08cc 73686F72 		.ascii	"short unsigned int\000"
 1626      7420756E 
 1626      7369676E 
 1626      65642069 
 1626      6E7400
 1627              	.LASF9:
 1628 08df 75696E74 		.ascii	"uint8\000"
 1628      3800
 1629              	.LASF99:
ARM GAS  C:\Users\ANTONI~1\AppData\Local\Temp\ccnmZkpc.s 			page 37


 1630 08e5 68616E64 		.ascii	"handleValPair\000"
 1630      6C655661 
 1630      6C506169 
 1630      7200
 1631              	.LASF10:
 1632 08f3 75696E74 		.ascii	"uint16\000"
 1632      313600
 1633              	.LASF58:
 1634 08fa 4359424C 		.ascii	"CYBLE_EVT_GATTC_READ_BLOB_RSP\000"
 1634      455F4556 
 1634      545F4741 
 1634      5454435F 
 1634      52454144 
 1635              	.LASF65:
 1636 0918 4359424C 		.ascii	"CYBLE_EVT_GATTC_EXEC_WRITE_RSP\000"
 1636      455F4556 
 1636      545F4741 
 1636      5454435F 
 1636      45584543 
 1637              	.LASF11:
 1638 0937 75696E74 		.ascii	"uint32\000"
 1638      333200
 1639              	.LASF84:
 1640 093e 4359424C 		.ascii	"CYBLE_EVT_PENDING_FLASH_WRITE\000"
 1640      455F4556 
 1640      545F5045 
 1640      4E44494E 
 1640      475F464C 
 1641              	.LASF81:
 1642 095c 4359424C 		.ascii	"CYBLE_EVT_L2CAP_CBFC_RX_CREDIT_IND\000"
 1642      455F4556 
 1642      545F4C32 
 1642      4341505F 
 1642      43424643 
 1643              	.LASF96:
 1644 097f 61747472 		.ascii	"attrHandle\000"
 1644      48616E64 
 1644      6C6500
 1645              	.LASF13:
 1646 098a 646F7562 		.ascii	"double\000"
 1646      6C6500
 1647              	.LASF92:
 1648 0991 4359424C 		.ascii	"CYBLE_CONN_HANDLE_T\000"
 1648      455F434F 
 1648      4E4E5F48 
 1648      414E444C 
 1648      455F5400 
 1649              	.LASF97:
 1650 09a5 4359424C 		.ascii	"CYBLE_GATT_HANDLE_VALUE_PAIR_T\000"
 1650      455F4741 
 1650      54545F48 
 1650      414E444C 
 1650      455F5641 
 1651              	.LASF82:
 1652 09c4 4359424C 		.ascii	"CYBLE_EVT_L2CAP_CBFC_TX_CREDIT_IND\000"
 1652      455F4556 
 1652      545F4C32 
ARM GAS  C:\Users\ANTONI~1\AppData\Local\Temp\ccnmZkpc.s 			page 38


 1652      4341505F 
 1652      43424643 
 1653              	.LASF45:
 1654 09e7 4359424C 		.ascii	"CYBLE_EVT_GAP_SCAN_REQ_RECVD\000"
 1654      455F4556 
 1654      545F4741 
 1654      505F5343 
 1654      414E5F52 
 1655              	.LASF108:
 1656 0a04 73746172 		.ascii	"startNotificationProximity\000"
 1656      744E6F74 
 1656      69666963 
 1656      6174696F 
 1656      6E50726F 
 1657              	.LASF20:
 1658 0a1f 4359424C 		.ascii	"CYBLE_EVT_HARDWARE_ERROR\000"
 1658      455F4556 
 1658      545F4841 
 1658      52445741 
 1658      52455F45 
 1659              	.LASF80:
 1660 0a38 4359424C 		.ascii	"CYBLE_EVT_L2CAP_CBFC_DATA_READ\000"
 1660      455F4556 
 1660      545F4C32 
 1660      4341505F 
 1660      43424643 
 1661              	.LASF74:
 1662 0a57 4359424C 		.ascii	"CYBLE_EVT_L2CAP_CONN_PARAM_UPDATE_RSP\000"
 1662      455F4556 
 1662      545F4C32 
 1662      4341505F 
 1662      434F4E4E 
 1663              	.LASF24:
 1664 0a7d 4359424C 		.ascii	"CYBLE_EVT_GAPC_SCAN_PROGRESS_RESULT\000"
 1664      455F4556 
 1664      545F4741 
 1664      50435F53 
 1664      43414E5F 
 1665              	.LASF118:
 1666 0aa1 424C455F 		.ascii	"BLE_APP.c\000"
 1666      4150502E 
 1666      6300
 1667              	.LASF93:
 1668 0aab 61637475 		.ascii	"actualLen\000"
 1668      616C4C65 
 1668      6E00
 1669              	.LASF53:
 1670 0ab5 4359424C 		.ascii	"CYBLE_EVT_GATTC_READ_BY_GROUP_TYPE_RSP\000"
 1670      455F4556 
 1670      545F4741 
 1670      5454435F 
 1670      52454144 
 1671              	.LASF62:
 1672 0adc 4359424C 		.ascii	"CYBLE_EVT_GATTS_WRITE_CMD_REQ\000"
 1672      455F4556 
 1672      545F4741 
 1672      5454535F 
ARM GAS  C:\Users\ANTONI~1\AppData\Local\Temp\ccnmZkpc.s 			page 39


 1672      57524954 
 1673              	.LASF52:
 1674 0afa 4359424C 		.ascii	"CYBLE_EVT_GATTC_XCHNG_MTU_RSP\000"
 1674      455F4556 
 1674      545F4741 
 1674      5454435F 
 1674      5843484E 
 1675              	.LASF104:
 1676 0b18 77725265 		.ascii	"wrReqParamTemperature\000"
 1676      71506172 
 1676      616D5465 
 1676      6D706572 
 1676      61747572 
 1677              	.LASF19:
 1678 0b2e 4359424C 		.ascii	"CYBLE_EVT_TIMEOUT\000"
 1678      455F4556 
 1678      545F5449 
 1678      4D454F55 
 1678      5400
 1679              	.LASF83:
 1680 0b40 4359424C 		.ascii	"CYBLE_EVT_L2CAP_CBFC_DATA_WRITE_IND\000"
 1680      455F4556 
 1680      545F4C32 
 1680      4341505F 
 1680      43424643 
 1681              	.LASF35:
 1682 0b64 4359424C 		.ascii	"CYBLE_EVT_GAPC_SCAN_START_STOP\000"
 1682      455F4556 
 1682      545F4741 
 1682      50435F53 
 1682      43414E5F 
 1683              	.LASF88:
 1684 0b83 4359424C 		.ascii	"CYBLE_EVT_MAX\000"
 1684      455F4556 
 1684      545F4D41 
 1684      5800
 1685              	.LASF110:
 1686 0b91 636F6E6E 		.ascii	"connectionHandle\000"
 1686      65637469 
 1686      6F6E4861 
 1686      6E646C65 
 1686      00
 1687              	.LASF120:
 1688 0ba2 424C4543 		.ascii	"BLECallBack\000"
 1688      616C6C42 
 1688      61636B00 
 1689              	.LASF71:
 1690 0bae 4359424C 		.ascii	"CYBLE_EVT_GATTS_READ_CHAR_VAL_ACCESS_REQ\000"
 1690      455F4556 
 1690      545F4741 
 1690      5454535F 
 1690      52454144 
 1691              	.LASF70:
 1692 0bd7 4359424C 		.ascii	"CYBLE_EVT_GATTC_STOP_CMD_COMPLETE\000"
 1692      455F4556 
 1692      545F4741 
 1692      5454435F 
ARM GAS  C:\Users\ANTONI~1\AppData\Local\Temp\ccnmZkpc.s 			page 40


 1692      53544F50 
 1693              	.LASF95:
 1694 0bf9 76616C75 		.ascii	"value\000"
 1694      6500
 1695              	.LASF64:
 1696 0bff 4359424C 		.ascii	"CYBLE_EVT_GATTS_EXEC_WRITE_REQ\000"
 1696      455F4556 
 1696      545F4741 
 1696      5454535F 
 1696      45584543 
 1697              	.LASF89:
 1698 0c1e 4359424C 		.ascii	"CYBLE_GATT_DB_ATTR_HANDLE_T\000"
 1698      455F4741 
 1698      54545F44 
 1698      425F4154 
 1698      54525F48 
 1699              	.LASF102:
 1700 0c3a 6576656E 		.ascii	"eventParam\000"
 1700      74506172 
 1700      616D00
 1701              	.LASF103:
 1702 0c45 77725265 		.ascii	"wrReqParamHumidity\000"
 1702      71506172 
 1702      616D4875 
 1702      6D696469 
 1702      747900
 1703              	.LASF69:
 1704 0c58 4359424C 		.ascii	"CYBLE_EVT_GATTS_DATA_SIGNED_CMD_REQ\000"
 1704      455F4556 
 1704      545F4741 
 1704      5454535F 
 1704      44415441 
 1705              	.LASF86:
 1706 0c7c 4359424C 		.ascii	"CYBLE_EVT_HCI_PKT\000"
 1706      455F4556 
 1706      545F4843 
 1706      495F504B 
 1706      5400
 1707              	.LASF39:
 1708 0c8e 4359424C 		.ascii	"CYBLE_EVT_GAP_OOB_GENERATED_NOTIFICATION\000"
 1708      455F4556 
 1708      545F4741 
 1708      505F4F4F 
 1708      425F4745 
 1709              		.ident	"GCC: (GNU Tools for ARM Embedded Processors) 5.4.1 20160609 (release) [ARM/embedded-5-bran
