ARM GAS  C:\Users\ANTONI~1\AppData\Local\Temp\ccU6e5UH.s 			page 1


   1              		.syntax unified
   2              		.cpu cortex-m0
   3              		.fpu softvfp
   4              		.eabi_attribute 20, 1
   5              		.eabi_attribute 21, 1
   6              		.eabi_attribute 23, 3
   7              		.eabi_attribute 24, 1
   8              		.eabi_attribute 25, 1
   9              		.eabi_attribute 26, 1
  10              		.eabi_attribute 30, 1
  11              		.eabi_attribute 34, 0
  12              		.eabi_attribute 18, 4
  13              		.thumb
  14              		.syntax unified
  15              		.file	"BLE_custom.c"
  16              		.text
  17              	.Ltext0:
  18              		.cfi_sections	.debug_frame
  19              		.section	.text.CyBle_CustomInit,"ax",%progbits
  20              		.align	2
  21              		.global	CyBle_CustomInit
  22              		.code	16
  23              		.thumb_func
  24              		.type	CyBle_CustomInit, %function
  25              	CyBle_CustomInit:
  26              	.LFB2:
  27              		.file 1 "Generated_Source\\PSoC4\\BLE_custom.c"
   1:Generated_Source\PSoC4/BLE_custom.c **** /***************************************************************************//**
   2:Generated_Source\PSoC4/BLE_custom.c **** * \file CYBLE_custom.c
   3:Generated_Source\PSoC4/BLE_custom.c **** * \version 3.60
   4:Generated_Source\PSoC4/BLE_custom.c **** * 
   5:Generated_Source\PSoC4/BLE_custom.c **** * \brief
   6:Generated_Source\PSoC4/BLE_custom.c **** *  Contains the source code for the Custom Service.
   7:Generated_Source\PSoC4/BLE_custom.c **** * 
   8:Generated_Source\PSoC4/BLE_custom.c **** ********************************************************************************
   9:Generated_Source\PSoC4/BLE_custom.c **** * \copyright
  10:Generated_Source\PSoC4/BLE_custom.c **** * Copyright 2014-2019, Cypress Semiconductor Corporation.  All rights reserved.
  11:Generated_Source\PSoC4/BLE_custom.c **** * You may use this file only in accordance with the license, terms, conditions,
  12:Generated_Source\PSoC4/BLE_custom.c **** * disclaimers, and limitations in the end user license agreement accompanying
  13:Generated_Source\PSoC4/BLE_custom.c **** * the software package with which this file was provided.
  14:Generated_Source\PSoC4/BLE_custom.c **** *******************************************************************************/
  15:Generated_Source\PSoC4/BLE_custom.c **** 
  16:Generated_Source\PSoC4/BLE_custom.c **** 
  17:Generated_Source\PSoC4/BLE_custom.c **** #include "BLE_eventHandler.h"
  18:Generated_Source\PSoC4/BLE_custom.c **** 
  19:Generated_Source\PSoC4/BLE_custom.c **** #ifdef CYBLE_CUSTOM_SERVER
  20:Generated_Source\PSoC4/BLE_custom.c **** 
  21:Generated_Source\PSoC4/BLE_custom.c **** /* If any custom service with custom characteristics is defined in the
  22:Generated_Source\PSoC4/BLE_custom.c **** * customizer's GUI their handles will be present in this array.
  23:Generated_Source\PSoC4/BLE_custom.c **** */
  24:Generated_Source\PSoC4/BLE_custom.c **** /* This array contains attribute handles for the defined Custom Services and their characteristics 
  25:Generated_Source\PSoC4/BLE_custom.c ****    The array index definitions are located in the CYBLE_custom.h file. */
  26:Generated_Source\PSoC4/BLE_custom.c **** const CYBLE_CUSTOMS_T cyBle_customs[0x02u] = {
  27:Generated_Source\PSoC4/BLE_custom.c **** 
  28:Generated_Source\PSoC4/BLE_custom.c ****     /* DHT22 service */
  29:Generated_Source\PSoC4/BLE_custom.c ****     {
  30:Generated_Source\PSoC4/BLE_custom.c ****         0x0010u, /* Handle of the DHT22 service */ 
ARM GAS  C:\Users\ANTONI~1\AppData\Local\Temp\ccU6e5UH.s 			page 2


  31:Generated_Source\PSoC4/BLE_custom.c ****         {
  32:Generated_Source\PSoC4/BLE_custom.c **** 
  33:Generated_Source\PSoC4/BLE_custom.c ****             /* Humidity characteristic */
  34:Generated_Source\PSoC4/BLE_custom.c ****             {
  35:Generated_Source\PSoC4/BLE_custom.c ****                 0x0012u, /* Handle of the Humidity characteristic */ 
  36:Generated_Source\PSoC4/BLE_custom.c ****                 
  37:Generated_Source\PSoC4/BLE_custom.c ****                 /* Array of Descriptors handles */
  38:Generated_Source\PSoC4/BLE_custom.c ****                 {
  39:Generated_Source\PSoC4/BLE_custom.c ****                     0x0013u, /* Handle of the Humiditycccd descriptor */ 
  40:Generated_Source\PSoC4/BLE_custom.c ****                     0x0014u, /* Handle of the Characteristic User Description descriptor */ 
  41:Generated_Source\PSoC4/BLE_custom.c ****                 }, 
  42:Generated_Source\PSoC4/BLE_custom.c ****             },
  43:Generated_Source\PSoC4/BLE_custom.c **** 
  44:Generated_Source\PSoC4/BLE_custom.c ****             /* Temperature characteristic */
  45:Generated_Source\PSoC4/BLE_custom.c ****             {
  46:Generated_Source\PSoC4/BLE_custom.c ****                 0x0016u, /* Handle of the Temperature characteristic */ 
  47:Generated_Source\PSoC4/BLE_custom.c ****                 
  48:Generated_Source\PSoC4/BLE_custom.c ****                 /* Array of Descriptors handles */
  49:Generated_Source\PSoC4/BLE_custom.c ****                 {
  50:Generated_Source\PSoC4/BLE_custom.c ****                     0x0017u, /* Handle of the Temperaturecccd descriptor */ 
  51:Generated_Source\PSoC4/BLE_custom.c ****                     0x0018u, /* Handle of the Characteristic User Description descriptor */ 
  52:Generated_Source\PSoC4/BLE_custom.c ****                 }, 
  53:Generated_Source\PSoC4/BLE_custom.c ****             },
  54:Generated_Source\PSoC4/BLE_custom.c ****         }, 
  55:Generated_Source\PSoC4/BLE_custom.c ****     },
  56:Generated_Source\PSoC4/BLE_custom.c **** 
  57:Generated_Source\PSoC4/BLE_custom.c ****     /* Prox_Sensor service */
  58:Generated_Source\PSoC4/BLE_custom.c ****     {
  59:Generated_Source\PSoC4/BLE_custom.c ****         0x0019u, /* Handle of the Prox_Sensor service */ 
  60:Generated_Source\PSoC4/BLE_custom.c ****         {
  61:Generated_Source\PSoC4/BLE_custom.c **** 
  62:Generated_Source\PSoC4/BLE_custom.c ****             /* Proximity characteristic */
  63:Generated_Source\PSoC4/BLE_custom.c ****             {
  64:Generated_Source\PSoC4/BLE_custom.c ****                 0x001Bu, /* Handle of the Proximity characteristic */ 
  65:Generated_Source\PSoC4/BLE_custom.c ****                 
  66:Generated_Source\PSoC4/BLE_custom.c ****                 /* Array of Descriptors handles */
  67:Generated_Source\PSoC4/BLE_custom.c ****                 {
  68:Generated_Source\PSoC4/BLE_custom.c ****                     0x001Cu, /* Handle of the Proximitycccd descriptor */ 
  69:Generated_Source\PSoC4/BLE_custom.c ****                     0x001Du, /* Handle of the Characteristic User Description descriptor */ 
  70:Generated_Source\PSoC4/BLE_custom.c ****                 }, 
  71:Generated_Source\PSoC4/BLE_custom.c ****             },
  72:Generated_Source\PSoC4/BLE_custom.c ****             {
  73:Generated_Source\PSoC4/BLE_custom.c ****                 CYBLE_GATT_INVALID_ATTR_HANDLE_VALUE, 
  74:Generated_Source\PSoC4/BLE_custom.c ****                 
  75:Generated_Source\PSoC4/BLE_custom.c ****                 /* Array of Descriptors handles */
  76:Generated_Source\PSoC4/BLE_custom.c ****                 {
  77:Generated_Source\PSoC4/BLE_custom.c ****                     CYBLE_GATT_INVALID_ATTR_HANDLE_VALUE, 
  78:Generated_Source\PSoC4/BLE_custom.c ****                     CYBLE_GATT_INVALID_ATTR_HANDLE_VALUE, 
  79:Generated_Source\PSoC4/BLE_custom.c ****                 }, 
  80:Generated_Source\PSoC4/BLE_custom.c ****             },
  81:Generated_Source\PSoC4/BLE_custom.c ****         }, 
  82:Generated_Source\PSoC4/BLE_custom.c ****     },
  83:Generated_Source\PSoC4/BLE_custom.c **** };
  84:Generated_Source\PSoC4/BLE_custom.c **** 
  85:Generated_Source\PSoC4/BLE_custom.c **** 
  86:Generated_Source\PSoC4/BLE_custom.c **** #endif /* (CYBLE_CUSTOM_SERVER) */
  87:Generated_Source\PSoC4/BLE_custom.c **** 
ARM GAS  C:\Users\ANTONI~1\AppData\Local\Temp\ccU6e5UH.s 			page 3


  88:Generated_Source\PSoC4/BLE_custom.c **** #ifdef CYBLE_CUSTOM_CLIENT
  89:Generated_Source\PSoC4/BLE_custom.c ****     
  90:Generated_Source\PSoC4/BLE_custom.c **** 
  91:Generated_Source\PSoC4/BLE_custom.c **** static uint16 cyBle_customDisServIndex;
  92:Generated_Source\PSoC4/BLE_custom.c **** static uint16 cyBle_customDisCharIndex;
  93:Generated_Source\PSoC4/BLE_custom.c **** 
  94:Generated_Source\PSoC4/BLE_custom.c **** #endif /* (CYBLE_CUSTOM_CLIENT) */
  95:Generated_Source\PSoC4/BLE_custom.c **** 
  96:Generated_Source\PSoC4/BLE_custom.c **** 
  97:Generated_Source\PSoC4/BLE_custom.c **** /****************************************************************************** 
  98:Generated_Source\PSoC4/BLE_custom.c **** * Function Name: CyBle_CustomInit
  99:Generated_Source\PSoC4/BLE_custom.c **** ***************************************************************************//**
 100:Generated_Source\PSoC4/BLE_custom.c **** * 
 101:Generated_Source\PSoC4/BLE_custom.c **** *  This function initializes Custom Service.
 102:Generated_Source\PSoC4/BLE_custom.c **** * 
 103:Generated_Source\PSoC4/BLE_custom.c **** * \return
 104:Generated_Source\PSoC4/BLE_custom.c **** *  None
 105:Generated_Source\PSoC4/BLE_custom.c **** * 
 106:Generated_Source\PSoC4/BLE_custom.c **** ******************************************************************************/
 107:Generated_Source\PSoC4/BLE_custom.c **** void CyBle_CustomInit(void)
 108:Generated_Source\PSoC4/BLE_custom.c **** {
  28              		.loc 1 108 0
  29              		.cfi_startproc
  30              		@ args = 0, pretend = 0, frame = 0
  31              		@ frame_needed = 0, uses_anonymous_args = 0
  32              		@ link register save eliminated.
 109:Generated_Source\PSoC4/BLE_custom.c ****     
 110:Generated_Source\PSoC4/BLE_custom.c **** #ifdef CYBLE_CUSTOM_CLIENT
 111:Generated_Source\PSoC4/BLE_custom.c **** 
 112:Generated_Source\PSoC4/BLE_custom.c ****     uint16 locServIndex;
 113:Generated_Source\PSoC4/BLE_custom.c ****     uint16 locCharIndex;
 114:Generated_Source\PSoC4/BLE_custom.c ****     uint16 locDescIndex;
 115:Generated_Source\PSoC4/BLE_custom.c ****     
 116:Generated_Source\PSoC4/BLE_custom.c ****     for(locServIndex = 0u; locServIndex < CYBLE_CUSTOMC_SERVICE_COUNT; locServIndex++)
 117:Generated_Source\PSoC4/BLE_custom.c ****     {
 118:Generated_Source\PSoC4/BLE_custom.c ****         if(cyBle_serverInfo[CYBLE_SRVI_CUSTOMS + locServIndex].range.startHandle == CYBLE_GATT_INVA
 119:Generated_Source\PSoC4/BLE_custom.c ****         {
 120:Generated_Source\PSoC4/BLE_custom.c ****             for(locCharIndex = 0u; locCharIndex < cyBle_customCServ[locServIndex].charCount; locCha
 121:Generated_Source\PSoC4/BLE_custom.c ****             {
 122:Generated_Source\PSoC4/BLE_custom.c ****                 cyBle_customCServ[locServIndex].customServChar[locCharIndex].
 123:Generated_Source\PSoC4/BLE_custom.c ****                     customServCharHandle = 0u;
 124:Generated_Source\PSoC4/BLE_custom.c ****                 
 125:Generated_Source\PSoC4/BLE_custom.c ****                 for(locDescIndex = 0u; locDescIndex < 
 126:Generated_Source\PSoC4/BLE_custom.c ****                     cyBle_customCServ[locServIndex].customServChar[locCharIndex].descCount; 
 127:Generated_Source\PSoC4/BLE_custom.c ****                         locDescIndex++)
 128:Generated_Source\PSoC4/BLE_custom.c ****                 {
 129:Generated_Source\PSoC4/BLE_custom.c ****                     cyBle_customCServ[locServIndex].customServChar[locCharIndex].
 130:Generated_Source\PSoC4/BLE_custom.c ****                         customServCharDesc[locDescIndex].descHandle = 0u;
 131:Generated_Source\PSoC4/BLE_custom.c ****                 }
 132:Generated_Source\PSoC4/BLE_custom.c ****             }
 133:Generated_Source\PSoC4/BLE_custom.c ****         }
 134:Generated_Source\PSoC4/BLE_custom.c ****     }
 135:Generated_Source\PSoC4/BLE_custom.c **** 
 136:Generated_Source\PSoC4/BLE_custom.c **** #endif /* (CYBLE_CUSTOM_CLIENT) */
 137:Generated_Source\PSoC4/BLE_custom.c **** }
  33              		.loc 1 137 0
  34              		@ sp needed
ARM GAS  C:\Users\ANTONI~1\AppData\Local\Temp\ccU6e5UH.s 			page 4


  35 0000 7047     		bx	lr
  36              		.cfi_endproc
  37              	.LFE2:
  38              		.size	CyBle_CustomInit, .-CyBle_CustomInit
  39              		.global	cyBle_customs
  40 0002 C046     		.section	.rodata
  41              		.align	2
  42              		.type	cyBle_customs, %object
  43              		.size	cyBle_customs, 28
  44              	cyBle_customs:
  45 0000 1000     		.short	16
  46 0002 1200     		.short	18
  47 0004 1300     		.short	19
  48 0006 1400     		.short	20
  49 0008 1600     		.short	22
  50 000a 1700     		.short	23
  51 000c 1800     		.short	24
  52 000e 1900     		.short	25
  53 0010 1B00     		.short	27
  54 0012 1C00     		.short	28
  55 0014 1D00     		.short	29
  56 0016 0000     		.short	0
  57 0018 0000     		.short	0
  58 001a 0000     		.short	0
  59              		.text
  60              	.Letext0:
  61              		.file 2 "Generated_Source\\PSoC4\\cytypes.h"
  62              		.file 3 "Generated_Source\\PSoC4\\BLE_StackGatt.h"
  63              		.file 4 "Generated_Source\\PSoC4\\BLE_custom.h"
  64              		.file 5 "Generated_Source\\PSoC4\\BLE_Stack.h"
  65              		.section	.debug_info,"",%progbits
  66              	.Ldebug_info0:
  67 0000 15030000 		.4byte	0x315
  68 0004 0400     		.2byte	0x4
  69 0006 00000000 		.4byte	.Ldebug_abbrev0
  70 000a 04       		.byte	0x4
  71 000b 01       		.uleb128 0x1
  72 000c CE010000 		.4byte	.LASF94
  73 0010 0C       		.byte	0xc
  74 0011 4D030000 		.4byte	.LASF95
  75 0015 E8030000 		.4byte	.LASF96
  76 0019 00000000 		.4byte	.Ldebug_ranges0+0
  77 001d 00000000 		.4byte	0
  78 0021 00000000 		.4byte	.Ldebug_line0
  79 0025 02       		.uleb128 0x2
  80 0026 01       		.byte	0x1
  81 0027 06       		.byte	0x6
  82 0028 1A060000 		.4byte	.LASF0
  83 002c 02       		.uleb128 0x2
  84 002d 01       		.byte	0x1
  85 002e 08       		.byte	0x8
  86 002f A1050000 		.4byte	.LASF1
  87 0033 02       		.uleb128 0x2
  88 0034 02       		.byte	0x2
  89 0035 05       		.byte	0x5
  90 0036 B7000000 		.4byte	.LASF2
  91 003a 02       		.uleb128 0x2
ARM GAS  C:\Users\ANTONI~1\AppData\Local\Temp\ccU6e5UH.s 			page 5


  92 003b 02       		.byte	0x2
  93 003c 07       		.byte	0x7
  94 003d FA070000 		.4byte	.LASF3
  95 0041 02       		.uleb128 0x2
  96 0042 04       		.byte	0x4
  97 0043 05       		.byte	0x5
  98 0044 BE030000 		.4byte	.LASF4
  99 0048 02       		.uleb128 0x2
 100 0049 04       		.byte	0x4
 101 004a 07       		.byte	0x7
 102 004b AB060000 		.4byte	.LASF5
 103 004f 02       		.uleb128 0x2
 104 0050 08       		.byte	0x8
 105 0051 05       		.byte	0x5
 106 0052 23010000 		.4byte	.LASF6
 107 0056 02       		.uleb128 0x2
 108 0057 08       		.byte	0x8
 109 0058 07       		.byte	0x7
 110 0059 71030000 		.4byte	.LASF7
 111 005d 03       		.uleb128 0x3
 112 005e 04       		.byte	0x4
 113 005f 05       		.byte	0x5
 114 0060 696E7400 		.ascii	"int\000"
 115 0064 02       		.uleb128 0x2
 116 0065 04       		.byte	0x4
 117 0066 07       		.byte	0x7
 118 0067 83060000 		.4byte	.LASF8
 119 006b 04       		.uleb128 0x4
 120 006c 2E080000 		.4byte	.LASF86
 121 0070 02       		.byte	0x2
 122 0071 E501     		.2byte	0x1e5
 123 0073 3A000000 		.4byte	0x3a
 124 0077 02       		.uleb128 0x2
 125 0078 04       		.byte	0x4
 126 0079 04       		.byte	0x4
 127 007a 05030000 		.4byte	.LASF9
 128 007e 02       		.uleb128 0x2
 129 007f 08       		.byte	0x8
 130 0080 04       		.byte	0x4
 131 0081 D2080000 		.4byte	.LASF10
 132 0085 02       		.uleb128 0x2
 133 0086 01       		.byte	0x1
 134 0087 08       		.byte	0x8
 135 0088 D9070000 		.4byte	.LASF11
 136 008c 02       		.uleb128 0x2
 137 008d 08       		.byte	0x8
 138 008e 04       		.byte	0x4
 139 008f 6F050000 		.4byte	.LASF12
 140 0093 02       		.uleb128 0x2
 141 0094 04       		.byte	0x4
 142 0095 07       		.byte	0x7
 143 0096 F9000000 		.4byte	.LASF13
 144 009a 05       		.uleb128 0x5
 145 009b 01       		.byte	0x1
 146 009c 2C000000 		.4byte	0x2c
 147 00a0 05       		.byte	0x5
 148 00a1 3501     		.2byte	0x135
ARM GAS  C:\Users\ANTONI~1\AppData\Local\Temp\ccU6e5UH.s 			page 6


 149 00a3 58020000 		.4byte	0x258
 150 00a7 06       		.uleb128 0x6
 151 00a8 AF020000 		.4byte	.LASF14
 152 00ac 00       		.byte	0
 153 00ad 06       		.uleb128 0x6
 154 00ae 68010000 		.4byte	.LASF15
 155 00b2 01       		.byte	0x1
 156 00b3 06       		.uleb128 0x6
 157 00b4 580A0000 		.4byte	.LASF16
 158 00b8 02       		.byte	0x2
 159 00b9 06       		.uleb128 0x6
 160 00ba 2E090000 		.4byte	.LASF17
 161 00be 03       		.byte	0x3
 162 00bf 06       		.uleb128 0x6
 163 00c0 42010000 		.4byte	.LASF18
 164 00c4 04       		.byte	0x4
 165 00c5 06       		.uleb128 0x6
 166 00c6 DB040000 		.4byte	.LASF19
 167 00ca 05       		.byte	0x5
 168 00cb 06       		.uleb128 0x6
 169 00cc 3E000000 		.4byte	.LASF20
 170 00d0 06       		.byte	0x6
 171 00d1 06       		.uleb128 0x6
 172 00d2 8C090000 		.4byte	.LASF21
 173 00d6 20       		.byte	0x20
 174 00d7 06       		.uleb128 0x6
 175 00d8 BD060000 		.4byte	.LASF22
 176 00dc 21       		.byte	0x21
 177 00dd 06       		.uleb128 0x6
 178 00de 00000000 		.4byte	.LASF23
 179 00e2 22       		.byte	0x22
 180 00e3 06       		.uleb128 0x6
 181 00e4 F7040000 		.4byte	.LASF24
 182 00e8 23       		.byte	0x23
 183 00e9 06       		.uleb128 0x6
 184 00ea 67060000 		.4byte	.LASF25
 185 00ee 24       		.byte	0x24
 186 00ef 06       		.uleb128 0x6
 187 00f0 C1000000 		.4byte	.LASF26
 188 00f4 25       		.byte	0x25
 189 00f5 06       		.uleb128 0x6
 190 00f6 92040000 		.4byte	.LASF27
 191 00fa 26       		.byte	0x26
 192 00fb 06       		.uleb128 0x6
 193 00fc 73040000 		.4byte	.LASF28
 194 0100 27       		.byte	0x27
 195 0101 06       		.uleb128 0x6
 196 0102 71000000 		.4byte	.LASF29
 197 0106 28       		.byte	0x28
 198 0107 06       		.uleb128 0x6
 199 0108 F5060000 		.4byte	.LASF30
 200 010c 29       		.byte	0x29
 201 010d 06       		.uleb128 0x6
 202 010e 89070000 		.4byte	.LASF31
 203 0112 2A       		.byte	0x2a
 204 0113 06       		.uleb128 0x6
 205 0114 72080000 		.4byte	.LASF32
ARM GAS  C:\Users\ANTONI~1\AppData\Local\Temp\ccU6e5UH.s 			page 7


 206 0118 2B       		.byte	0x2b
 207 0119 06       		.uleb128 0x6
 208 011a 4D070000 		.4byte	.LASF33
 209 011e 2C       		.byte	0x2c
 210 011f 06       		.uleb128 0x6
 211 0120 24030000 		.4byte	.LASF34
 212 0124 2D       		.byte	0x2d
 213 0125 06       		.uleb128 0x6
 214 0126 93000000 		.4byte	.LASF35
 215 012a 2E       		.byte	0x2e
 216 012b 06       		.uleb128 0x6
 217 012c 420B0000 		.4byte	.LASF36
 218 0130 2F       		.byte	0x2f
 219 0131 06       		.uleb128 0x6
 220 0132 02010000 		.4byte	.LASF37
 221 0136 30       		.byte	0x30
 222 0137 06       		.uleb128 0x6
 223 0138 4B050000 		.4byte	.LASF38
 224 013c 31       		.byte	0x31
 225 013d 06       		.uleb128 0x6
 226 013e 0D080000 		.4byte	.LASF39
 227 0142 32       		.byte	0x32
 228 0143 06       		.uleb128 0x6
 229 0144 B2070000 		.4byte	.LASF40
 230 0148 33       		.byte	0x33
 231 0149 06       		.uleb128 0x6
 232 014a 12070000 		.4byte	.LASF41
 233 014e 34       		.byte	0x34
 234 014f 06       		.uleb128 0x6
 235 0150 11090000 		.4byte	.LASF42
 236 0154 35       		.byte	0x35
 237 0155 06       		.uleb128 0x6
 238 0156 9D030000 		.4byte	.LASF43
 239 015a 36       		.byte	0x36
 240 015b 06       		.uleb128 0x6
 241 015c 7B010000 		.4byte	.LASF44
 242 0160 37       		.byte	0x37
 243 0161 06       		.uleb128 0x6
 244 0162 57000000 		.4byte	.LASF45
 245 0166 40       		.byte	0x40
 246 0167 06       		.uleb128 0x6
 247 0168 90060000 		.4byte	.LASF46
 248 016c 41       		.byte	0x41
 249 016d 06       		.uleb128 0x6
 250 016e DB000000 		.4byte	.LASF47
 251 0172 42       		.byte	0x42
 252 0173 06       		.uleb128 0x6
 253 0174 B0010000 		.4byte	.LASF48
 254 0178 43       		.byte	0x43
 255 0179 06       		.uleb128 0x6
 256 017a 160A0000 		.4byte	.LASF49
 257 017e 44       		.byte	0x44
 258 017f 06       		.uleb128 0x6
 259 0180 B0090000 		.4byte	.LASF50
 260 0184 45       		.byte	0x45
 261 0185 06       		.uleb128 0x6
 262 0186 F5090000 		.4byte	.LASF51
ARM GAS  C:\Users\ANTONI~1\AppData\Local\Temp\ccU6e5UH.s 			page 8


 263 018a 46       		.byte	0x46
 264 018b 06       		.uleb128 0x6
 265 018c FC050000 		.4byte	.LASF52
 266 0190 47       		.byte	0x47
 267 0191 06       		.uleb128 0x6
 268 0192 40060000 		.4byte	.LASF53
 269 0196 48       		.byte	0x48
 270 0197 06       		.uleb128 0x6
 271 0198 0B030000 		.4byte	.LASF54
 272 019c 49       		.byte	0x49
 273 019d 06       		.uleb128 0x6
 274 019e 35080000 		.4byte	.LASF55
 275 01a2 4A       		.byte	0x4a
 276 01a3 06       		.uleb128 0x6
 277 01a4 6F020000 		.4byte	.LASF56
 278 01a8 4B       		.byte	0x4b
 279 01a9 06       		.uleb128 0x6
 280 01aa 26060000 		.4byte	.LASF57
 281 01ae 4C       		.byte	0x4c
 282 01af 06       		.uleb128 0x6
 283 01b0 24000000 		.4byte	.LASF58
 284 01b4 4D       		.byte	0x4d
 285 01b5 06       		.uleb128 0x6
 286 01b6 D7090000 		.4byte	.LASF59
 287 01ba 4E       		.byte	0x4e
 288 01bb 06       		.uleb128 0x6
 289 01bc BE050000 		.4byte	.LASF60
 290 01c0 4F       		.byte	0x4f
 291 01c1 06       		.uleb128 0x6
 292 01c2 C30A0000 		.4byte	.LASF61
 293 01c6 50       		.byte	0x50
 294 01c7 06       		.uleb128 0x6
 295 01c8 53080000 		.4byte	.LASF62
 296 01cc 51       		.byte	0x51
 297 01cd 06       		.uleb128 0x6
 298 01ce BA040000 		.4byte	.LASF63
 299 01d2 52       		.byte	0x52
 300 01d3 06       		.uleb128 0x6
 301 01d4 C7030000 		.4byte	.LASF64
 302 01d8 53       		.byte	0x53
 303 01d9 06       		.uleb128 0x6
 304 01da 8E020000 		.4byte	.LASF65
 305 01de 54       		.byte	0x54
 306 01df 06       		.uleb128 0x6
 307 01e0 0C0B0000 		.4byte	.LASF66
 308 01e4 55       		.byte	0x55
 309 01e5 06       		.uleb128 0x6
 310 01e6 A10A0000 		.4byte	.LASF67
 311 01ea 56       		.byte	0x56
 312 01eb 06       		.uleb128 0x6
 313 01ec 780A0000 		.4byte	.LASF68
 314 01f0 57       		.byte	0x57
 315 01f1 06       		.uleb128 0x6
 316 01f2 2A070000 		.4byte	.LASF69
 317 01f6 58       		.byte	0x58
 318 01f7 06       		.uleb128 0x6
 319 01f8 7B050000 		.4byte	.LASF70
ARM GAS  C:\Users\ANTONI~1\AppData\Local\Temp\ccU6e5UH.s 			page 9


 320 01fc 70       		.byte	0x70
 321 01fd 06       		.uleb128 0x6
 322 01fe 66090000 		.4byte	.LASF71
 323 0202 71       		.byte	0x71
 324 0203 06       		.uleb128 0x6
 325 0204 DE070000 		.4byte	.LASF72
 326 0208 72       		.byte	0x72
 327 0209 06       		.uleb128 0x6
 328 020a C6020000 		.4byte	.LASF73
 329 020e 73       		.byte	0x73
 330 020f 06       		.uleb128 0x6
 331 0210 2D050000 		.4byte	.LASF74
 332 0214 74       		.byte	0x74
 333 0215 06       		.uleb128 0x6
 334 0216 D4060000 		.4byte	.LASF75
 335 021a 75       		.byte	0x75
 336 021b 06       		.uleb128 0x6
 337 021c E4020000 		.4byte	.LASF76
 338 0220 76       		.byte	0x76
 339 0221 06       		.uleb128 0x6
 340 0222 47090000 		.4byte	.LASF77
 341 0226 77       		.byte	0x77
 342 0227 06       		.uleb128 0x6
 343 0228 AF080000 		.4byte	.LASF78
 344 022c 78       		.byte	0x78
 345 022d 06       		.uleb128 0x6
 346 022e D9080000 		.4byte	.LASF79
 347 0232 79       		.byte	0x79
 348 0233 06       		.uleb128 0x6
 349 0234 340A0000 		.4byte	.LASF80
 350 0238 7A       		.byte	0x7a
 351 0239 06       		.uleb128 0x6
 352 023a 91080000 		.4byte	.LASF81
 353 023e FA       		.byte	0xfa
 354 023f 06       		.uleb128 0x6
 355 0240 DD050000 		.4byte	.LASF82
 356 0244 FB       		.byte	0xfb
 357 0245 06       		.uleb128 0x6
 358 0246 300B0000 		.4byte	.LASF83
 359 024a FC       		.byte	0xfc
 360 024b 06       		.uleb128 0x6
 361 024c 71070000 		.4byte	.LASF84
 362 0250 FD       		.byte	0xfd
 363 0251 06       		.uleb128 0x6
 364 0252 6A0A0000 		.4byte	.LASF85
 365 0256 FF       		.byte	0xff
 366 0257 00       		.byte	0
 367 0258 04       		.uleb128 0x4
 368 0259 E20A0000 		.4byte	.LASF87
 369 025d 03       		.byte	0x3
 370 025e 8901     		.2byte	0x189
 371 0260 6B000000 		.4byte	0x6b
 372 0264 07       		.uleb128 0x7
 373 0265 06       		.byte	0x6
 374 0266 04       		.byte	0x4
 375 0267 55       		.byte	0x55
 376 0268 85020000 		.4byte	0x285
ARM GAS  C:\Users\ANTONI~1\AppData\Local\Temp\ccU6e5UH.s 			page 10


 377 026c 08       		.uleb128 0x8
 378 026d FC080000 		.4byte	.LASF88
 379 0271 04       		.byte	0x4
 380 0272 58       		.byte	0x58
 381 0273 58020000 		.4byte	0x258
 382 0277 00       		.byte	0
 383 0278 08       		.uleb128 0x8
 384 0279 5C020000 		.4byte	.LASF89
 385 027d 04       		.byte	0x4
 386 027e 5A       		.byte	0x5a
 387 027f 85020000 		.4byte	0x285
 388 0283 02       		.byte	0x2
 389 0284 00       		.byte	0
 390 0285 09       		.uleb128 0x9
 391 0286 58020000 		.4byte	0x258
 392 028a 95020000 		.4byte	0x295
 393 028e 0A       		.uleb128 0xa
 394 028f 93000000 		.4byte	0x93
 395 0293 01       		.byte	0x1
 396 0294 00       		.byte	0
 397 0295 0B       		.uleb128 0xb
 398 0296 88030000 		.4byte	.LASF90
 399 029a 04       		.byte	0x4
 400 029b 5C       		.byte	0x5c
 401 029c 64020000 		.4byte	0x264
 402 02a0 07       		.uleb128 0x7
 403 02a1 0E       		.byte	0xe
 404 02a2 04       		.byte	0x4
 405 02a3 5F       		.byte	0x5f
 406 02a4 C1020000 		.4byte	0x2c1
 407 02a8 08       		.uleb128 0x8
 408 02a9 31010000 		.4byte	.LASF91
 409 02ad 04       		.byte	0x4
 410 02ae 62       		.byte	0x62
 411 02af 58020000 		.4byte	0x258
 412 02b3 00       		.byte	0
 413 02b4 08       		.uleb128 0x8
 414 02b5 AF050000 		.4byte	.LASF92
 415 02b9 04       		.byte	0x4
 416 02ba 65       		.byte	0x65
 417 02bb C1020000 		.4byte	0x2c1
 418 02bf 02       		.byte	0x2
 419 02c0 00       		.byte	0
 420 02c1 09       		.uleb128 0x9
 421 02c2 95020000 		.4byte	0x295
 422 02c6 D1020000 		.4byte	0x2d1
 423 02ca 0A       		.uleb128 0xa
 424 02cb 93000000 		.4byte	0x93
 425 02cf 01       		.byte	0x1
 426 02d0 00       		.byte	0
 427 02d1 0B       		.uleb128 0xb
 428 02d2 1D050000 		.4byte	.LASF93
 429 02d6 04       		.byte	0x4
 430 02d7 67       		.byte	0x67
 431 02d8 A0020000 		.4byte	0x2a0
 432 02dc 0C       		.uleb128 0xc
 433 02dd 57010000 		.4byte	.LASF97
ARM GAS  C:\Users\ANTONI~1\AppData\Local\Temp\ccU6e5UH.s 			page 11


 434 02e1 01       		.byte	0x1
 435 02e2 6B       		.byte	0x6b
 436 02e3 00000000 		.4byte	.LFB2
 437 02e7 02000000 		.4byte	.LFE2-.LFB2
 438 02eb 01       		.uleb128 0x1
 439 02ec 9C       		.byte	0x9c
 440 02ed 09       		.uleb128 0x9
 441 02ee FD020000 		.4byte	0x2fd
 442 02f2 FD020000 		.4byte	0x2fd
 443 02f6 0A       		.uleb128 0xa
 444 02f7 93000000 		.4byte	0x93
 445 02fb 01       		.byte	0x1
 446 02fc 00       		.byte	0
 447 02fd 0D       		.uleb128 0xd
 448 02fe D1020000 		.4byte	0x2d1
 449 0302 0E       		.uleb128 0xe
 450 0303 FE0A0000 		.4byte	.LASF98
 451 0307 01       		.byte	0x1
 452 0308 1A       		.byte	0x1a
 453 0309 13030000 		.4byte	0x313
 454 030d 05       		.uleb128 0x5
 455 030e 03       		.byte	0x3
 456 030f 00000000 		.4byte	cyBle_customs
 457 0313 0D       		.uleb128 0xd
 458 0314 ED020000 		.4byte	0x2ed
 459 0318 00       		.byte	0
 460              		.section	.debug_abbrev,"",%progbits
 461              	.Ldebug_abbrev0:
 462 0000 01       		.uleb128 0x1
 463 0001 11       		.uleb128 0x11
 464 0002 01       		.byte	0x1
 465 0003 25       		.uleb128 0x25
 466 0004 0E       		.uleb128 0xe
 467 0005 13       		.uleb128 0x13
 468 0006 0B       		.uleb128 0xb
 469 0007 03       		.uleb128 0x3
 470 0008 0E       		.uleb128 0xe
 471 0009 1B       		.uleb128 0x1b
 472 000a 0E       		.uleb128 0xe
 473 000b 55       		.uleb128 0x55
 474 000c 17       		.uleb128 0x17
 475 000d 11       		.uleb128 0x11
 476 000e 01       		.uleb128 0x1
 477 000f 10       		.uleb128 0x10
 478 0010 17       		.uleb128 0x17
 479 0011 00       		.byte	0
 480 0012 00       		.byte	0
 481 0013 02       		.uleb128 0x2
 482 0014 24       		.uleb128 0x24
 483 0015 00       		.byte	0
 484 0016 0B       		.uleb128 0xb
 485 0017 0B       		.uleb128 0xb
 486 0018 3E       		.uleb128 0x3e
 487 0019 0B       		.uleb128 0xb
 488 001a 03       		.uleb128 0x3
 489 001b 0E       		.uleb128 0xe
 490 001c 00       		.byte	0
ARM GAS  C:\Users\ANTONI~1\AppData\Local\Temp\ccU6e5UH.s 			page 12


 491 001d 00       		.byte	0
 492 001e 03       		.uleb128 0x3
 493 001f 24       		.uleb128 0x24
 494 0020 00       		.byte	0
 495 0021 0B       		.uleb128 0xb
 496 0022 0B       		.uleb128 0xb
 497 0023 3E       		.uleb128 0x3e
 498 0024 0B       		.uleb128 0xb
 499 0025 03       		.uleb128 0x3
 500 0026 08       		.uleb128 0x8
 501 0027 00       		.byte	0
 502 0028 00       		.byte	0
 503 0029 04       		.uleb128 0x4
 504 002a 16       		.uleb128 0x16
 505 002b 00       		.byte	0
 506 002c 03       		.uleb128 0x3
 507 002d 0E       		.uleb128 0xe
 508 002e 3A       		.uleb128 0x3a
 509 002f 0B       		.uleb128 0xb
 510 0030 3B       		.uleb128 0x3b
 511 0031 05       		.uleb128 0x5
 512 0032 49       		.uleb128 0x49
 513 0033 13       		.uleb128 0x13
 514 0034 00       		.byte	0
 515 0035 00       		.byte	0
 516 0036 05       		.uleb128 0x5
 517 0037 04       		.uleb128 0x4
 518 0038 01       		.byte	0x1
 519 0039 0B       		.uleb128 0xb
 520 003a 0B       		.uleb128 0xb
 521 003b 49       		.uleb128 0x49
 522 003c 13       		.uleb128 0x13
 523 003d 3A       		.uleb128 0x3a
 524 003e 0B       		.uleb128 0xb
 525 003f 3B       		.uleb128 0x3b
 526 0040 05       		.uleb128 0x5
 527 0041 01       		.uleb128 0x1
 528 0042 13       		.uleb128 0x13
 529 0043 00       		.byte	0
 530 0044 00       		.byte	0
 531 0045 06       		.uleb128 0x6
 532 0046 28       		.uleb128 0x28
 533 0047 00       		.byte	0
 534 0048 03       		.uleb128 0x3
 535 0049 0E       		.uleb128 0xe
 536 004a 1C       		.uleb128 0x1c
 537 004b 0B       		.uleb128 0xb
 538 004c 00       		.byte	0
 539 004d 00       		.byte	0
 540 004e 07       		.uleb128 0x7
 541 004f 13       		.uleb128 0x13
 542 0050 01       		.byte	0x1
 543 0051 0B       		.uleb128 0xb
 544 0052 0B       		.uleb128 0xb
 545 0053 3A       		.uleb128 0x3a
 546 0054 0B       		.uleb128 0xb
 547 0055 3B       		.uleb128 0x3b
ARM GAS  C:\Users\ANTONI~1\AppData\Local\Temp\ccU6e5UH.s 			page 13


 548 0056 0B       		.uleb128 0xb
 549 0057 01       		.uleb128 0x1
 550 0058 13       		.uleb128 0x13
 551 0059 00       		.byte	0
 552 005a 00       		.byte	0
 553 005b 08       		.uleb128 0x8
 554 005c 0D       		.uleb128 0xd
 555 005d 00       		.byte	0
 556 005e 03       		.uleb128 0x3
 557 005f 0E       		.uleb128 0xe
 558 0060 3A       		.uleb128 0x3a
 559 0061 0B       		.uleb128 0xb
 560 0062 3B       		.uleb128 0x3b
 561 0063 0B       		.uleb128 0xb
 562 0064 49       		.uleb128 0x49
 563 0065 13       		.uleb128 0x13
 564 0066 38       		.uleb128 0x38
 565 0067 0B       		.uleb128 0xb
 566 0068 00       		.byte	0
 567 0069 00       		.byte	0
 568 006a 09       		.uleb128 0x9
 569 006b 01       		.uleb128 0x1
 570 006c 01       		.byte	0x1
 571 006d 49       		.uleb128 0x49
 572 006e 13       		.uleb128 0x13
 573 006f 01       		.uleb128 0x1
 574 0070 13       		.uleb128 0x13
 575 0071 00       		.byte	0
 576 0072 00       		.byte	0
 577 0073 0A       		.uleb128 0xa
 578 0074 21       		.uleb128 0x21
 579 0075 00       		.byte	0
 580 0076 49       		.uleb128 0x49
 581 0077 13       		.uleb128 0x13
 582 0078 2F       		.uleb128 0x2f
 583 0079 0B       		.uleb128 0xb
 584 007a 00       		.byte	0
 585 007b 00       		.byte	0
 586 007c 0B       		.uleb128 0xb
 587 007d 16       		.uleb128 0x16
 588 007e 00       		.byte	0
 589 007f 03       		.uleb128 0x3
 590 0080 0E       		.uleb128 0xe
 591 0081 3A       		.uleb128 0x3a
 592 0082 0B       		.uleb128 0xb
 593 0083 3B       		.uleb128 0x3b
 594 0084 0B       		.uleb128 0xb
 595 0085 49       		.uleb128 0x49
 596 0086 13       		.uleb128 0x13
 597 0087 00       		.byte	0
 598 0088 00       		.byte	0
 599 0089 0C       		.uleb128 0xc
 600 008a 2E       		.uleb128 0x2e
 601 008b 00       		.byte	0
 602 008c 3F       		.uleb128 0x3f
 603 008d 19       		.uleb128 0x19
 604 008e 03       		.uleb128 0x3
ARM GAS  C:\Users\ANTONI~1\AppData\Local\Temp\ccU6e5UH.s 			page 14


 605 008f 0E       		.uleb128 0xe
 606 0090 3A       		.uleb128 0x3a
 607 0091 0B       		.uleb128 0xb
 608 0092 3B       		.uleb128 0x3b
 609 0093 0B       		.uleb128 0xb
 610 0094 27       		.uleb128 0x27
 611 0095 19       		.uleb128 0x19
 612 0096 11       		.uleb128 0x11
 613 0097 01       		.uleb128 0x1
 614 0098 12       		.uleb128 0x12
 615 0099 06       		.uleb128 0x6
 616 009a 40       		.uleb128 0x40
 617 009b 18       		.uleb128 0x18
 618 009c 9742     		.uleb128 0x2117
 619 009e 19       		.uleb128 0x19
 620 009f 00       		.byte	0
 621 00a0 00       		.byte	0
 622 00a1 0D       		.uleb128 0xd
 623 00a2 26       		.uleb128 0x26
 624 00a3 00       		.byte	0
 625 00a4 49       		.uleb128 0x49
 626 00a5 13       		.uleb128 0x13
 627 00a6 00       		.byte	0
 628 00a7 00       		.byte	0
 629 00a8 0E       		.uleb128 0xe
 630 00a9 34       		.uleb128 0x34
 631 00aa 00       		.byte	0
 632 00ab 03       		.uleb128 0x3
 633 00ac 0E       		.uleb128 0xe
 634 00ad 3A       		.uleb128 0x3a
 635 00ae 0B       		.uleb128 0xb
 636 00af 3B       		.uleb128 0x3b
 637 00b0 0B       		.uleb128 0xb
 638 00b1 49       		.uleb128 0x49
 639 00b2 13       		.uleb128 0x13
 640 00b3 3F       		.uleb128 0x3f
 641 00b4 19       		.uleb128 0x19
 642 00b5 02       		.uleb128 0x2
 643 00b6 18       		.uleb128 0x18
 644 00b7 00       		.byte	0
 645 00b8 00       		.byte	0
 646 00b9 00       		.byte	0
 647              		.section	.debug_aranges,"",%progbits
 648 0000 1C000000 		.4byte	0x1c
 649 0004 0200     		.2byte	0x2
 650 0006 00000000 		.4byte	.Ldebug_info0
 651 000a 04       		.byte	0x4
 652 000b 00       		.byte	0
 653 000c 0000     		.2byte	0
 654 000e 0000     		.2byte	0
 655 0010 00000000 		.4byte	.LFB2
 656 0014 02000000 		.4byte	.LFE2-.LFB2
 657 0018 00000000 		.4byte	0
 658 001c 00000000 		.4byte	0
 659              		.section	.debug_ranges,"",%progbits
 660              	.Ldebug_ranges0:
 661 0000 00000000 		.4byte	.LFB2
ARM GAS  C:\Users\ANTONI~1\AppData\Local\Temp\ccU6e5UH.s 			page 15


 662 0004 02000000 		.4byte	.LFE2
 663 0008 00000000 		.4byte	0
 664 000c 00000000 		.4byte	0
 665              		.section	.debug_line,"",%progbits
 666              	.Ldebug_line0:
 667 0000 92000000 		.section	.debug_str,"MS",%progbits,1
 667      02007900 
 667      00000201 
 667      FB0E0D00 
 667      01010101 
 668              	.LASF23:
 669 0000 4359424C 		.ascii	"CYBLE_EVT_GAP_PASSKEY_ENTRY_REQUEST\000"
 669      455F4556 
 669      545F4741 
 669      505F5041 
 669      53534B45 
 670              	.LASF58:
 671 0024 4359424C 		.ascii	"CYBLE_EVT_GATTC_WRITE_RSP\000"
 671      455F4556 
 671      545F4741 
 671      5454435F 
 671      57524954 
 672              	.LASF20:
 673 003e 4359424C 		.ascii	"CYBLE_EVT_MEMORY_REQUEST\000"
 673      455F4556 
 673      545F4D45 
 673      4D4F5259 
 673      5F524551 
 674              	.LASF45:
 675 0057 4359424C 		.ascii	"CYBLE_EVT_GATTC_ERROR_RSP\000"
 675      455F4556 
 675      545F4741 
 675      5454435F 
 675      4552524F 
 676              	.LASF29:
 677 0071 4359424C 		.ascii	"CYBLE_EVT_GAP_DEVICE_DISCONNECTED\000"
 677      455F4556 
 677      545F4741 
 677      505F4445 
 677      56494345 
 678              	.LASF35:
 679 0093 4359424C 		.ascii	"CYBLE_EVT_GAP_KEYPRESS_NOTIFICATION\000"
 679      455F4556 
 679      545F4741 
 679      505F4B45 
 679      59505245 
 680              	.LASF2:
 681 00b7 73686F72 		.ascii	"short int\000"
 681      7420696E 
 681      7400
 682              	.LASF26:
 683 00c1 4359424C 		.ascii	"CYBLE_EVT_GAP_AUTH_FAILED\000"
 683      455F4556 
 683      545F4741 
 683      505F4155 
 683      54485F46 
 684              	.LASF47:
ARM GAS  C:\Users\ANTONI~1\AppData\Local\Temp\ccU6e5UH.s 			page 16


 685 00db 4359424C 		.ascii	"CYBLE_EVT_GATT_DISCONNECT_IND\000"
 685      455F4556 
 685      545F4741 
 685      54545F44 
 685      4953434F 
 686              	.LASF13:
 687 00f9 73697A65 		.ascii	"sizetype\000"
 687      74797065 
 687      00
 688              	.LASF37:
 689 0102 4359424C 		.ascii	"CYBLE_EVT_GAP_DATA_LENGTH_CHANGE\000"
 689      455F4556 
 689      545F4741 
 689      505F4441 
 689      54415F4C 
 690              	.LASF6:
 691 0123 6C6F6E67 		.ascii	"long long int\000"
 691      206C6F6E 
 691      6720696E 
 691      7400
 692              	.LASF91:
 693 0131 63757374 		.ascii	"customServHandle\000"
 693      6F6D5365 
 693      72764861 
 693      6E646C65 
 693      00
 694              	.LASF18:
 695 0142 4359424C 		.ascii	"CYBLE_EVT_HCI_STATUS\000"
 695      455F4556 
 695      545F4843 
 695      495F5354 
 695      41545553 
 696              	.LASF97:
 697 0157 4379426C 		.ascii	"CyBle_CustomInit\000"
 697      655F4375 
 697      73746F6D 
 697      496E6974 
 697      00
 698              	.LASF15:
 699 0168 4359424C 		.ascii	"CYBLE_EVT_STACK_ON\000"
 699      455F4556 
 699      545F5354 
 699      41434B5F 
 699      4F4E00
 700              	.LASF44:
 701 017b 4359424C 		.ascii	"CYBLE_EVT_GAP_SMP_LOC_P256_KEYS_GEN_AND_SET_COMPLET"
 701      455F4556 
 701      545F4741 
 701      505F534D 
 701      505F4C4F 
 702 01ae 4500     		.ascii	"E\000"
 703              	.LASF48:
 704 01b0 4359424C 		.ascii	"CYBLE_EVT_GATTS_XCNHG_MTU_REQ\000"
 704      455F4556 
 704      545F4741 
 704      5454535F 
 704      58434E48 
ARM GAS  C:\Users\ANTONI~1\AppData\Local\Temp\ccU6e5UH.s 			page 17


 705              	.LASF94:
 706 01ce 474E5520 		.ascii	"GNU C11 5.4.1 20160609 (release) [ARM/embedded-5-br"
 706      43313120 
 706      352E342E 
 706      31203230 
 706      31363036 
 707 0201 616E6368 		.ascii	"anch revision 237715] -mcpu=cortex-m0 -mthumb -g -O"
 707      20726576 
 707      6973696F 
 707      6E203233 
 707      37373135 
 708 0234 67202D66 		.ascii	"g -ffunction-sections -ffat-lto-objects\000"
 708      66756E63 
 708      74696F6E 
 708      2D736563 
 708      74696F6E 
 709              	.LASF89:
 710 025c 63757374 		.ascii	"customServCharDesc\000"
 710      6F6D5365 
 710      72764368 
 710      61724465 
 710      736300
 711              	.LASF56:
 712 026f 4359424C 		.ascii	"CYBLE_EVT_GATTC_READ_MULTI_RSP\000"
 712      455F4556 
 712      545F4741 
 712      5454435F 
 712      52454144 
 713              	.LASF65:
 714 028e 4359424C 		.ascii	"CYBLE_EVT_GATTS_HANDLE_VALUE_CNF\000"
 714      455F4556 
 714      545F4741 
 714      5454535F 
 714      48414E44 
 715              	.LASF14:
 716 02af 4359424C 		.ascii	"CYBLE_EVT_HOST_INVALID\000"
 716      455F4556 
 716      545F484F 
 716      53545F49 
 716      4E56414C 
 717              	.LASF73:
 718 02c6 4359424C 		.ascii	"CYBLE_EVT_L2CAP_CBFC_CONN_IND\000"
 718      455F4556 
 718      545F4C32 
 718      4341505F 
 718      43424643 
 719              	.LASF76:
 720 02e4 4359424C 		.ascii	"CYBLE_EVT_L2CAP_CBFC_DISCONN_CNF\000"
 720      455F4556 
 720      545F4C32 
 720      4341505F 
 720      43424643 
 721              	.LASF9:
 722 0305 666C6F61 		.ascii	"float\000"
 722      7400
 723              	.LASF54:
 724 030b 4359424C 		.ascii	"CYBLE_EVT_GATTC_READ_RSP\000"
ARM GAS  C:\Users\ANTONI~1\AppData\Local\Temp\ccU6e5UH.s 			page 18


 724      455F4556 
 724      545F4741 
 724      5454435F 
 724      52454144 
 725              	.LASF34:
 726 0324 4359424C 		.ascii	"CYBLE_EVT_GAP_NUMERIC_COMPARISON_REQUEST\000"
 726      455F4556 
 726      545F4741 
 726      505F4E55 
 726      4D455249 
 727              	.LASF95:
 728 034d 47656E65 		.ascii	"Generated_Source\\PSoC4\\BLE_custom.c\000"
 728      72617465 
 728      645F536F 
 728      75726365 
 728      5C50536F 
 729              	.LASF7:
 730 0371 6C6F6E67 		.ascii	"long long unsigned int\000"
 730      206C6F6E 
 730      6720756E 
 730      7369676E 
 730      65642069 
 731              	.LASF90:
 732 0388 4359424C 		.ascii	"CYBLE_CUSTOMS_INFO_T\000"
 732      455F4355 
 732      53544F4D 
 732      535F494E 
 732      464F5F54 
 733              	.LASF43:
 734 039d 4359424C 		.ascii	"CYBLE_EVT_GAP_AUTH_REQ_REPLY_ERR\000"
 734      455F4556 
 734      545F4741 
 734      505F4155 
 734      54485F52 
 735              	.LASF4:
 736 03be 6C6F6E67 		.ascii	"long int\000"
 736      20696E74 
 736      00
 737              	.LASF64:
 738 03c7 4359424C 		.ascii	"CYBLE_EVT_GATTC_HANDLE_VALUE_IND\000"
 738      455F4556 
 738      545F4741 
 738      5454435F 
 738      48414E44 
 739              	.LASF96:
 740 03e8 433A5C55 		.ascii	"C:\\Users\\AntonioFrancisco\\Desktop\\TFG Bluetooth"
 740      73657273 
 740      5C416E74 
 740      6F6E696F 
 740      4672616E 
 741 0417 204C6F77 		.ascii	" Low Energy\\TFG PSoC\\TFG_BluetoothLowEnergy\\Blue"
 741      20456E65 
 741      7267795C 
 741      54464720 
 741      50536F43 
 742 0447 746F6F74 		.ascii	"toothLowEnergy\\TFG_BluetoothLowEnergy.cydsn\000"
 742      684C6F77 
ARM GAS  C:\Users\ANTONI~1\AppData\Local\Temp\ccU6e5UH.s 			page 19


 742      456E6572 
 742      67795C54 
 742      46475F42 
 743              	.LASF28:
 744 0473 4359424C 		.ascii	"CYBLE_EVT_GAP_DEVICE_CONNECTED\000"
 744      455F4556 
 744      545F4741 
 744      505F4445 
 744      56494345 
 745              	.LASF27:
 746 0492 4359424C 		.ascii	"CYBLE_EVT_GAPP_ADVERTISEMENT_START_STOP\000"
 746      455F4556 
 746      545F4741 
 746      50505F41 
 746      44564552 
 747              	.LASF63:
 748 04ba 4359424C 		.ascii	"CYBLE_EVT_GATTC_HANDLE_VALUE_NTF\000"
 748      455F4556 
 748      545F4741 
 748      5454435F 
 748      48414E44 
 749              	.LASF19:
 750 04db 4359424C 		.ascii	"CYBLE_EVT_STACK_BUSY_STATUS\000"
 750      455F4556 
 750      545F5354 
 750      41434B5F 
 750      42555359 
 751              	.LASF24:
 752 04f7 4359424C 		.ascii	"CYBLE_EVT_GAP_PASSKEY_DISPLAY_REQUEST\000"
 752      455F4556 
 752      545F4741 
 752      505F5041 
 752      53534B45 
 753              	.LASF93:
 754 051d 4359424C 		.ascii	"CYBLE_CUSTOMS_T\000"
 754      455F4355 
 754      53544F4D 
 754      535F5400 
 755              	.LASF74:
 756 052d 4359424C 		.ascii	"CYBLE_EVT_L2CAP_CBFC_CONN_CNF\000"
 756      455F4556 
 756      545F4C32 
 756      4341505F 
 756      43424643 
 757              	.LASF38:
 758 054b 4359424C 		.ascii	"CYBLE_EVT_GAP_ENHANCE_CONN_COMPLETE\000"
 758      455F4556 
 758      545F4741 
 758      505F454E 
 758      48414E43 
 759              	.LASF12:
 760 056f 6C6F6E67 		.ascii	"long double\000"
 760      20646F75 
 760      626C6500 
 761              	.LASF70:
 762 057b 4359424C 		.ascii	"CYBLE_EVT_L2CAP_CONN_PARAM_UPDATE_REQ\000"
 762      455F4556 
ARM GAS  C:\Users\ANTONI~1\AppData\Local\Temp\ccU6e5UH.s 			page 20


 762      545F4C32 
 762      4341505F 
 762      434F4E4E 
 763              	.LASF1:
 764 05a1 756E7369 		.ascii	"unsigned char\000"
 764      676E6564 
 764      20636861 
 764      7200
 765              	.LASF92:
 766 05af 63757374 		.ascii	"customServInfo\000"
 766      6F6D5365 
 766      7276496E 
 766      666F00
 767              	.LASF60:
 768 05be 4359424C 		.ascii	"CYBLE_EVT_GATTS_PREP_WRITE_REQ\000"
 768      455F4556 
 768      545F4741 
 768      5454535F 
 768      50524550 
 769              	.LASF82:
 770 05dd 4359424C 		.ascii	"CYBLE_EVT_LE_PING_AUTH_TIMEOUT\000"
 770      455F4556 
 770      545F4C45 
 770      5F50494E 
 770      475F4155 
 771              	.LASF52:
 772 05fc 4359424C 		.ascii	"CYBLE_EVT_GATTC_FIND_INFO_RSP\000"
 772      455F4556 
 772      545F4741 
 772      5454435F 
 772      46494E44 
 773              	.LASF0:
 774 061a 7369676E 		.ascii	"signed char\000"
 774      65642063 
 774      68617200 
 775              	.LASF57:
 776 0626 4359424C 		.ascii	"CYBLE_EVT_GATTS_WRITE_REQ\000"
 776      455F4556 
 776      545F4741 
 776      5454535F 
 776      57524954 
 777              	.LASF53:
 778 0640 4359424C 		.ascii	"CYBLE_EVT_GATTC_FIND_BY_TYPE_VALUE_RSP\000"
 778      455F4556 
 778      545F4741 
 778      5454435F 
 778      46494E44 
 779              	.LASF25:
 780 0667 4359424C 		.ascii	"CYBLE_EVT_GAP_AUTH_COMPLETE\000"
 780      455F4556 
 780      545F4741 
 780      505F4155 
 780      54485F43 
 781              	.LASF8:
 782 0683 756E7369 		.ascii	"unsigned int\000"
 782      676E6564 
 782      20696E74 
ARM GAS  C:\Users\ANTONI~1\AppData\Local\Temp\ccU6e5UH.s 			page 21


 782      00
 783              	.LASF46:
 784 0690 4359424C 		.ascii	"CYBLE_EVT_GATT_CONNECT_IND\000"
 784      455F4556 
 784      545F4741 
 784      54545F43 
 784      4F4E4E45 
 785              	.LASF5:
 786 06ab 6C6F6E67 		.ascii	"long unsigned int\000"
 786      20756E73 
 786      69676E65 
 786      6420696E 
 786      7400
 787              	.LASF22:
 788 06bd 4359424C 		.ascii	"CYBLE_EVT_GAP_AUTH_REQ\000"
 788      455F4556 
 788      545F4741 
 788      505F4155 
 788      54485F52 
 789              	.LASF75:
 790 06d4 4359424C 		.ascii	"CYBLE_EVT_L2CAP_CBFC_DISCONN_IND\000"
 790      455F4556 
 790      545F4C32 
 790      4341505F 
 790      43424643 
 791              	.LASF30:
 792 06f5 4359424C 		.ascii	"CYBLE_EVT_GAP_ENCRYPT_CHANGE\000"
 792      455F4556 
 792      545F4741 
 792      505F454E 
 792      43525950 
 793              	.LASF41:
 794 0712 4359424C 		.ascii	"CYBLE_EVT_GAP_CONN_ESTB\000"
 794      455F4556 
 794      545F4741 
 794      505F434F 
 794      4E4E5F45 
 795              	.LASF69:
 796 072a 4359424C 		.ascii	"CYBLE_EVT_GATTC_LONG_PROCEDURE_END\000"
 796      455F4556 
 796      545F4741 
 796      5454435F 
 796      4C4F4E47 
 797              	.LASF33:
 798 074d 4359424C 		.ascii	"CYBLE_EVT_GAP_KEYINFO_EXCHNGE_CMPLT\000"
 798      455F4556 
 798      545F4741 
 798      505F4B45 
 798      59494E46 
 799              	.LASF84:
 800 0771 4359424C 		.ascii	"CYBLE_EVT_FLASH_CORRUPT\000"
 800      455F4556 
 800      545F464C 
 800      4153485F 
 800      434F5252 
 801              	.LASF31:
 802 0789 4359424C 		.ascii	"CYBLE_EVT_GAP_CONNECTION_UPDATE_COMPLETE\000"
ARM GAS  C:\Users\ANTONI~1\AppData\Local\Temp\ccU6e5UH.s 			page 22


 802      455F4556 
 802      545F4741 
 802      505F434F 
 802      4E4E4543 
 803              	.LASF40:
 804 07b2 4359424C 		.ascii	"CYBLE_EVT_GAP_SMP_NEGOTIATED_AUTH_INFO\000"
 804      455F4556 
 804      545F4741 
 804      505F534D 
 804      505F4E45 
 805              	.LASF11:
 806 07d9 63686172 		.ascii	"char\000"
 806      00
 807              	.LASF72:
 808 07de 4359424C 		.ascii	"CYBLE_EVT_L2CAP_COMMAND_REJ\000"
 808      455F4556 
 808      545F4C32 
 808      4341505F 
 808      434F4D4D 
 809              	.LASF3:
 810 07fa 73686F72 		.ascii	"short unsigned int\000"
 810      7420756E 
 810      7369676E 
 810      65642069 
 810      6E7400
 811              	.LASF39:
 812 080d 4359424C 		.ascii	"CYBLE_EVT_GAPC_DIRECT_ADV_REPORT\000"
 812      455F4556 
 812      545F4741 
 812      50435F44 
 812      49524543 
 813              	.LASF86:
 814 082e 75696E74 		.ascii	"uint16\000"
 814      313600
 815              	.LASF55:
 816 0835 4359424C 		.ascii	"CYBLE_EVT_GATTC_READ_BLOB_RSP\000"
 816      455F4556 
 816      545F4741 
 816      5454435F 
 816      52454144 
 817              	.LASF62:
 818 0853 4359424C 		.ascii	"CYBLE_EVT_GATTC_EXEC_WRITE_RSP\000"
 818      455F4556 
 818      545F4741 
 818      5454435F 
 818      45584543 
 819              	.LASF32:
 820 0872 4359424C 		.ascii	"CYBLE_EVT_GAPC_SCAN_START_STOP\000"
 820      455F4556 
 820      545F4741 
 820      50435F53 
 820      43414E5F 
 821              	.LASF81:
 822 0891 4359424C 		.ascii	"CYBLE_EVT_PENDING_FLASH_WRITE\000"
 822      455F4556 
 822      545F5045 
 822      4E44494E 
ARM GAS  C:\Users\ANTONI~1\AppData\Local\Temp\ccU6e5UH.s 			page 23


 822      475F464C 
 823              	.LASF78:
 824 08af 4359424C 		.ascii	"CYBLE_EVT_L2CAP_CBFC_RX_CREDIT_IND\000"
 824      455F4556 
 824      545F4C32 
 824      4341505F 
 824      43424643 
 825              	.LASF10:
 826 08d2 646F7562 		.ascii	"double\000"
 826      6C6500
 827              	.LASF79:
 828 08d9 4359424C 		.ascii	"CYBLE_EVT_L2CAP_CBFC_TX_CREDIT_IND\000"
 828      455F4556 
 828      545F4C32 
 828      4341505F 
 828      43424643 
 829              	.LASF88:
 830 08fc 63757374 		.ascii	"customServCharHandle\000"
 830      6F6D5365 
 830      72764368 
 830      61724861 
 830      6E646C65 
 831              	.LASF42:
 832 0911 4359424C 		.ascii	"CYBLE_EVT_GAP_SCAN_REQ_RECVD\000"
 832      455F4556 
 832      545F4741 
 832      505F5343 
 832      414E5F52 
 833              	.LASF17:
 834 092e 4359424C 		.ascii	"CYBLE_EVT_HARDWARE_ERROR\000"
 834      455F4556 
 834      545F4841 
 834      52445741 
 834      52455F45 
 835              	.LASF77:
 836 0947 4359424C 		.ascii	"CYBLE_EVT_L2CAP_CBFC_DATA_READ\000"
 836      455F4556 
 836      545F4C32 
 836      4341505F 
 836      43424643 
 837              	.LASF71:
 838 0966 4359424C 		.ascii	"CYBLE_EVT_L2CAP_CONN_PARAM_UPDATE_RSP\000"
 838      455F4556 
 838      545F4C32 
 838      4341505F 
 838      434F4E4E 
 839              	.LASF21:
 840 098c 4359424C 		.ascii	"CYBLE_EVT_GAPC_SCAN_PROGRESS_RESULT\000"
 840      455F4556 
 840      545F4741 
 840      50435F53 
 840      43414E5F 
 841              	.LASF50:
 842 09b0 4359424C 		.ascii	"CYBLE_EVT_GATTC_READ_BY_GROUP_TYPE_RSP\000"
 842      455F4556 
 842      545F4741 
 842      5454435F 
ARM GAS  C:\Users\ANTONI~1\AppData\Local\Temp\ccU6e5UH.s 			page 24


 842      52454144 
 843              	.LASF59:
 844 09d7 4359424C 		.ascii	"CYBLE_EVT_GATTS_WRITE_CMD_REQ\000"
 844      455F4556 
 844      545F4741 
 844      5454535F 
 844      57524954 
 845              	.LASF51:
 846 09f5 4359424C 		.ascii	"CYBLE_EVT_GATTC_READ_BY_TYPE_RSP\000"
 846      455F4556 
 846      545F4741 
 846      5454435F 
 846      52454144 
 847              	.LASF49:
 848 0a16 4359424C 		.ascii	"CYBLE_EVT_GATTC_XCHNG_MTU_RSP\000"
 848      455F4556 
 848      545F4741 
 848      5454435F 
 848      5843484E 
 849              	.LASF80:
 850 0a34 4359424C 		.ascii	"CYBLE_EVT_L2CAP_CBFC_DATA_WRITE_IND\000"
 850      455F4556 
 850      545F4C32 
 850      4341505F 
 850      43424643 
 851              	.LASF16:
 852 0a58 4359424C 		.ascii	"CYBLE_EVT_TIMEOUT\000"
 852      455F4556 
 852      545F5449 
 852      4D454F55 
 852      5400
 853              	.LASF85:
 854 0a6a 4359424C 		.ascii	"CYBLE_EVT_MAX\000"
 854      455F4556 
 854      545F4D41 
 854      5800
 855              	.LASF68:
 856 0a78 4359424C 		.ascii	"CYBLE_EVT_GATTS_READ_CHAR_VAL_ACCESS_REQ\000"
 856      455F4556 
 856      545F4741 
 856      5454535F 
 856      52454144 
 857              	.LASF67:
 858 0aa1 4359424C 		.ascii	"CYBLE_EVT_GATTC_STOP_CMD_COMPLETE\000"
 858      455F4556 
 858      545F4741 
 858      5454435F 
 858      53544F50 
 859              	.LASF61:
 860 0ac3 4359424C 		.ascii	"CYBLE_EVT_GATTS_EXEC_WRITE_REQ\000"
 860      455F4556 
 860      545F4741 
 860      5454535F 
 860      45584543 
 861              	.LASF87:
 862 0ae2 4359424C 		.ascii	"CYBLE_GATT_DB_ATTR_HANDLE_T\000"
 862      455F4741 
ARM GAS  C:\Users\ANTONI~1\AppData\Local\Temp\ccU6e5UH.s 			page 25


 862      54545F44 
 862      425F4154 
 862      54525F48 
 863              	.LASF98:
 864 0afe 6379426C 		.ascii	"cyBle_customs\000"
 864      655F6375 
 864      73746F6D 
 864      7300
 865              	.LASF66:
 866 0b0c 4359424C 		.ascii	"CYBLE_EVT_GATTS_DATA_SIGNED_CMD_REQ\000"
 866      455F4556 
 866      545F4741 
 866      5454535F 
 866      44415441 
 867              	.LASF83:
 868 0b30 4359424C 		.ascii	"CYBLE_EVT_HCI_PKT\000"
 868      455F4556 
 868      545F4843 
 868      495F504B 
 868      5400
 869              	.LASF36:
 870 0b42 4359424C 		.ascii	"CYBLE_EVT_GAP_OOB_GENERATED_NOTIFICATION\000"
 870      455F4556 
 870      545F4741 
 870      505F4F4F 
 870      425F4745 
 871              		.ident	"GCC: (GNU Tools for ARM Embedded Processors) 5.4.1 20160609 (release) [ARM/embedded-5-bran
